2017-10-23 08:56:21 | ::1 | /index.php/public/uploads/201709/201709280949108441040.png |defaultåº”ç”¨é‡Œ:controller\public_controller.phpä¸å­˜åœ¨
2017-10-23 08:56:21 | ::1 | /index.php/public/uploads/201710/201710121022093519439.png |defaultåº”ç”¨é‡Œ:controller\public_controller.phpä¸å­˜åœ¨
2017-10-23 08:56:21 | ::1 | /index.php/public/uploads/201709/201709280949212326873.png |defaultåº”ç”¨é‡Œ:controller\public_controller.phpä¸å­˜åœ¨
2017-10-23 08:56:30 | ::1 | /index.php/public/uploads/201709/201709182210376979034.png |defaultåº”ç”¨é‡Œ:controller\public_controller.phpä¸å­˜åœ¨
2017-10-23 08:56:30 | ::1 | /index.php/public/uploads/201709/201709190934208884338.png |defaultåº”ç”¨é‡Œ:controller\public_controller.phpä¸å­˜åœ¨
2017-10-23 08:56:30 | ::1 | /index.php/public/uploads/201709/201709280949108441040.png |defaultåº”ç”¨é‡Œ:controller\public_controller.phpä¸å­˜åœ¨
2017-10-23 08:56:30 | ::1 | /index.php/public/uploads/201709/201709280949212326873.png |defaultåº”ç”¨é‡Œ:controller\public_controller.phpä¸å­˜åœ¨
2017-10-23 08:56:30 | ::1 | /index.php/public/uploads/201710/201710121022093519439.png |defaultåº”ç”¨é‡Œ:controller\public_controller.phpä¸å­˜åœ¨
2017-10-23 08:56:30 | ::1 | /index.php/public/uploads/201709/201709280949108441040.png |defaultåº”ç”¨é‡Œ:controller\public_controller.phpä¸å­˜åœ¨
2017-10-23 09:09:42 | ::1 | /index.php/public/uploads/201709/201709281344311453186.jpg |defaultåº”ç”¨é‡Œ:controller\public_controller.phpä¸å­˜åœ¨
2017-10-23 09:09:42 | ::1 | /index.php/public/uploads/201709/201709281344207151519.jpg |defaultåº”ç”¨é‡Œ:controller\public_controller.phpä¸å­˜åœ¨
2017-10-23 09:09:42 | ::1 | /index.php/public/uploads/201709/201709281344444006683.jpg |defaultåº”ç”¨é‡Œ:controller\public_controller.phpä¸å­˜åœ¨
2017-10-23 09:09:42 | ::1 | /index.php/public/uploads/201709/201709281344311453186.jpg |defaultåº”ç”¨é‡Œ:controller\public_controller.phpä¸å­˜åœ¨
2017-10-23 09:10:11 | ::1 | /index.php/public/uploads/201709/201709182210376979034.png |defaultåº”ç”¨é‡Œ:controller\public_controller.phpä¸å­˜åœ¨
2017-10-23 09:10:11 | ::1 | /index.php/public/uploads/201709/201709190934208884338.png |defaultåº”ç”¨é‡Œ:controller\public_controller.phpä¸å­˜åœ¨
2017-10-23 09:10:11 | ::1 | /index.php/public/uploads/201709/201709280949108441040.png |defaultåº”ç”¨é‡Œ:controller\public_controller.phpä¸å­˜åœ¨
2017-10-23 09:10:11 | ::1 | /index.php/public/uploads/201709/201709280949212326873.png |defaultåº”ç”¨é‡Œ:controller\public_controller.phpä¸å­˜åœ¨
2017-10-23 09:10:11 | ::1 | /index.php/public/uploads/201710/201710121022093519439.png |defaultåº”ç”¨é‡Œ:controller\public_controller.phpä¸å­˜åœ¨
2017-10-23 09:10:11 | ::1 | /index.php/public/uploads/201709/201709280949108441040.png |defaultåº”ç”¨é‡Œ:controller\public_controller.phpä¸å­˜åœ¨
2017-10-23 09:24:01 | ::1 | /index.php/admin/content/movedata/pid-75.html |SQLè¯­å¥é”™è¯¯: insert into f_zonglanmu(pid,fid,is_pass,is_best,add_time,href,name) select pid,0,is_pass,is_best,add_time,href,name from f_zonglanmu where id in ()è¯­å¥ =>SQLSTATE[42000]: Syntax error or access violation: 1064 You have an error in your SQL syntax; check the manual that corresponds to your MySQL server version for the right syntax to use near ')' at line 1
2017-10-23 09:24:03 | ::1 | /index.php/admin/content/movedata/pid-75.html |SQLè¯­å¥é”™è¯¯: insert into f_zonglanmu(pid,fid,is_pass,is_best,add_time,href,name) select pid,0,is_pass,is_best,add_time,href,name from f_zonglanmu where id in ()è¯­å¥ =>SQLSTATE[42000]: Syntax error or access violation: 1064 You have an error in your SQL syntax; check the manual that corresponds to your MySQL server version for the right syntax to use near ')' at line 1
2017-10-23 09:24:03 | ::1 | /index.php/admin/content/movedata/pid-75.html |SQLè¯­å¥é”™è¯¯: insert into f_zonglanmu(pid,fid,is_pass,is_best,add_time,href,name) select pid,0,is_pass,is_best,add_time,href,name from f_zonglanmu where id in ()è¯­å¥ =>SQLSTATE[42000]: Syntax error or access violation: 1064 You have an error in your SQL syntax; check the manual that corresponds to your MySQL server version for the right syntax to use near ')' at line 1
2017-10-23 09:24:03 | ::1 | /index.php/admin/content/movedata/pid-75.html |SQLè¯­å¥é”™è¯¯: insert into f_zonglanmu(pid,fid,is_pass,is_best,add_time,href,name) select pid,0,is_pass,is_best,add_time,href,name from f_zonglanmu where id in ()è¯­å¥ =>SQLSTATE[42000]: Syntax error or access violation: 1064 You have an error in your SQL syntax; check the manual that corresponds to your MySQL server version for the right syntax to use near ')' at line 1
2017-10-23 09:24:03 | ::1 | /index.php/admin/content/movedata/pid-75.html |SQLè¯­å¥é”™è¯¯: insert into f_zonglanmu(pid,fid,is_pass,is_best,add_time,href,name) select pid,0,is_pass,is_best,add_time,href,name from f_zonglanmu where id in ()è¯­å¥ =>SQLSTATE[42000]: Syntax error or access violation: 1064 You have an error in your SQL syntax; check the manual that corresponds to your MySQL server version for the right syntax to use near ')' at line 1
2017-10-23 09:24:04 | ::1 | /index.php/admin/content/movedata/pid-75.html |SQLè¯­å¥é”™è¯¯: insert into f_zonglanmu(pid,fid,is_pass,is_best,add_time,href,name) select pid,0,is_pass,is_best,add_time,href,name from f_zonglanmu where id in ()è¯­å¥ =>SQLSTATE[42000]: Syntax error or access violation: 1064 You have an error in your SQL syntax; check the manual that corresponds to your MySQL server version for the right syntax to use near ')' at line 1
2017-10-23 09:29:10 | ::1 | /index.php/public/uploads/201709/201709281037598190826.jpg |defaultåº”ç”¨é‡Œ:controller\public_controller.phpä¸å­˜åœ¨
2017-10-23 09:29:10 | ::1 | /index.php/public/uploads/201709/201709281038095612609.jpg |defaultåº”ç”¨é‡Œ:controller\public_controller.phpä¸å­˜åœ¨
2017-10-23 09:29:20 | ::1 | /index.php/public/uploads/201709/201709182210376979034.png |defaultåº”ç”¨é‡Œ:controller\public_controller.phpä¸å­˜åœ¨
2017-10-23 09:29:20 | ::1 | /index.php/public/uploads/201709/201709190934208884338.png |defaultåº”ç”¨é‡Œ:controller\public_controller.phpä¸å­˜åœ¨
2017-10-23 09:29:20 | ::1 | /index.php/public/uploads/201709/201709280949108441040.png |defaultåº”ç”¨é‡Œ:controller\public_controller.phpä¸å­˜åœ¨
2017-10-23 09:29:20 | ::1 | /index.php/public/uploads/201709/201709280949212326873.png |defaultåº”ç”¨é‡Œ:controller\public_controller.phpä¸å­˜åœ¨
2017-10-23 09:29:20 | ::1 | /index.php/public/uploads/201710/201710121022093519439.png |defaultåº”ç”¨é‡Œ:controller\public_controller.phpä¸å­˜åœ¨
2017-10-23 09:29:21 | ::1 | /index.php/public/uploads/201709/201709280949108441040.png |defaultåº”ç”¨é‡Œ:controller\public_controller.phpä¸å­˜åœ¨
2017-10-23 09:30:10 | ::1 | /index.php/public/uploads/201709/201709182210376979034.png |defaultåº”ç”¨é‡Œ:controller\public_controller.phpä¸å­˜åœ¨
2017-10-23 09:30:11 | ::1 | /index.php/public/uploads/201709/201709190934208884338.png |defaultåº”ç”¨é‡Œ:controller\public_controller.phpä¸å­˜åœ¨
2017-10-23 09:30:11 | ::1 | /index.php/public/uploads/201709/201709280949108441040.png |defaultåº”ç”¨é‡Œ:controller\public_controller.phpä¸å­˜åœ¨
2017-10-23 09:30:11 | ::1 | /index.php/public/uploads/201709/201709280949212326873.png |defaultåº”ç”¨é‡Œ:controller\public_controller.phpä¸å­˜åœ¨
2017-10-23 09:30:11 | ::1 | /index.php/public/uploads/201710/201710121022093519439.png |defaultåº”ç”¨é‡Œ:controller\public_controller.phpä¸å­˜åœ¨
2017-10-23 09:30:11 | ::1 | /index.php/public/uploads/201709/201709280949108441040.png |defaultåº”ç”¨é‡Œ:controller\public_controller.phpä¸å­˜åœ¨
2017-10-23 09:32:22 | ::1 | /index.php/public/uploads/201709/201709182210376979034.png |defaultåº”ç”¨é‡Œ:controller\public_controller.phpä¸å­˜åœ¨
2017-10-23 09:32:22 | ::1 | /index.php/public/uploads/201709/201709190934208884338.png |defaultåº”ç”¨é‡Œ:controller\public_controller.phpä¸å­˜åœ¨
2017-10-23 09:32:22 | ::1 | /index.php/public/uploads/201709/201709280949108441040.png |defaultåº”ç”¨é‡Œ:controller\public_controller.phpä¸å­˜åœ¨
2017-10-23 09:32:22 | ::1 | /index.php/public/uploads/201709/201709280949212326873.png |defaultåº”ç”¨é‡Œ:controller\public_controller.phpä¸å­˜åœ¨
2017-10-23 09:32:22 | ::1 | /index.php/public/uploads/201710/201710121022093519439.png |defaultåº”ç”¨é‡Œ:controller\public_controller.phpä¸å­˜åœ¨
2017-10-23 09:32:22 | ::1 | /index.php/public/uploads/201709/201709182210376979034.png |defaultåº”ç”¨é‡Œ:controller\public_controller.phpä¸å­˜åœ¨
2017-10-23 09:32:22 | ::1 | /index.php/public/uploads/201709/201709190934208884338.png |defaultåº”ç”¨é‡Œ:controller\public_controller.phpä¸å­˜åœ¨
2017-10-23 09:32:22 | ::1 | /index.php/public/uploads/201709/201709280949108441040.png |defaultåº”ç”¨é‡Œ:controller\public_controller.phpä¸å­˜åœ¨
2017-10-23 09:32:22 | ::1 | /index.php/public/uploads/201709/201709280949212326873.png |defaultåº”ç”¨é‡Œ:controller\public_controller.phpä¸å­˜åœ¨
2017-10-23 09:32:22 | ::1 | /index.php/public/uploads/201710/201710121022093519439.png |defaultåº”ç”¨é‡Œ:controller\public_controller.phpä¸å­˜åœ¨
2017-10-23 09:32:22 | ::1 | /index.php/public/uploads/201709/201709280949108441040.png |defaultåº”ç”¨é‡Œ:controller\public_controller.phpä¸å­˜åœ¨
2017-10-23 09:32:25 | ::1 | /index.php/public/uploads/201709/201709182210376979034.png |defaultåº”ç”¨é‡Œ:controller\public_controller.phpä¸å­˜åœ¨
2017-10-23 09:32:25 | ::1 | /index.php/public/uploads/201709/201709190934208884338.png |defaultåº”ç”¨é‡Œ:controller\public_controller.phpä¸å­˜åœ¨
2017-10-23 09:32:25 | ::1 | /index.php/public/uploads/201709/201709280949108441040.png |defaultåº”ç”¨é‡Œ:controller\public_controller.phpä¸å­˜åœ¨
2017-10-23 09:32:25 | ::1 | /index.php/public/uploads/201709/201709280949212326873.png |defaultåº”ç”¨é‡Œ:controller\public_controller.phpä¸å­˜åœ¨
2017-10-23 09:32:25 | ::1 | /index.php/public/uploads/201710/201710121022093519439.png |defaultåº”ç”¨é‡Œ:controller\public_controller.phpä¸å­˜åœ¨
2017-10-23 09:32:25 | ::1 | /index.php/public/uploads/201709/201709280949108441040.png |defaultåº”ç”¨é‡Œ:controller\public_controller.phpä¸å­˜åœ¨
2017-10-23 09:32:27 | ::1 | /index.php/public/uploads/201709/201709182210376979034.png |defaultåº”ç”¨é‡Œ:controller\public_controller.phpä¸å­˜åœ¨
2017-10-23 09:32:27 | ::1 | /index.php/public/uploads/201709/201709190934208884338.png |defaultåº”ç”¨é‡Œ:controller\public_controller.phpä¸å­˜åœ¨
2017-10-23 09:32:27 | ::1 | /index.php/public/uploads/201709/201709280949108441040.png |defaultåº”ç”¨é‡Œ:controller\public_controller.phpä¸å­˜åœ¨
2017-10-23 09:32:27 | ::1 | /index.php/public/uploads/201709/201709280949212326873.png |defaultåº”ç”¨é‡Œ:controller\public_controller.phpä¸å­˜åœ¨
2017-10-23 09:32:27 | ::1 | /index.php/public/uploads/201710/201710121022093519439.png |defaultåº”ç”¨é‡Œ:controller\public_controller.phpä¸å­˜åœ¨
2017-10-23 09:32:28 | ::1 | /index.php/public/uploads/201709/201709280949108441040.png |defaultåº”ç”¨é‡Œ:controller\public_controller.phpä¸å­˜åœ¨
2017-10-23 09:33:53 | ::1 | /index.php/public/uploads/201709/201709182210376979034.png |defaultåº”ç”¨é‡Œ:controller\public_controller.phpä¸å­˜åœ¨
2017-10-23 09:33:53 | ::1 | /index.php/public/uploads/201709/201709190934208884338.png |defaultåº”ç”¨é‡Œ:controller\public_controller.phpä¸å­˜åœ¨
2017-10-23 09:33:53 | ::1 | /index.php/public/uploads/201709/201709280949108441040.png |defaultåº”ç”¨é‡Œ:controller\public_controller.phpä¸å­˜åœ¨
2017-10-23 09:33:53 | ::1 | /index.php/public/uploads/201709/201709280949212326873.png |defaultåº”ç”¨é‡Œ:controller\public_controller.phpä¸å­˜åœ¨
2017-10-23 09:33:53 | ::1 | /index.php/public/uploads/201710/201710121022093519439.png |defaultåº”ç”¨é‡Œ:controller\public_controller.phpä¸å­˜åœ¨
2017-10-23 09:33:53 | ::1 | /index.php/public/uploads/201709/201709280949108441040.png |defaultåº”ç”¨é‡Œ:controller\public_controller.phpä¸å­˜åœ¨
2017-10-23 09:33:56 | ::1 | /index.php/public/uploads/201709/201709281344311453186.jpg |defaultåº”ç”¨é‡Œ:controller\public_controller.phpä¸å­˜åœ¨
2017-10-23 09:33:56 | ::1 | /index.php/public/uploads/201709/201709281344207151519.jpg |defaultåº”ç”¨é‡Œ:controller\public_controller.phpä¸å­˜åœ¨
2017-10-23 09:33:56 | ::1 | /index.php/public/uploads/201709/201709281344444006683.jpg |defaultåº”ç”¨é‡Œ:controller\public_controller.phpä¸å­˜åœ¨
2017-10-23 09:33:56 | ::1 | /index.php/public/uploads/201709/201709281344311453186.jpg |defaultåº”ç”¨é‡Œ:controller\public_controller.phpä¸å­˜åœ¨
2017-10-23 09:34:02 | ::1 | /index.php/public/uploads/201709/201709182210376979034.png |defaultåº”ç”¨é‡Œ:controller\public_controller.phpä¸å­˜åœ¨
2017-10-23 09:34:02 | ::1 | /index.php/public/uploads/201709/201709190934208884338.png |defaultåº”ç”¨é‡Œ:controller\public_controller.phpä¸å­˜åœ¨
2017-10-23 09:34:02 | ::1 | /index.php/public/uploads/201709/201709280949108441040.png |defaultåº”ç”¨é‡Œ:controller\public_controller.phpä¸å­˜åœ¨
2017-10-23 09:34:02 | ::1 | /index.php/public/uploads/201709/201709280949212326873.png |defaultåº”ç”¨é‡Œ:controller\public_controller.phpä¸å­˜åœ¨
2017-10-23 09:34:02 | ::1 | /index.php/public/uploads/201710/201710121022093519439.png |defaultåº”ç”¨é‡Œ:controller\public_controller.phpä¸å­˜åœ¨
2017-10-23 09:34:02 | ::1 | /index.php/public/uploads/201709/201709280949108441040.png |defaultåº”ç”¨é‡Œ:controller\public_controller.phpä¸å­˜åœ¨
2017-10-23 09:34:06 | ::1 | /index.php/public/uploads/201709/201709182210376979034.png |defaultåº”ç”¨é‡Œ:controller\public_controller.phpä¸å­˜åœ¨
2017-10-23 09:34:06 | ::1 | /index.php/public/uploads/201709/201709190934208884338.png |defaultåº”ç”¨é‡Œ:controller\public_controller.phpä¸å­˜åœ¨
2017-10-23 09:34:06 | ::1 | /index.php/public/uploads/201709/201709280949108441040.png |defaultåº”ç”¨é‡Œ:controller\public_controller.phpä¸å­˜åœ¨
2017-10-23 09:34:06 | ::1 | /index.php/public/uploads/201709/201709280949212326873.png |defaultåº”ç”¨é‡Œ:controller\public_controller.phpä¸å­˜åœ¨
2017-10-23 09:34:06 | ::1 | /index.php/public/uploads/201710/201710121022093519439.png |defaultåº”ç”¨é‡Œ:controller\public_controller.phpä¸å­˜åœ¨
2017-10-23 09:34:06 | ::1 | /index.php/public/uploads/201709/201709280949108441040.png |defaultåº”ç”¨é‡Œ:controller\public_controller.phpä¸å­˜åœ¨
2017-10-23 09:34:22 | ::1 | /index.php/public/uploads/201709/201709182210376979034.png |defaultåº”ç”¨é‡Œ:controller\public_controller.phpä¸å­˜åœ¨
2017-10-23 09:34:22 | ::1 | /index.php/public/uploads/201709/201709190934208884338.png |defaultåº”ç”¨é‡Œ:controller\public_controller.phpä¸å­˜åœ¨
2017-10-23 09:34:22 | ::1 | /index.php/public/uploads/201709/201709280949108441040.png |defaultåº”ç”¨é‡Œ:controller\public_controller.phpä¸å­˜åœ¨
2017-10-23 09:34:22 | ::1 | /index.php/public/uploads/201709/201709280949212326873.png |defaultåº”ç”¨é‡Œ:controller\public_controller.phpä¸å­˜åœ¨
2017-10-23 09:34:22 | ::1 | /index.php/public/uploads/201710/201710121022093519439.png |defaultåº”ç”¨é‡Œ:controller\public_controller.phpä¸å­˜åœ¨
2017-10-23 09:34:22 | ::1 | /index.php/public/uploads/201709/201709280949108441040.png |defaultåº”ç”¨é‡Œ:controller\public_controller.phpä¸å­˜åœ¨
2017-10-23 09:35:00 | ::1 | /index.php/public/uploads/201709/201709182210376979034.png |defaultåº”ç”¨é‡Œ:controller\public_controller.phpä¸å­˜åœ¨
2017-10-23 09:35:00 | ::1 | /index.php/public/uploads/201709/201709190934208884338.png |defaultåº”ç”¨é‡Œ:controller\public_controller.phpä¸å­˜åœ¨
2017-10-23 09:35:00 | ::1 | /index.php/public/uploads/201709/201709280949108441040.png |defaultåº”ç”¨é‡Œ:controller\public_controller.phpä¸å­˜åœ¨
2017-10-23 09:35:00 | ::1 | /index.php/public/uploads/201709/201709280949212326873.png |defaultåº”ç”¨é‡Œ:controller\public_controller.phpä¸å­˜åœ¨
2017-10-23 09:35:00 | ::1 | /index.php/public/uploads/201710/201710121022093519439.png |defaultåº”ç”¨é‡Œ:controller\public_controller.phpä¸å­˜åœ¨
2017-10-23 09:35:00 | ::1 | /index.php/public/uploads/201709/201709280949108441040.png |defaultåº”ç”¨é‡Œ:controller\public_controller.phpä¸å­˜åœ¨
2017-10-23 09:36:46 | ::1 | /index.php/public/uploads/201709/201709182210376979034.png |defaultåº”ç”¨é‡Œ:controller\public_controller.phpä¸å­˜åœ¨
2017-10-23 09:36:46 | ::1 | /index.php/public/uploads/201709/201709190934208884338.png |defaultåº”ç”¨é‡Œ:controller\public_controller.phpä¸å­˜åœ¨
2017-10-23 09:36:46 | ::1 | /index.php/public/uploads/201709/201709280949108441040.png |defaultåº”ç”¨é‡Œ:controller\public_controller.phpä¸å­˜åœ¨
2017-10-23 09:36:46 | ::1 | /index.php/public/uploads/201709/201709280949212326873.png |defaultåº”ç”¨é‡Œ:controller\public_controller.phpä¸å­˜åœ¨
2017-10-23 09:36:46 | ::1 | /index.php/public/uploads/201710/201710121022093519439.png |defaultåº”ç”¨é‡Œ:controller\public_controller.phpä¸å­˜åœ¨
2017-10-23 09:36:46 | ::1 | /index.php/public/uploads/201709/201709280949108441040.png |defaultåº”ç”¨é‡Œ:controller\public_controller.phpä¸å­˜åœ¨
2017-10-23 09:37:08 | ::1 | /index.php/public/uploads/201709/201709182210376979034.png |defaultåº”ç”¨é‡Œ:controller\public_controller.phpä¸å­˜åœ¨
2017-10-23 09:37:08 | ::1 | /index.php/public/uploads/201709/201709190934208884338.png |defaultåº”ç”¨é‡Œ:controller\public_controller.phpä¸å­˜åœ¨
2017-10-23 09:37:08 | ::1 | /index.php/public/uploads/201709/201709280949108441040.png |defaultåº”ç”¨é‡Œ:controller\public_controller.phpä¸å­˜åœ¨
2017-10-23 09:37:08 | ::1 | /index.php/public/uploads/201709/201709280949212326873.png |defaultåº”ç”¨é‡Œ:controller\public_controller.phpä¸å­˜åœ¨
2017-10-23 09:37:08 | ::1 | /index.php/public/uploads/201710/201710121022093519439.png |defaultåº”ç”¨é‡Œ:controller\public_controller.phpä¸å­˜åœ¨
2017-10-23 09:37:08 | ::1 | /index.php/public/uploads/201709/201709280949108441040.png |defaultåº”ç”¨é‡Œ:controller\public_controller.phpä¸å­˜åœ¨
2017-10-23 09:37:24 | ::1 | /index.php/public/uploads/201709/201709182210376979034.png |defaultåº”ç”¨é‡Œ:controller\public_controller.phpä¸å­˜åœ¨
2017-10-23 09:37:24 | ::1 | /index.php/public/uploads/201709/201709190934208884338.png |defaultåº”ç”¨é‡Œ:controller\public_controller.phpä¸å­˜åœ¨
2017-10-23 09:37:24 | ::1 | /index.php/public/uploads/201709/201709280949108441040.png |defaultåº”ç”¨é‡Œ:controller\public_controller.phpä¸å­˜åœ¨
2017-10-23 09:37:24 | ::1 | /index.php/public/uploads/201709/201709280949212326873.png |defaultåº”ç”¨é‡Œ:controller\public_controller.phpä¸å­˜åœ¨
2017-10-23 09:37:24 | ::1 | /index.php/public/uploads/201710/201710121022093519439.png |defaultåº”ç”¨é‡Œ:controller\public_controller.phpä¸å­˜åœ¨
2017-10-23 09:37:25 | ::1 | /index.php/public/uploads/201709/201709280949108441040.png |defaultåº”ç”¨é‡Œ:controller\public_controller.phpä¸å­˜åœ¨
2017-10-23 09:37:35 | ::1 | /index.php/public/uploads/201709/201709182210376979034.png |defaultåº”ç”¨é‡Œ:controller\public_controller.phpä¸å­˜åœ¨
2017-10-23 09:37:35 | ::1 | /index.php/public/uploads/201709/201709190934208884338.png |defaultåº”ç”¨é‡Œ:controller\public_controller.phpä¸å­˜åœ¨
2017-10-23 09:37:35 | ::1 | /index.php/public/uploads/201709/201709280949108441040.png |defaultåº”ç”¨é‡Œ:controller\public_controller.phpä¸å­˜åœ¨
2017-10-23 09:37:35 | ::1 | /index.php/public/uploads/201709/201709280949212326873.png |defaultåº”ç”¨é‡Œ:controller\public_controller.phpä¸å­˜åœ¨
2017-10-23 09:37:36 | ::1 | /index.php/public/uploads/201709/201709280949108441040.png |defaultåº”ç”¨é‡Œ:controller\public_controller.phpä¸å­˜åœ¨
2017-10-23 09:37:40 | ::1 | /index.php/public/uploads/201709/201709182210376979034.png |defaultåº”ç”¨é‡Œ:controller\public_controller.phpä¸å­˜åœ¨
2017-10-23 09:37:40 | ::1 | /index.php/public/uploads/201709/201709190934208884338.png |defaultåº”ç”¨é‡Œ:controller\public_controller.phpä¸å­˜åœ¨
2017-10-23 09:37:40 | ::1 | /index.php/public/uploads/201709/201709280949108441040.png |defaultåº”ç”¨é‡Œ:controller\public_controller.phpä¸å­˜åœ¨
2017-10-23 09:37:41 | ::1 | /index.php/public/uploads/201709/201709280949108441040.png |defaultåº”ç”¨é‡Œ:controller\public_controller.phpä¸å­˜åœ¨
2017-10-23 09:37:46 | ::1 | /index.php/public/uploads/201709/201709182210376979034.png |defaultåº”ç”¨é‡Œ:controller\public_controller.phpä¸å­˜åœ¨
2017-10-23 09:37:46 | ::1 | /index.php/public/uploads/201709/201709190934208884338.png |defaultåº”ç”¨é‡Œ:controller\public_controller.phpä¸å­˜åœ¨
2017-10-23 09:37:46 | ::1 | /index.php/public/uploads/201709/201709280949108441040.png |defaultåº”ç”¨é‡Œ:controller\public_controller.phpä¸å­˜åœ¨
2017-10-23 09:37:49 | ::1 | /index.php/public/uploads/201709/201709182210376979034.png |defaultåº”ç”¨é‡Œ:controller\public_controller.phpä¸å­˜åœ¨
2017-10-23 09:37:49 | ::1 | /index.php/public/uploads/201709/201709190934208884338.png |defaultåº”ç”¨é‡Œ:controller\public_controller.phpä¸å­˜åœ¨
2017-10-23 09:37:49 | ::1 | /index.php/public/uploads/201709/201709280949108441040.png |defaultåº”ç”¨é‡Œ:controller\public_controller.phpä¸å­˜åœ¨
2017-10-23 09:38:06 | ::1 | /index.php/public/uploads/201709/201709182210376979034.png |defaultåº”ç”¨é‡Œ:controller\public_controller.phpä¸å­˜åœ¨
2017-10-23 09:38:06 | ::1 | /index.php/public/uploads/201709/201709190934208884338.png |defaultåº”ç”¨é‡Œ:controller\public_controller.phpä¸å­˜åœ¨
2017-10-23 09:38:06 | ::1 | /index.php/public/uploads/201709/201709280949108441040.png |defaultåº”ç”¨é‡Œ:controller\public_controller.phpä¸å­˜åœ¨
2017-10-23 09:38:44 | ::1 | /index.php/public/uploads/201709/201709182210376979034.png |defaultåº”ç”¨é‡Œ:controller\public_controller.phpä¸å­˜åœ¨
2017-10-23 09:38:44 | ::1 | /index.php/public/uploads/201709/201709190934208884338.png |defaultåº”ç”¨é‡Œ:controller\public_controller.phpä¸å­˜åœ¨
2017-10-23 09:38:44 | ::1 | /index.php/public/uploads/201709/201709280949108441040.png |defaultåº”ç”¨é‡Œ:controller\public_controller.phpä¸å­˜åœ¨
2017-10-23 09:38:59 | ::1 | /index.php/public/uploads/201709/201709182210376979034.png |defaultåº”ç”¨é‡Œ:controller\public_controller.phpä¸å­˜åœ¨
2017-10-23 09:38:59 | ::1 | /index.php/public/uploads/201709/201709190934208884338.png |defaultåº”ç”¨é‡Œ:controller\public_controller.phpä¸å­˜åœ¨
2017-10-23 09:38:59 | ::1 | /index.php/public/uploads/201709/201709280949108441040.png |defaultåº”ç”¨é‡Œ:controller\public_controller.phpä¸å­˜åœ¨
2017-10-23 09:39:06 | ::1 | /index.php/public/uploads/201709/201709182210376979034.png |defaultåº”ç”¨é‡Œ:controller\public_controller.phpä¸å­˜åœ¨
2017-10-23 09:39:06 | ::1 | /index.php/public/uploads/201709/201709190934208884338.png |defaultåº”ç”¨é‡Œ:controller\public_controller.phpä¸å­˜åœ¨
2017-10-23 09:39:06 | ::1 | /index.php/public/uploads/201709/201709280949108441040.png |defaultåº”ç”¨é‡Œ:controller\public_controller.phpä¸å­˜åœ¨
2017-10-23 09:41:06 | ::1 | /index.php/public/uploads/201709/201709182210376979034.png |defaultåº”ç”¨é‡Œ:controller\public_controller.phpä¸å­˜åœ¨
2017-10-23 09:41:06 | ::1 | /index.php/public/uploads/201709/201709190934208884338.png |defaultåº”ç”¨é‡Œ:controller\public_controller.phpä¸å­˜åœ¨
2017-10-23 09:41:06 | ::1 | /index.php/public/uploads/201709/201709280949108441040.png |defaultåº”ç”¨é‡Œ:controller\public_controller.phpä¸å­˜åœ¨
2017-10-23 09:41:16 | ::1 | /index.php/public/uploads/201709/201709182210376979034.png |defaultåº”ç”¨é‡Œ:controller\public_controller.phpä¸å­˜åœ¨
2017-10-23 09:41:16 | ::1 | /index.php/public/uploads/201709/201709190934208884338.png |defaultåº”ç”¨é‡Œ:controller\public_controller.phpä¸å­˜åœ¨
2017-10-23 09:41:16 | ::1 | /index.php/public/uploads/201709/201709280949108441040.png |defaultåº”ç”¨é‡Œ:controller\public_controller.phpä¸å­˜åœ¨
2017-10-23 09:42:13 | ::1 | /index.php/public/uploads/201709/201709182210376979034.png |defaultåº”ç”¨é‡Œ:controller\public_controller.phpä¸å­˜åœ¨
2017-10-23 09:42:13 | ::1 | /index.php/public/uploads/201709/201709190934208884338.png |defaultåº”ç”¨é‡Œ:controller\public_controller.phpä¸å­˜åœ¨
2017-10-23 09:42:13 | ::1 | /index.php/public/uploads/201709/201709280949108441040.png |defaultåº”ç”¨é‡Œ:controller\public_controller.phpä¸å­˜åœ¨
2017-10-23 09:42:26 | ::1 | /index.php/public/uploads/201709/201709182210376979034.png |defaultåº”ç”¨é‡Œ:controller\public_controller.phpä¸å­˜åœ¨
2017-10-23 09:42:26 | ::1 | /index.php/public/uploads/201709/201709190934208884338.png |defaultåº”ç”¨é‡Œ:controller\public_controller.phpä¸å­˜åœ¨
2017-10-23 09:42:26 | ::1 | /index.php/public/uploads/201709/201709280949108441040.png |defaultåº”ç”¨é‡Œ:controller\public_controller.phpä¸å­˜åœ¨
2017-10-23 09:52:13 | ::1 | /index.php/public/uploads/201709/201709281344311453186.jpg |defaultåº”ç”¨é‡Œ:controller\public_controller.phpä¸å­˜åœ¨
2017-10-23 09:52:13 | ::1 | /index.php/public/uploads/201709/201709281344207151519.jpg |defaultåº”ç”¨é‡Œ:controller\public_controller.phpä¸å­˜åœ¨
2017-10-23 09:52:13 | ::1 | /index.php/public/uploads/201709/201709281344444006683.jpg |defaultåº”ç”¨é‡Œ:controller\public_controller.phpä¸å­˜åœ¨
2017-10-23 09:52:14 | ::1 | /index.php/public/uploads/201709/201709281344311453186.jpg |defaultåº”ç”¨é‡Œ:controller\public_controller.phpä¸å­˜åœ¨
2017-10-23 09:52:17 | ::1 | /index.php/public/uploads/201709/201709281037598190826.jpg |defaultåº”ç”¨é‡Œ:controller\public_controller.phpä¸å­˜åœ¨
2017-10-23 09:52:17 | ::1 | /index.php/public/uploads/201709/201709281038095612609.jpg |defaultåº”ç”¨é‡Œ:controller\public_controller.phpä¸å­˜åœ¨
2017-10-23 09:52:25 | ::1 | /index.php/public/uploads/201709/201709281037598190826.jpg |defaultåº”ç”¨é‡Œ:controller\public_controller.phpä¸å­˜åœ¨
2017-10-23 09:52:25 | ::1 | /index.php/public/uploads/201709/201709281038095612609.jpg |defaultåº”ç”¨é‡Œ:controller\public_controller.phpä¸å­˜åœ¨
2017-10-23 09:52:33 | ::1 | /index.php/public/uploads/201709/201709281037598190826.jpg |defaultåº”ç”¨é‡Œ:controller\public_controller.phpä¸å­˜åœ¨
2017-10-23 09:52:33 | ::1 | /index.php/public/uploads/201709/201709281038095612609.jpg |defaultåº”ç”¨é‡Œ:controller\public_controller.phpä¸å­˜åœ¨
2017-10-23 09:52:39 | ::1 | /index.php/public/uploads/201709/201709281037598190826.jpg |defaultåº”ç”¨é‡Œ:controller\public_controller.phpä¸å­˜åœ¨
2017-10-23 09:52:39 | ::1 | /index.php/public/uploads/201709/201709281038095612609.jpg |defaultåº”ç”¨é‡Œ:controller\public_controller.phpä¸å­˜åœ¨
2017-10-23 09:52:40 | ::1 | /index.php/public/uploads/201709/201709281037598190826.jpg |defaultåº”ç”¨é‡Œ:controller\public_controller.phpä¸å­˜åœ¨
2017-10-23 09:52:40 | ::1 | /index.php/public/uploads/201709/201709281038095612609.jpg |defaultåº”ç”¨é‡Œ:controller\public_controller.phpä¸å­˜åœ¨
2017-10-23 09:52:59 | ::1 | /index.php/public/uploads/201709/201709281037598190826.jpg |defaultåº”ç”¨é‡Œ:controller\public_controller.phpä¸å­˜åœ¨
2017-10-23 09:52:59 | ::1 | /index.php/public/uploads/201709/201709281038095612609.jpg |defaultåº”ç”¨é‡Œ:controller\public_controller.phpä¸å­˜åœ¨
2017-10-23 09:53:02 | ::1 | /index.php/public/uploads/201709/201709281037598190826.jpg |defaultåº”ç”¨é‡Œ:controller\public_controller.phpä¸å­˜åœ¨
2017-10-23 09:53:02 | ::1 | /index.php/public/uploads/201709/201709281038095612609.jpg |defaultåº”ç”¨é‡Œ:controller\public_controller.phpä¸å­˜åœ¨
2017-10-23 09:53:10 | ::1 | /index.php/public/uploads/201709/201709281037598190826.jpg |defaultåº”ç”¨é‡Œ:controller\public_controller.phpä¸å­˜åœ¨
2017-10-23 09:53:10 | ::1 | /index.php/public/uploads/201709/201709281038095612609.jpg |defaultåº”ç”¨é‡Œ:controller\public_controller.phpä¸å­˜åœ¨
2017-10-23 09:53:12 | ::1 | /index.php/public/uploads/201709/201709281037598190826.jpg |defaultåº”ç”¨é‡Œ:controller\public_controller.phpä¸å­˜åœ¨
2017-10-23 09:53:12 | ::1 | /index.php/public/uploads/201709/201709281038095612609.jpg |defaultåº”ç”¨é‡Œ:controller\public_controller.phpä¸å­˜åœ¨
2017-10-23 09:53:16 | ::1 | /index.php/public/uploads/201709/201709281037598190826.jpg |defaultåº”ç”¨é‡Œ:controller\public_controller.phpä¸å­˜åœ¨
2017-10-23 09:53:16 | ::1 | /index.php/public/uploads/201709/201709281038095612609.jpg |defaultåº”ç”¨é‡Œ:controller\public_controller.phpä¸å­˜åœ¨
2017-10-23 09:53:29 | ::1 | /index.php/public/uploads/201709/201709281037598190826.jpg |defaultåº”ç”¨é‡Œ:controller\public_controller.phpä¸å­˜åœ¨
2017-10-23 09:53:29 | ::1 | /index.php/public/uploads/201709/201709281038095612609.jpg |defaultåº”ç”¨é‡Œ:controller\public_controller.phpä¸å­˜åœ¨
2017-10-23 09:53:33 | ::1 | /index.php/public/uploads/201709/201709281037598190826.jpg |defaultåº”ç”¨é‡Œ:controller\public_controller.phpä¸å­˜åœ¨
2017-10-23 09:53:33 | ::1 | /index.php/public/uploads/201709/201709281038095612609.jpg |defaultåº”ç”¨é‡Œ:controller\public_controller.phpä¸å­˜åœ¨
2017-10-23 09:53:33 | ::1 | /index.php/public/uploads/201709/201709281037598190826.jpg |defaultåº”ç”¨é‡Œ:controller\public_controller.phpä¸å­˜åœ¨
2017-10-23 09:53:33 | ::1 | /index.php/public/uploads/201709/201709281038095612609.jpg |defaultåº”ç”¨é‡Œ:controller\public_controller.phpä¸å­˜åœ¨
2017-10-23 09:53:37 | ::1 | /index.php/public/uploads/201709/201709281344311453186.jpg |defaultåº”ç”¨é‡Œ:controller\public_controller.phpä¸å­˜åœ¨
2017-10-23 09:53:37 | ::1 | /index.php/public/uploads/201709/201709281344207151519.jpg |defaultåº”ç”¨é‡Œ:controller\public_controller.phpä¸å­˜åœ¨
2017-10-23 09:53:37 | ::1 | /index.php/public/uploads/201709/201709281344444006683.jpg |defaultåº”ç”¨é‡Œ:controller\public_controller.phpä¸å­˜åœ¨
2017-10-23 09:53:37 | ::1 | /index.php/public/uploads/201709/201709281344311453186.jpg |defaultåº”ç”¨é‡Œ:controller\public_controller.phpä¸å­˜åœ¨
2017-10-23 09:53:39 | ::1 | /index.php/public/uploads/201709/201709182210376979034.png |defaultåº”ç”¨é‡Œ:controller\public_controller.phpä¸å­˜åœ¨
2017-10-23 09:53:39 | ::1 | /index.php/public/uploads/201709/201709190934208884338.png |defaultåº”ç”¨é‡Œ:controller\public_controller.phpä¸å­˜åœ¨
2017-10-23 09:53:39 | ::1 | /index.php/public/uploads/201709/201709280949108441040.png |defaultåº”ç”¨é‡Œ:controller\public_controller.phpä¸å­˜åœ¨
2017-10-23 10:25:56 | ::1 | /index.php/public/uploads/201709/201709182210376979034.png |defaultåº”ç”¨é‡Œ:controller\public_controller.phpä¸å­˜åœ¨
2017-10-23 10:25:56 | ::1 | /index.php/public/uploads/201709/201709190934208884338.png |defaultåº”ç”¨é‡Œ:controller\public_controller.phpä¸å­˜åœ¨
2017-10-23 10:25:56 | ::1 | /index.php/public/uploads/201709/201709280949108441040.png |defaultåº”ç”¨é‡Œ:controller\public_controller.phpä¸å­˜åœ¨
2017-10-23 14:03:34 | ::1 | /index.php/public/uploads/201709/201709281037598190826.jpg |defaultåº”ç”¨é‡Œ:controller\public_controller.phpä¸å­˜åœ¨
2017-10-23 14:03:34 | ::1 | /index.php/public/uploads/201709/201709281038095612609.jpg |defaultåº”ç”¨é‡Œ:controller\public_controller.phpä¸å­˜åœ¨
2017-10-23 14:03:35 | ::1 | /index.php/public/uploads/201709/201709281037598190826.jpg |defaultåº”ç”¨é‡Œ:controller\public_controller.phpä¸å­˜åœ¨
2017-10-23 14:03:35 | ::1 | /index.php/public/uploads/201709/201709281038095612609.jpg |defaultåº”ç”¨é‡Œ:controller\public_controller.phpä¸å­˜åœ¨
2017-10-23 14:06:23 | ::1 | /index.php/public/uploads/201709/201709281037598190826.jpg |defaultåº”ç”¨é‡Œ:controller\public_controller.phpä¸å­˜åœ¨
2017-10-23 14:06:23 | ::1 | /index.php/public/uploads/201709/201709281038095612609.jpg |defaultåº”ç”¨é‡Œ:controller\public_controller.phpä¸å­˜åœ¨
2017-10-23 14:06:23 | ::1 | /index.php/public/uploads/201709/201709281037598190826.jpg |defaultåº”ç”¨é‡Œ:controller\public_controller.phpä¸å­˜åœ¨
2017-10-23 14:06:23 | ::1 | /index.php/public/uploads/201709/201709281038095612609.jpg |defaultåº”ç”¨é‡Œ:controller\public_controller.phpä¸å­˜åœ¨
2017-10-23 14:06:34 | ::1 | /index.php/public/uploads/201709/201709281037598190826.jpg |defaultåº”ç”¨é‡Œ:controller\public_controller.phpä¸å­˜åœ¨
2017-10-23 14:06:34 | ::1 | /index.php/public/uploads/201709/201709281038095612609.jpg |defaultåº”ç”¨é‡Œ:controller\public_controller.phpä¸å­˜åœ¨
2017-10-23 14:06:39 | ::1 | /index.php/public/uploads/201709/201709281037598190826.jpg |defaultåº”ç”¨é‡Œ:controller\public_controller.phpä¸å­˜åœ¨
2017-10-23 14:06:39 | ::1 | /index.php/public/uploads/201709/201709281038095612609.jpg |defaultåº”ç”¨é‡Œ:controller\public_controller.phpä¸å­˜åœ¨
2017-10-23 14:06:56 | ::1 | /index.php/public/uploads/201709/201709281037598190826.jpg |defaultåº”ç”¨é‡Œ:controller\public_controller.phpä¸å­˜åœ¨
2017-10-23 14:06:56 | ::1 | /index.php/public/uploads/201709/201709281038095612609.jpg |defaultåº”ç”¨é‡Œ:controller\public_controller.phpä¸å­˜åœ¨
2017-10-23 14:08:01 | ::1 | /index.php/public/uploads/201709/201709281037598190826.jpg |defaultåº”ç”¨é‡Œ:controller\public_controller.phpä¸å­˜åœ¨
2017-10-23 14:08:01 | ::1 | /index.php/public/uploads/201709/201709281038095612609.jpg |defaultåº”ç”¨é‡Œ:controller\public_controller.phpä¸å­˜åœ¨
2017-10-23 14:08:36 | ::1 | /index.php/public/uploads/201709/201709281037598190826.jpg |defaultåº”ç”¨é‡Œ:controller\public_controller.phpä¸å­˜åœ¨
2017-10-23 14:08:37 | ::1 | /index.php/public/uploads/201709/201709281038095612609.jpg |defaultåº”ç”¨é‡Œ:controller\public_controller.phpä¸å­˜åœ¨
2017-10-23 14:09:08 | ::1 | /index.php/public/uploads/201709/201709281037598190826.jpg |defaultåº”ç”¨é‡Œ:controller\public_controller.phpä¸å­˜åœ¨
2017-10-23 14:09:08 | ::1 | /index.php/public/uploads/201709/201709281038095612609.jpg |defaultåº”ç”¨é‡Œ:controller\public_controller.phpä¸å­˜åœ¨
2017-10-23 14:09:18 | ::1 | /index.php/public/uploads/201709/201709281037598190826.jpg |defaultåº”ç”¨é‡Œ:controller\public_controller.phpä¸å­˜åœ¨
2017-10-23 14:09:18 | ::1 | /index.php/public/uploads/201709/201709281038095612609.jpg |defaultåº”ç”¨é‡Œ:controller\public_controller.phpä¸å­˜åœ¨
2017-10-23 14:09:18 | ::1 | /index.php/public/uploads/201709/201709281037598190826.jpg |defaultåº”ç”¨é‡Œ:controller\public_controller.phpä¸å­˜åœ¨
2017-10-23 14:09:18 | ::1 | /index.php/public/uploads/201709/201709281038095612609.jpg |defaultåº”ç”¨é‡Œ:controller\public_controller.phpä¸å­˜åœ¨
2017-10-23 14:09:27 | ::1 | /index.php/public/uploads/201709/201709281037598190826.jpg |defaultåº”ç”¨é‡Œ:controller\public_controller.phpä¸å­˜åœ¨
2017-10-23 14:09:27 | ::1 | /index.php/public/uploads/201709/201709281038095612609.jpg |defaultåº”ç”¨é‡Œ:controller\public_controller.phpä¸å­˜åœ¨
2017-10-23 14:09:27 | ::1 | /index.php/public/uploads/201709/201709281037598190826.jpg |defaultåº”ç”¨é‡Œ:controller\public_controller.phpä¸å­˜åœ¨
2017-10-23 14:09:27 | ::1 | /index.php/public/uploads/201709/201709281038095612609.jpg |defaultåº”ç”¨é‡Œ:controller\public_controller.phpä¸å­˜åœ¨
2017-10-23 14:09:45 | ::1 | /index.php/public/uploads/201709/201709281037598190826.jpg |defaultåº”ç”¨é‡Œ:controller\public_controller.phpä¸å­˜åœ¨
2017-10-23 14:09:45 | ::1 | /index.php/public/uploads/201709/201709281038095612609.jpg |defaultåº”ç”¨é‡Œ:controller\public_controller.phpä¸å­˜åœ¨
2017-10-23 14:09:45 | ::1 | /index.php/public/uploads/201709/201709281037598190826.jpg |defaultåº”ç”¨é‡Œ:controller\public_controller.phpä¸å­˜åœ¨
2017-10-23 14:09:45 | ::1 | /index.php/public/uploads/201709/201709281038095612609.jpg |defaultåº”ç”¨é‡Œ:controller\public_controller.phpä¸å­˜åœ¨
2017-10-23 14:09:59 | ::1 | /index.php/public/uploads/201709/201709281037598190826.jpg |defaultåº”ç”¨é‡Œ:controller\public_controller.phpä¸å­˜åœ¨
2017-10-23 14:09:59 | ::1 | /index.php/public/uploads/201709/201709281038095612609.jpg |defaultåº”ç”¨é‡Œ:controller\public_controller.phpä¸å­˜åœ¨
2017-10-23 14:09:59 | ::1 | /index.php/public/uploads/201709/201709281037598190826.jpg |defaultåº”ç”¨é‡Œ:controller\public_controller.phpä¸å­˜åœ¨
2017-10-23 14:10:00 | ::1 | /index.php/public/uploads/201709/201709281038095612609.jpg |defaultåº”ç”¨é‡Œ:controller\public_controller.phpä¸å­˜åœ¨
2017-10-23 14:10:27 | ::1 | /index.php/public/uploads/201709/201709281037598190826.jpg |defaultåº”ç”¨é‡Œ:controller\public_controller.phpä¸å­˜åœ¨
2017-10-23 14:10:27 | ::1 | /index.php/public/uploads/201709/201709281038095612609.jpg |defaultåº”ç”¨é‡Œ:controller\public_controller.phpä¸å­˜åœ¨
2017-10-23 14:10:27 | ::1 | /index.php/public/uploads/201709/201709281037598190826.jpg |defaultåº”ç”¨é‡Œ:controller\public_controller.phpä¸å­˜åœ¨
2017-10-23 14:10:27 | ::1 | /index.php/public/uploads/201709/201709281038095612609.jpg |defaultåº”ç”¨é‡Œ:controller\public_controller.phpä¸å­˜åœ¨
2017-10-23 14:11:21 | ::1 | /index.php/public/uploads/201709/201709281037598190826.jpg |defaultåº”ç”¨é‡Œ:controller\public_controller.phpä¸å­˜åœ¨
2017-10-23 14:11:21 | ::1 | /index.php/public/uploads/201709/201709281038095612609.jpg |defaultåº”ç”¨é‡Œ:controller\public_controller.phpä¸å­˜åœ¨
2017-10-23 14:11:22 | ::1 | /index.php/public/uploads/201709/201709281037598190826.jpg |defaultåº”ç”¨é‡Œ:controller\public_controller.phpä¸å­˜åœ¨
2017-10-23 14:11:22 | ::1 | /index.php/public/uploads/201709/201709281038095612609.jpg |defaultåº”ç”¨é‡Œ:controller\public_controller.phpä¸å­˜åœ¨
2017-10-23 14:11:28 | ::1 | /index.php/public/uploads/201709/201709281037598190826.jpg |defaultåº”ç”¨é‡Œ:controller\public_controller.phpä¸å­˜åœ¨
2017-10-23 14:11:28 | ::1 | /index.php/public/uploads/201709/201709281038095612609.jpg |defaultåº”ç”¨é‡Œ:controller\public_controller.phpä¸å­˜åœ¨
2017-10-23 14:11:29 | ::1 | /index.php/public/uploads/201709/201709281037598190826.jpg |defaultåº”ç”¨é‡Œ:controller\public_controller.phpä¸å­˜åœ¨
2017-10-23 14:11:29 | ::1 | /index.php/public/uploads/201709/201709281038095612609.jpg |defaultåº”ç”¨é‡Œ:controller\public_controller.phpä¸å­˜åœ¨
2017-10-23 14:46:22 | ::1 | /index.php/public/uploads/201709/201709281037598190826.jpg |defaultåº”ç”¨é‡Œ:controller\public_controller.phpä¸å­˜åœ¨
2017-10-23 14:46:22 | ::1 | /index.php/public/uploads/201709/201709281038095612609.jpg |defaultåº”ç”¨é‡Œ:controller\public_controller.phpä¸å­˜åœ¨
2017-10-23 14:46:23 | ::1 | /index.php/public/uploads/201709/201709281037598190826.jpg |defaultåº”ç”¨é‡Œ:controller\public_controller.phpä¸å­˜åœ¨
2017-10-23 14:46:23 | ::1 | /index.php/public/uploads/201709/201709281038095612609.jpg |defaultåº”ç”¨é‡Œ:controller\public_controller.phpä¸å­˜åœ¨
2017-10-23 14:46:30 | ::1 | /index.php/public/uploads/201709/201709281037598190826.jpg |defaultåº”ç”¨é‡Œ:controller\public_controller.phpä¸å­˜åœ¨
2017-10-23 14:46:30 | ::1 | /index.php/public/uploads/201709/201709281038095612609.jpg |defaultåº”ç”¨é‡Œ:controller\public_controller.phpä¸å­˜åœ¨
2017-10-23 14:46:30 | ::1 | /index.php/public/uploads/201709/201709281037598190826.jpg |defaultåº”ç”¨é‡Œ:controller\public_controller.phpä¸å­˜åœ¨
2017-10-23 14:46:30 | ::1 | /index.php/public/uploads/201709/201709281038095612609.jpg |defaultåº”ç”¨é‡Œ:controller\public_controller.phpä¸å­˜åœ¨
2017-10-23 15:04:01 | ::1 | /index.php/admin/content/index |PDOè¿æ¥é”™è¯¯ä¿¡æ¯ï¼šSQLSTATE[HY000] [2002] ÓÉÓÚÄ¿±ê¼ÆËã»ú»ı¼«¾Ü¾ø£¬ÎŞ·¨Á¬½Ó¡£

2017-10-23 15:04:41 | ::1 | /index.php/public/uploads/201709/201709281037598190826.jpg |defaultåº”ç”¨é‡Œ:controller\public_controller.phpä¸å­˜åœ¨
2017-10-23 15:04:41 | ::1 | /index.php/public/uploads/201709/201709281038095612609.jpg |defaultåº”ç”¨é‡Œ:controller\public_controller.phpä¸å­˜åœ¨
2017-10-23 15:04:45 | ::1 | /index.php/public/uploads/201709/201709182210376979034.png |defaultåº”ç”¨é‡Œ:controller\public_controller.phpä¸å­˜åœ¨
2017-10-23 15:04:45 | ::1 | /index.php/public/uploads/201709/201709190934208884338.png |defaultåº”ç”¨é‡Œ:controller\public_controller.phpä¸å­˜åœ¨
2017-10-23 15:04:45 | ::1 | /index.php/public/uploads/201709/201709280949108441040.png |defaultåº”ç”¨é‡Œ:controller\public_controller.phpä¸å­˜åœ¨
2017-10-23 15:11:14 | ::1 | /index.php/public/uploads/201709/201709281037598190826.jpg |defaultåº”ç”¨é‡Œ:controller\public_controller.phpä¸å­˜åœ¨
2017-10-23 15:11:14 | ::1 | /index.php/public/uploads/201709/201709281038095612609.jpg |defaultåº”ç”¨é‡Œ:controller\public_controller.phpä¸å­˜åœ¨
2017-10-23 15:11:15 | ::1 | /index.php/public/uploads/201709/201709281037598190826.jpg |defaultåº”ç”¨é‡Œ:controller\public_controller.phpä¸å­˜åœ¨
2017-10-23 15:11:15 | ::1 | /index.php/public/uploads/201709/201709281038095612609.jpg |defaultåº”ç”¨é‡Œ:controller\public_controller.phpä¸å­˜åœ¨
2017-10-23 15:12:55 | ::1 | /index.php/public/uploads/201709/201709281037598190826.jpg |defaultåº”ç”¨é‡Œ:controller\public_controller.phpä¸å­˜åœ¨
2017-10-23 15:12:55 | ::1 | /index.php/public/uploads/201709/201709281038095612609.jpg |defaultåº”ç”¨é‡Œ:controller\public_controller.phpä¸å­˜åœ¨
2017-10-23 15:12:56 | ::1 | /index.php/public/uploads/201709/201709281037598190826.jpg |defaultåº”ç”¨é‡Œ:controller\public_controller.phpä¸å­˜åœ¨
2017-10-23 15:12:56 | ::1 | /index.php/public/uploads/201709/201709281038095612609.jpg |defaultåº”ç”¨é‡Œ:controller\public_controller.phpä¸å­˜åœ¨
2017-10-23 15:13:01 | ::1 | /index.php/public/uploads/201709/201709281037598190826.jpg |defaultåº”ç”¨é‡Œ:controller\public_controller.phpä¸å­˜åœ¨
2017-10-23 15:13:01 | ::1 | /index.php/public/uploads/201709/201709281038095612609.jpg |defaultåº”ç”¨é‡Œ:controller\public_controller.phpä¸å­˜åœ¨
2017-10-23 15:13:01 | ::1 | /index.php/public/uploads/201709/201709281037598190826.jpg |defaultåº”ç”¨é‡Œ:controller\public_controller.phpä¸å­˜åœ¨
2017-10-23 15:13:01 | ::1 | /index.php/public/uploads/201709/201709281038095612609.jpg |defaultåº”ç”¨é‡Œ:controller\public_controller.phpä¸å­˜åœ¨
2017-10-23 15:13:06 | ::1 | /index.php/public/uploads/201709/201709281037598190826.jpg |defaultåº”ç”¨é‡Œ:controller\public_controller.phpä¸å­˜åœ¨
2017-10-23 15:13:06 | ::1 | /index.php/public/uploads/201709/201709281038095612609.jpg |defaultåº”ç”¨é‡Œ:controller\public_controller.phpä¸å­˜åœ¨
2017-10-23 15:13:06 | ::1 | /index.php/public/uploads/201709/201709281037598190826.jpg |defaultåº”ç”¨é‡Œ:controller\public_controller.phpä¸å­˜åœ¨
2017-10-23 15:13:06 | ::1 | /index.php/public/uploads/201709/201709281038095612609.jpg |defaultåº”ç”¨é‡Œ:controller\public_controller.phpä¸å­˜åœ¨
2017-10-23 15:13:11 | ::1 | /index.php/public/uploads/201709/201709281037598190826.jpg |defaultåº”ç”¨é‡Œ:controller\public_controller.phpä¸å­˜åœ¨
2017-10-23 15:13:11 | ::1 | /index.php/public/uploads/201709/201709281038095612609.jpg |defaultåº”ç”¨é‡Œ:controller\public_controller.phpä¸å­˜åœ¨
2017-10-23 15:13:11 | ::1 | /index.php/public/uploads/201709/201709281037598190826.jpg |defaultåº”ç”¨é‡Œ:controller\public_controller.phpä¸å­˜åœ¨
2017-10-23 15:13:11 | ::1 | /index.php/public/uploads/201709/201709281038095612609.jpg |defaultåº”ç”¨é‡Œ:controller\public_controller.phpä¸å­˜åœ¨
2017-10-23 15:13:13 | ::1 | /index.php/public/uploads/201709/201709281037598190826.jpg |defaultåº”ç”¨é‡Œ:controller\public_controller.phpä¸å­˜åœ¨
2017-10-23 15:13:13 | ::1 | /index.php/public/uploads/201709/201709281038095612609.jpg |defaultåº”ç”¨é‡Œ:controller\public_controller.phpä¸å­˜åœ¨
2017-10-23 15:13:13 | ::1 | /index.php/public/uploads/201709/201709281037598190826.jpg |defaultåº”ç”¨é‡Œ:controller\public_controller.phpä¸å­˜åœ¨
2017-10-23 15:13:13 | ::1 | /index.php/public/uploads/201709/201709281038095612609.jpg |defaultåº”ç”¨é‡Œ:controller\public_controller.phpä¸å­˜åœ¨
2017-10-23 15:13:18 | ::1 | /index.php/public/uploads/201709/201709281037598190826.jpg |defaultåº”ç”¨é‡Œ:controller\public_controller.phpä¸å­˜åœ¨
2017-10-23 15:13:18 | ::1 | /index.php/public/uploads/201709/201709281038095612609.jpg |defaultåº”ç”¨é‡Œ:controller\public_controller.phpä¸å­˜åœ¨
2017-10-23 15:13:18 | ::1 | /index.php/public/uploads/201709/201709281037598190826.jpg |defaultåº”ç”¨é‡Œ:controller\public_controller.phpä¸å­˜åœ¨
2017-10-23 15:13:18 | ::1 | /index.php/public/uploads/201709/201709281038095612609.jpg |defaultåº”ç”¨é‡Œ:controller\public_controller.phpä¸å­˜åœ¨
2017-10-23 15:13:22 | ::1 | /index.php/public/uploads/201709/201709281037598190826.jpg |defaultåº”ç”¨é‡Œ:controller\public_controller.phpä¸å­˜åœ¨
2017-10-23 15:13:22 | ::1 | /index.php/public/uploads/201709/201709281038095612609.jpg |defaultåº”ç”¨é‡Œ:controller\public_controller.phpä¸å­˜åœ¨
2017-10-23 15:13:22 | ::1 | /index.php/public/uploads/201709/201709281037598190826.jpg |defaultåº”ç”¨é‡Œ:controller\public_controller.phpä¸å­˜åœ¨
2017-10-23 15:13:22 | ::1 | /index.php/public/uploads/201709/201709281038095612609.jpg |defaultåº”ç”¨é‡Œ:controller\public_controller.phpä¸å­˜åœ¨
2017-10-23 15:13:26 | ::1 | /index.php/public/uploads/201709/201709281037598190826.jpg |defaultåº”ç”¨é‡Œ:controller\public_controller.phpä¸å­˜åœ¨
2017-10-23 15:13:26 | ::1 | /index.php/public/uploads/201709/201709281038095612609.jpg |defaultåº”ç”¨é‡Œ:controller\public_controller.phpä¸å­˜åœ¨
2017-10-23 15:13:26 | ::1 | /index.php/public/uploads/201709/201709281037598190826.jpg |defaultåº”ç”¨é‡Œ:controller\public_controller.phpä¸å­˜åœ¨
2017-10-23 15:13:26 | ::1 | /index.php/public/uploads/201709/201709281038095612609.jpg |defaultåº”ç”¨é‡Œ:controller\public_controller.phpä¸å­˜åœ¨
2017-10-23 15:13:29 | ::1 | /index.php/public/uploads/201709/201709281037598190826.jpg |defaultåº”ç”¨é‡Œ:controller\public_controller.phpä¸å­˜åœ¨
2017-10-23 15:13:29 | ::1 | /index.php/public/uploads/201709/201709281038095612609.jpg |defaultåº”ç”¨é‡Œ:controller\public_controller.phpä¸å­˜åœ¨
2017-10-23 15:13:29 | ::1 | /index.php/public/uploads/201709/201709281037598190826.jpg |defaultåº”ç”¨é‡Œ:controller\public_controller.phpä¸å­˜åœ¨
2017-10-23 15:13:29 | ::1 | /index.php/public/uploads/201709/201709281038095612609.jpg |defaultåº”ç”¨é‡Œ:controller\public_controller.phpä¸å­˜åœ¨
2017-10-23 15:14:12 | ::1 | /index.php/public/uploads/201709/201709281037598190826.jpg |defaultåº”ç”¨é‡Œ:controller\public_controller.phpä¸å­˜åœ¨
2017-10-23 15:14:12 | ::1 | /index.php/public/uploads/201709/201709281038095612609.jpg |defaultåº”ç”¨é‡Œ:controller\public_controller.phpä¸å­˜åœ¨
2017-10-23 15:14:12 | ::1 | /index.php/public/uploads/201709/201709281037598190826.jpg |defaultåº”ç”¨é‡Œ:controller\public_controller.phpä¸å­˜åœ¨
2017-10-23 15:14:12 | ::1 | /index.php/public/uploads/201709/201709281038095612609.jpg |defaultåº”ç”¨é‡Œ:controller\public_controller.phpä¸å­˜åœ¨
2017-10-23 15:14:17 | ::1 | /index.php/public/uploads/201709/201709281037598190826.jpg |defaultåº”ç”¨é‡Œ:controller\public_controller.phpä¸å­˜åœ¨
2017-10-23 15:14:17 | ::1 | /index.php/public/uploads/201709/201709281038095612609.jpg |defaultåº”ç”¨é‡Œ:controller\public_controller.phpä¸å­˜åœ¨
2017-10-23 15:14:17 | ::1 | /index.php/public/uploads/201709/201709281037598190826.jpg |defaultåº”ç”¨é‡Œ:controller\public_controller.phpä¸å­˜åœ¨
2017-10-23 15:14:17 | ::1 | /index.php/public/uploads/201709/201709281038095612609.jpg |defaultåº”ç”¨é‡Œ:controller\public_controller.phpä¸å­˜åœ¨
2017-10-23 15:14:23 | ::1 | /index.php/public/uploads/201709/201709281037598190826.jpg |defaultåº”ç”¨é‡Œ:controller\public_controller.phpä¸å­˜åœ¨
2017-10-23 15:14:23 | ::1 | /index.php/public/uploads/201709/201709281038095612609.jpg |defaultåº”ç”¨é‡Œ:controller\public_controller.phpä¸å­˜åœ¨
2017-10-23 15:14:23 | ::1 | /index.php/public/uploads/201709/201709281037598190826.jpg |defaultåº”ç”¨é‡Œ:controller\public_controller.phpä¸å­˜åœ¨
2017-10-23 15:14:23 | ::1 | /index.php/public/uploads/201709/201709281038095612609.jpg |defaultåº”ç”¨é‡Œ:controller\public_controller.phpä¸å­˜åœ¨
2017-10-23 15:16:12 | ::1 | /index.php/public/uploads/201709/201709281037598190826.jpg |defaultåº”ç”¨é‡Œ:controller\public_controller.phpä¸å­˜åœ¨
2017-10-23 15:16:12 | ::1 | /index.php/public/uploads/201709/201709281038095612609.jpg |defaultåº”ç”¨é‡Œ:controller\public_controller.phpä¸å­˜åœ¨
2017-10-23 15:16:13 | ::1 | /index.php/public/uploads/201709/201709281037598190826.jpg |defaultåº”ç”¨é‡Œ:controller\public_controller.phpä¸å­˜åœ¨
2017-10-23 15:16:13 | ::1 | /index.php/public/uploads/201709/201709281038095612609.jpg |defaultåº”ç”¨é‡Œ:controller\public_controller.phpä¸å­˜åœ¨
2017-10-23 15:16:17 | ::1 | /index.php/public/uploads/201709/201709281037598190826.jpg |defaultåº”ç”¨é‡Œ:controller\public_controller.phpä¸å­˜åœ¨
2017-10-23 15:16:17 | ::1 | /index.php/public/uploads/201709/201709281038095612609.jpg |defaultåº”ç”¨é‡Œ:controller\public_controller.phpä¸å­˜åœ¨
2017-10-23 15:16:17 | ::1 | /index.php/public/uploads/201709/201709281037598190826.jpg |defaultåº”ç”¨é‡Œ:controller\public_controller.phpä¸å­˜åœ¨
2017-10-23 15:16:17 | ::1 | /index.php/public/uploads/201709/201709281038095612609.jpg |defaultåº”ç”¨é‡Œ:controller\public_controller.phpä¸å­˜åœ¨
2017-10-23 15:16:23 | ::1 | /index.php/public/uploads/201709/201709281037598190826.jpg |defaultåº”ç”¨é‡Œ:controller\public_controller.phpä¸å­˜åœ¨
2017-10-23 15:16:23 | ::1 | /index.php/public/uploads/201709/201709281038095612609.jpg |defaultåº”ç”¨é‡Œ:controller\public_controller.phpä¸å­˜åœ¨
2017-10-23 15:16:23 | ::1 | /index.php/public/uploads/201709/201709281037598190826.jpg |defaultåº”ç”¨é‡Œ:controller\public_controller.phpä¸å­˜åœ¨
2017-10-23 15:16:23 | ::1 | /index.php/public/uploads/201709/201709281038095612609.jpg |defaultåº”ç”¨é‡Œ:controller\public_controller.phpä¸å­˜åœ¨
2017-10-23 15:16:29 | ::1 | /index.php/public/uploads/201709/201709281037598190826.jpg |defaultåº”ç”¨é‡Œ:controller\public_controller.phpä¸å­˜åœ¨
2017-10-23 15:16:30 | ::1 | /index.php/public/uploads/201709/201709281038095612609.jpg |defaultåº”ç”¨é‡Œ:controller\public_controller.phpä¸å­˜åœ¨
2017-10-23 15:16:30 | ::1 | /index.php/public/uploads/201709/201709281037598190826.jpg |defaultåº”ç”¨é‡Œ:controller\public_controller.phpä¸å­˜åœ¨
2017-10-23 15:16:30 | ::1 | /index.php/public/uploads/201709/201709281038095612609.jpg |defaultåº”ç”¨é‡Œ:controller\public_controller.phpä¸å­˜åœ¨
2017-10-23 15:16:33 | ::1 | /index.php/public/uploads/201709/201709281037598190826.jpg |defaultåº”ç”¨é‡Œ:controller\public_controller.phpä¸å­˜åœ¨
2017-10-23 15:16:33 | ::1 | /index.php/public/uploads/201709/201709281038095612609.jpg |defaultåº”ç”¨é‡Œ:controller\public_controller.phpä¸å­˜åœ¨
2017-10-23 15:16:33 | ::1 | /index.php/public/uploads/201709/201709281037598190826.jpg |defaultåº”ç”¨é‡Œ:controller\public_controller.phpä¸å­˜åœ¨
2017-10-23 15:16:33 | ::1 | /index.php/public/uploads/201709/201709281038095612609.jpg |defaultåº”ç”¨é‡Œ:controller\public_controller.phpä¸å­˜åœ¨
2017-10-23 15:16:46 | ::1 | /index.php/public/uploads/201709/201709281037598190826.jpg |defaultåº”ç”¨é‡Œ:controller\public_controller.phpä¸å­˜åœ¨
2017-10-23 15:16:46 | ::1 | /index.php/public/uploads/201709/201709281038095612609.jpg |defaultåº”ç”¨é‡Œ:controller\public_controller.phpä¸å­˜åœ¨
2017-10-23 15:16:46 | ::1 | /index.php/public/uploads/201709/201709281037598190826.jpg |defaultåº”ç”¨é‡Œ:controller\public_controller.phpä¸å­˜åœ¨
2017-10-23 15:16:46 | ::1 | /index.php/public/uploads/201709/201709281038095612609.jpg |defaultåº”ç”¨é‡Œ:controller\public_controller.phpä¸å­˜åœ¨
2017-10-23 15:16:51 | ::1 | /index.php/public/uploads/201709/201709281037598190826.jpg |defaultåº”ç”¨é‡Œ:controller\public_controller.phpä¸å­˜åœ¨
2017-10-23 15:16:51 | ::1 | /index.php/public/uploads/201709/201709281038095612609.jpg |defaultåº”ç”¨é‡Œ:controller\public_controller.phpä¸å­˜åœ¨
2017-10-23 15:16:51 | ::1 | /index.php/public/uploads/201709/201709281037598190826.jpg |defaultåº”ç”¨é‡Œ:controller\public_controller.phpä¸å­˜åœ¨
2017-10-23 15:16:51 | ::1 | /index.php/public/uploads/201709/201709281038095612609.jpg |defaultåº”ç”¨é‡Œ:controller\public_controller.phpä¸å­˜åœ¨
2017-10-23 15:16:56 | ::1 | /index.php/public/uploads/201709/201709281037598190826.jpg |defaultåº”ç”¨é‡Œ:controller\public_controller.phpä¸å­˜åœ¨
2017-10-23 15:16:56 | ::1 | /index.php/public/uploads/201709/201709281038095612609.jpg |defaultåº”ç”¨é‡Œ:controller\public_controller.phpä¸å­˜åœ¨
2017-10-23 15:17:01 | ::1 | /index.php/public/uploads/201709/201709281037598190826.jpg |defaultåº”ç”¨é‡Œ:controller\public_controller.phpä¸å­˜åœ¨
2017-10-23 15:17:01 | ::1 | /index.php/public/uploads/201709/201709281038095612609.jpg |defaultåº”ç”¨é‡Œ:controller\public_controller.phpä¸å­˜åœ¨
2017-10-23 15:17:01 | ::1 | /index.php/public/uploads/201709/201709281037598190826.jpg |defaultåº”ç”¨é‡Œ:controller\public_controller.phpä¸å­˜åœ¨
2017-10-23 15:17:01 | ::1 | /index.php/public/uploads/201709/201709281038095612609.jpg |defaultåº”ç”¨é‡Œ:controller\public_controller.phpä¸å­˜åœ¨
2017-10-23 15:17:43 | ::1 | /index.php/public/uploads/201709/201709281037598190826.jpg |defaultåº”ç”¨é‡Œ:controller\public_controller.phpä¸å­˜åœ¨
2017-10-23 15:17:43 | ::1 | /index.php/public/uploads/201709/201709281038095612609.jpg |defaultåº”ç”¨é‡Œ:controller\public_controller.phpä¸å­˜åœ¨
2017-10-23 15:17:46 | ::1 | /index.php/public/uploads/201709/201709281037598190826.jpg |defaultåº”ç”¨é‡Œ:controller\public_controller.phpä¸å­˜åœ¨
2017-10-23 15:17:46 | ::1 | /index.php/public/uploads/201709/201709281038095612609.jpg |defaultåº”ç”¨é‡Œ:controller\public_controller.phpä¸å­˜åœ¨
2017-10-23 15:17:46 | ::1 | /index.php/public/uploads/201709/201709281037598190826.jpg |defaultåº”ç”¨é‡Œ:controller\public_controller.phpä¸å­˜åœ¨
2017-10-23 15:17:46 | ::1 | /index.php/public/uploads/201709/201709281038095612609.jpg |defaultåº”ç”¨é‡Œ:controller\public_controller.phpä¸å­˜åœ¨
2017-10-23 15:17:52 | ::1 | /index.php/public/uploads/201709/201709281037598190826.jpg |defaultåº”ç”¨é‡Œ:controller\public_controller.phpä¸å­˜åœ¨
2017-10-23 15:17:52 | ::1 | /index.php/public/uploads/201709/201709281038095612609.jpg |defaultåº”ç”¨é‡Œ:controller\public_controller.phpä¸å­˜åœ¨
2017-10-23 15:17:57 | ::1 | /index.php/public/uploads/201709/201709281037598190826.jpg |defaultåº”ç”¨é‡Œ:controller\public_controller.phpä¸å­˜åœ¨
2017-10-23 15:17:57 | ::1 | /index.php/public/uploads/201709/201709281038095612609.jpg |defaultåº”ç”¨é‡Œ:controller\public_controller.phpä¸å­˜åœ¨
2017-10-23 15:17:57 | ::1 | /index.php/public/uploads/201709/201709281037598190826.jpg |defaultåº”ç”¨é‡Œ:controller\public_controller.phpä¸å­˜åœ¨
2017-10-23 15:17:57 | ::1 | /index.php/public/uploads/201709/201709281038095612609.jpg |defaultåº”ç”¨é‡Œ:controller\public_controller.phpä¸å­˜åœ¨
2017-10-23 15:18:01 | ::1 | /index.php/public/uploads/201709/201709281037598190826.jpg |defaultåº”ç”¨é‡Œ:controller\public_controller.phpä¸å­˜åœ¨
2017-10-23 15:18:01 | ::1 | /index.php/public/uploads/201709/201709281038095612609.jpg |defaultåº”ç”¨é‡Œ:controller\public_controller.phpä¸å­˜åœ¨
2017-10-23 15:18:01 | ::1 | /index.php/public/uploads/201709/201709281037598190826.jpg |defaultåº”ç”¨é‡Œ:controller\public_controller.phpä¸å­˜åœ¨
2017-10-23 15:18:01 | ::1 | /index.php/public/uploads/201709/201709281038095612609.jpg |defaultåº”ç”¨é‡Œ:controller\public_controller.phpä¸å­˜åœ¨
2017-10-23 15:18:08 | ::1 | /index.php/public/uploads/201709/201709182210376979034.png |defaultåº”ç”¨é‡Œ:controller\public_controller.phpä¸å­˜åœ¨
2017-10-23 15:18:08 | ::1 | /index.php/public/uploads/201709/201709190934208884338.png |defaultåº”ç”¨é‡Œ:controller\public_controller.phpä¸å­˜åœ¨
2017-10-23 15:18:08 | ::1 | /index.php/public/uploads/201709/201709280949108441040.png |defaultåº”ç”¨é‡Œ:controller\public_controller.phpä¸å­˜åœ¨
2017-10-23 15:18:12 | ::1 | /index.php/public/uploads/201709/201709182210376979034.png |defaultåº”ç”¨é‡Œ:controller\public_controller.phpä¸å­˜åœ¨
2017-10-23 15:18:12 | ::1 | /index.php/public/uploads/201709/201709190934208884338.png |defaultåº”ç”¨é‡Œ:controller\public_controller.phpä¸å­˜åœ¨
2017-10-23 15:18:12 | ::1 | /index.php/public/uploads/201709/201709280949108441040.png |defaultåº”ç”¨é‡Œ:controller\public_controller.phpä¸å­˜åœ¨
2017-10-23 15:18:17 | ::1 | /index.php/public/uploads/201709/201709182210376979034.png |defaultåº”ç”¨é‡Œ:controller\public_controller.phpä¸å­˜åœ¨
2017-10-23 15:18:17 | ::1 | /index.php/public/uploads/201709/201709190934208884338.png |defaultåº”ç”¨é‡Œ:controller\public_controller.phpä¸å­˜åœ¨
2017-10-23 15:18:17 | ::1 | /index.php/public/uploads/201709/201709280949108441040.png |defaultåº”ç”¨é‡Œ:controller\public_controller.phpä¸å­˜åœ¨
2017-10-23 15:18:22 | ::1 | /index.php/public/uploads/201709/201709182210376979034.png |defaultåº”ç”¨é‡Œ:controller\public_controller.phpä¸å­˜åœ¨
2017-10-23 15:18:22 | ::1 | /index.php/public/uploads/201709/201709190934208884338.png |defaultåº”ç”¨é‡Œ:controller\public_controller.phpä¸å­˜åœ¨
2017-10-23 15:18:22 | ::1 | /index.php/public/uploads/201709/201709280949108441040.png |defaultåº”ç”¨é‡Œ:controller\public_controller.phpä¸å­˜åœ¨
2017-10-23 15:18:32 | ::1 | /index.php/public/uploads/201709/201709182210376979034.png |defaultåº”ç”¨é‡Œ:controller\public_controller.phpä¸å­˜åœ¨
2017-10-23 15:18:32 | ::1 | /index.php/public/uploads/201709/201709190934208884338.png |defaultåº”ç”¨é‡Œ:controller\public_controller.phpä¸å­˜åœ¨
2017-10-23 15:18:32 | ::1 | /index.php/public/uploads/201709/201709280949108441040.png |defaultåº”ç”¨é‡Œ:controller\public_controller.phpä¸å­˜åœ¨
2017-10-23 15:18:36 | ::1 | /index.php/public/uploads/201709/201709182210376979034.png |defaultåº”ç”¨é‡Œ:controller\public_controller.phpä¸å­˜åœ¨
2017-10-23 15:18:36 | ::1 | /index.php/public/uploads/201709/201709190934208884338.png |defaultåº”ç”¨é‡Œ:controller\public_controller.phpä¸å­˜åœ¨
2017-10-23 15:18:36 | ::1 | /index.php/public/uploads/201709/201709280949108441040.png |defaultåº”ç”¨é‡Œ:controller\public_controller.phpä¸å­˜åœ¨
2017-10-23 15:18:39 | ::1 | /index.php/public/uploads/201709/201709182210376979034.png |defaultåº”ç”¨é‡Œ:controller\public_controller.phpä¸å­˜åœ¨
2017-10-23 15:18:39 | ::1 | /index.php/public/uploads/201709/201709190934208884338.png |defaultåº”ç”¨é‡Œ:controller\public_controller.phpä¸å­˜åœ¨
2017-10-23 15:18:40 | ::1 | /index.php/public/uploads/201709/201709280949108441040.png |defaultåº”ç”¨é‡Œ:controller\public_controller.phpä¸å­˜åœ¨
2017-10-23 15:18:43 | ::1 | /index.php/public/uploads/201709/201709182210376979034.png |defaultåº”ç”¨é‡Œ:controller\public_controller.phpä¸å­˜åœ¨
2017-10-23 15:18:43 | ::1 | /index.php/public/uploads/201709/201709190934208884338.png |defaultåº”ç”¨é‡Œ:controller\public_controller.phpä¸å­˜åœ¨
2017-10-23 15:18:43 | ::1 | /index.php/public/uploads/201709/201709280949108441040.png |defaultåº”ç”¨é‡Œ:controller\public_controller.phpä¸å­˜åœ¨
2017-10-23 15:18:57 | ::1 | /index.php/public/uploads/201709/201709182210376979034.png |defaultåº”ç”¨é‡Œ:controller\public_controller.phpä¸å­˜åœ¨
2017-10-23 15:18:57 | ::1 | /index.php/public/uploads/201709/201709190934208884338.png |defaultåº”ç”¨é‡Œ:controller\public_controller.phpä¸å­˜åœ¨
2017-10-23 15:18:57 | ::1 | /index.php/public/uploads/201709/201709280949108441040.png |defaultåº”ç”¨é‡Œ:controller\public_controller.phpä¸å­˜åœ¨
2017-10-23 15:21:01 | ::1 | /index.php/public/uploads/201709/201709182210376979034.png |defaultåº”ç”¨é‡Œ:controller\public_controller.phpä¸å­˜åœ¨
2017-10-23 15:21:01 | ::1 | /index.php/public/uploads/201709/201709190934208884338.png |defaultåº”ç”¨é‡Œ:controller\public_controller.phpä¸å­˜åœ¨
2017-10-23 15:21:01 | ::1 | /index.php/public/uploads/201709/201709280949108441040.png |defaultåº”ç”¨é‡Œ:controller\public_controller.phpä¸å­˜åœ¨
2017-10-23 15:21:05 | ::1 | /index.php/public/uploads/201709/201709281037598190826.jpg |defaultåº”ç”¨é‡Œ:controller\public_controller.phpä¸å­˜åœ¨
2017-10-23 15:21:05 | ::1 | /index.php/public/uploads/201709/201709281038095612609.jpg |defaultåº”ç”¨é‡Œ:controller\public_controller.phpä¸å­˜åœ¨
2017-10-23 15:21:05 | ::1 | /index.php/public/uploads/201709/201709281037598190826.jpg |defaultåº”ç”¨é‡Œ:controller\public_controller.phpä¸å­˜åœ¨
2017-10-23 15:21:05 | ::1 | /index.php/public/uploads/201709/201709281038095612609.jpg |defaultåº”ç”¨é‡Œ:controller\public_controller.phpä¸å­˜åœ¨
2017-10-23 15:21:09 | ::1 | /index.php/public/uploads/201709/201709281037598190826.jpg |defaultåº”ç”¨é‡Œ:controller\public_controller.phpä¸å­˜åœ¨
2017-10-23 15:21:09 | ::1 | /index.php/public/uploads/201709/201709281038095612609.jpg |defaultåº”ç”¨é‡Œ:controller\public_controller.phpä¸å­˜åœ¨
2017-10-23 15:21:09 | ::1 | /index.php/public/uploads/201709/201709281037598190826.jpg |defaultåº”ç”¨é‡Œ:controller\public_controller.phpä¸å­˜åœ¨
2017-10-23 15:21:09 | ::1 | /index.php/public/uploads/201709/201709281038095612609.jpg |defaultåº”ç”¨é‡Œ:controller\public_controller.phpä¸å­˜åœ¨
2017-10-23 15:21:14 | ::1 | /index.php/public/uploads/201709/201709281037598190826.jpg |defaultåº”ç”¨é‡Œ:controller\public_controller.phpä¸å­˜åœ¨
2017-10-23 15:21:14 | ::1 | /index.php/public/uploads/201709/201709281038095612609.jpg |defaultåº”ç”¨é‡Œ:controller\public_controller.phpä¸å­˜åœ¨
2017-10-23 15:21:14 | ::1 | /index.php/public/uploads/201709/201709281037598190826.jpg |defaultåº”ç”¨é‡Œ:controller\public_controller.phpä¸å­˜åœ¨
2017-10-23 15:21:14 | ::1 | /index.php/public/uploads/201709/201709281038095612609.jpg |defaultåº”ç”¨é‡Œ:controller\public_controller.phpä¸å­˜åœ¨
2017-10-23 15:21:20 | ::1 | /index.php/public/uploads/201709/201709281037598190826.jpg |defaultåº”ç”¨é‡Œ:controller\public_controller.phpä¸å­˜åœ¨
2017-10-23 15:21:20 | ::1 | /index.php/public/uploads/201709/201709281038095612609.jpg |defaultåº”ç”¨é‡Œ:controller\public_controller.phpä¸å­˜åœ¨
2017-10-23 15:21:25 | ::1 | /index.php/public/uploads/201709/201709281037598190826.jpg |defaultåº”ç”¨é‡Œ:controller\public_controller.phpä¸å­˜åœ¨
2017-10-23 15:21:25 | ::1 | /index.php/public/uploads/201709/201709281038095612609.jpg |defaultåº”ç”¨é‡Œ:controller\public_controller.phpä¸å­˜åœ¨
2017-10-23 15:21:25 | ::1 | /index.php/public/uploads/201709/201709281037598190826.jpg |defaultåº”ç”¨é‡Œ:controller\public_controller.phpä¸å­˜åœ¨
2017-10-23 15:21:25 | ::1 | /index.php/public/uploads/201709/201709281038095612609.jpg |defaultåº”ç”¨é‡Œ:controller\public_controller.phpä¸å­˜åœ¨
2017-10-23 15:21:27 | ::1 | /index.php/public/uploads/201709/201709281037598190826.jpg |defaultåº”ç”¨é‡Œ:controller\public_controller.phpä¸å­˜åœ¨
2017-10-23 15:21:27 | ::1 | /index.php/public/uploads/201709/201709281038095612609.jpg |defaultåº”ç”¨é‡Œ:controller\public_controller.phpä¸å­˜åœ¨
2017-10-23 15:21:37 | ::1 | /index.php/public/uploads/201709/201709281037598190826.jpg |defaultåº”ç”¨é‡Œ:controller\public_controller.phpä¸å­˜åœ¨
2017-10-23 15:21:37 | ::1 | /index.php/public/uploads/201709/201709281038095612609.jpg |defaultåº”ç”¨é‡Œ:controller\public_controller.phpä¸å­˜åœ¨
2017-10-23 15:21:38 | ::1 | /index.php/public/uploads/201709/201709281037598190826.jpg |defaultåº”ç”¨é‡Œ:controller\public_controller.phpä¸å­˜åœ¨
2017-10-23 15:21:38 | ::1 | /index.php/public/uploads/201709/201709281038095612609.jpg |defaultåº”ç”¨é‡Œ:controller\public_controller.phpä¸å­˜åœ¨
2017-10-23 15:21:45 | ::1 | /index.php/public/uploads/201709/201709182210376979034.png |defaultåº”ç”¨é‡Œ:controller\public_controller.phpä¸å­˜åœ¨
2017-10-23 15:21:45 | ::1 | /index.php/public/uploads/201709/201709190934208884338.png |defaultåº”ç”¨é‡Œ:controller\public_controller.phpä¸å­˜åœ¨
2017-10-23 15:21:45 | ::1 | /index.php/public/uploads/201709/201709280949108441040.png |defaultåº”ç”¨é‡Œ:controller\public_controller.phpä¸å­˜åœ¨
2017-10-23 15:21:55 | ::1 | /index.php/public/uploads/201709/201709182210376979034.png |defaultåº”ç”¨é‡Œ:controller\public_controller.phpä¸å­˜åœ¨
2017-10-23 15:21:55 | ::1 | /index.php/public/uploads/201709/201709190934208884338.png |defaultåº”ç”¨é‡Œ:controller\public_controller.phpä¸å­˜åœ¨
2017-10-23 15:21:55 | ::1 | /index.php/public/uploads/201709/201709280949108441040.png |defaultåº”ç”¨é‡Œ:controller\public_controller.phpä¸å­˜åœ¨
2017-10-23 15:22:17 | ::1 | /index.php/public/uploads/201709/201709182210376979034.png |defaultåº”ç”¨é‡Œ:controller\public_controller.phpä¸å­˜åœ¨
2017-10-23 15:22:17 | ::1 | /index.php/public/uploads/201709/201709190934208884338.png |defaultåº”ç”¨é‡Œ:controller\public_controller.phpä¸å­˜åœ¨
2017-10-23 15:22:17 | ::1 | /index.php/public/uploads/201709/201709280949108441040.png |defaultåº”ç”¨é‡Œ:controller\public_controller.phpä¸å­˜åœ¨
2017-10-23 15:22:22 | ::1 | /index.php/public/uploads/201709/201709182210376979034.png |defaultåº”ç”¨é‡Œ:controller\public_controller.phpä¸å­˜åœ¨
2017-10-23 15:22:22 | ::1 | /index.php/public/uploads/201709/201709190934208884338.png |defaultåº”ç”¨é‡Œ:controller\public_controller.phpä¸å­˜åœ¨
2017-10-23 15:22:22 | ::1 | /index.php/public/uploads/201709/201709280949108441040.png |defaultåº”ç”¨é‡Œ:controller\public_controller.phpä¸å­˜åœ¨
2017-10-23 15:22:26 | ::1 | /index.php/public/uploads/201709/201709182210376979034.png |defaultåº”ç”¨é‡Œ:controller\public_controller.phpä¸å­˜åœ¨
2017-10-23 15:22:26 | ::1 | /index.php/public/uploads/201709/201709190934208884338.png |defaultåº”ç”¨é‡Œ:controller\public_controller.phpä¸å­˜åœ¨
2017-10-23 15:22:26 | ::1 | /index.php/public/uploads/201709/201709280949108441040.png |defaultåº”ç”¨é‡Œ:controller\public_controller.phpä¸å­˜åœ¨
2017-10-23 15:22:32 | ::1 | /index.php/public/uploads/201709/201709182210376979034.png |defaultåº”ç”¨é‡Œ:controller\public_controller.phpä¸å­˜åœ¨
2017-10-23 15:22:32 | ::1 | /index.php/public/uploads/201709/201709190934208884338.png |defaultåº”ç”¨é‡Œ:controller\public_controller.phpä¸å­˜åœ¨
2017-10-23 15:22:32 | ::1 | /index.php/public/uploads/201709/201709280949108441040.png |defaultåº”ç”¨é‡Œ:controller\public_controller.phpä¸å­˜åœ¨
2017-10-23 15:22:38 | ::1 | /index.php/public/uploads/201709/201709182210376979034.png |defaultåº”ç”¨é‡Œ:controller\public_controller.phpä¸å­˜åœ¨
2017-10-23 15:22:38 | ::1 | /index.php/public/uploads/201709/201709190934208884338.png |defaultåº”ç”¨é‡Œ:controller\public_controller.phpä¸å­˜åœ¨
2017-10-23 15:22:38 | ::1 | /index.php/public/uploads/201709/201709280949108441040.png |defaultåº”ç”¨é‡Œ:controller\public_controller.phpä¸å­˜åœ¨
2017-10-23 15:22:42 | ::1 | /index.php/public/uploads/201709/201709182210376979034.png |defaultåº”ç”¨é‡Œ:controller\public_controller.phpä¸å­˜åœ¨
2017-10-23 15:22:42 | ::1 | /index.php/public/uploads/201709/201709190934208884338.png |defaultåº”ç”¨é‡Œ:controller\public_controller.phpä¸å­˜åœ¨
2017-10-23 15:22:42 | ::1 | /index.php/public/uploads/201709/201709280949108441040.png |defaultåº”ç”¨é‡Œ:controller\public_controller.phpä¸å­˜åœ¨
2017-10-23 15:22:51 | ::1 | /index.php/public/uploads/201709/201709182210376979034.png |defaultåº”ç”¨é‡Œ:controller\public_controller.phpä¸å­˜åœ¨
2017-10-23 15:22:51 | ::1 | /index.php/public/uploads/201709/201709190934208884338.png |defaultåº”ç”¨é‡Œ:controller\public_controller.phpä¸å­˜åœ¨
2017-10-23 15:22:51 | ::1 | /index.php/public/uploads/201709/201709280949108441040.png |defaultåº”ç”¨é‡Œ:controller\public_controller.phpä¸å­˜åœ¨
2017-10-23 15:22:54 | ::1 | /index.php/public/uploads/201709/201709182210376979034.png |defaultåº”ç”¨é‡Œ:controller\public_controller.phpä¸å­˜åœ¨
2017-10-23 15:22:54 | ::1 | /index.php/public/uploads/201709/201709190934208884338.png |defaultåº”ç”¨é‡Œ:controller\public_controller.phpä¸å­˜åœ¨
2017-10-23 15:22:54 | ::1 | /index.php/public/uploads/201709/201709280949108441040.png |defaultåº”ç”¨é‡Œ:controller\public_controller.phpä¸å­˜åœ¨
2017-10-23 15:23:02 | ::1 | /index.php/public/uploads/201709/201709182210376979034.png |defaultåº”ç”¨é‡Œ:controller\public_controller.phpä¸å­˜åœ¨
2017-10-23 15:23:02 | ::1 | /index.php/public/uploads/201709/201709190934208884338.png |defaultåº”ç”¨é‡Œ:controller\public_controller.phpä¸å­˜åœ¨
2017-10-23 15:23:02 | ::1 | /index.php/public/uploads/201709/201709280949108441040.png |defaultåº”ç”¨é‡Œ:controller\public_controller.phpä¸å­˜åœ¨
2017-10-23 15:23:08 | ::1 | /index.php/public/uploads/201709/201709182210376979034.png |defaultåº”ç”¨é‡Œ:controller\public_controller.phpä¸å­˜åœ¨
2017-10-23 15:23:09 | ::1 | /index.php/public/uploads/201709/201709190934208884338.png |defaultåº”ç”¨é‡Œ:controller\public_controller.phpä¸å­˜åœ¨
2017-10-23 15:23:09 | ::1 | /index.php/public/uploads/201709/201709280949108441040.png |defaultåº”ç”¨é‡Œ:controller\public_controller.phpä¸å­˜åœ¨
2017-10-23 15:23:13 | ::1 | /index.php/public/uploads/201709/201709182210376979034.png |defaultåº”ç”¨é‡Œ:controller\public_controller.phpä¸å­˜åœ¨
2017-10-23 15:23:13 | ::1 | /index.php/public/uploads/201709/201709190934208884338.png |defaultåº”ç”¨é‡Œ:controller\public_controller.phpä¸å­˜åœ¨
2017-10-23 15:23:13 | ::1 | /index.php/public/uploads/201709/201709280949108441040.png |defaultåº”ç”¨é‡Œ:controller\public_controller.phpä¸å­˜åœ¨
2017-10-23 15:23:18 | ::1 | /index.php/public/uploads/201709/201709182210376979034.png |defaultåº”ç”¨é‡Œ:controller\public_controller.phpä¸å­˜åœ¨
2017-10-23 15:23:18 | ::1 | /index.php/public/uploads/201709/201709190934208884338.png |defaultåº”ç”¨é‡Œ:controller\public_controller.phpä¸å­˜åœ¨
2017-10-23 15:23:18 | ::1 | /index.php/public/uploads/201709/201709280949108441040.png |defaultåº”ç”¨é‡Œ:controller\public_controller.phpä¸å­˜åœ¨
2017-10-23 15:23:28 | ::1 | /index.php/public/uploads/201709/201709182210376979034.png |defaultåº”ç”¨é‡Œ:controller\public_controller.phpä¸å­˜åœ¨
2017-10-23 15:23:28 | ::1 | /index.php/public/uploads/201709/201709190934208884338.png |defaultåº”ç”¨é‡Œ:controller\public_controller.phpä¸å­˜åœ¨
2017-10-23 15:23:28 | ::1 | /index.php/public/uploads/201709/201709280949108441040.png |defaultåº”ç”¨é‡Œ:controller\public_controller.phpä¸å­˜åœ¨
2017-10-23 15:23:45 | ::1 | /index.php/public/uploads/201709/201709182210376979034.png |defaultåº”ç”¨é‡Œ:controller\public_controller.phpä¸å­˜åœ¨
2017-10-23 15:23:45 | ::1 | /index.php/public/uploads/201709/201709190934208884338.png |defaultåº”ç”¨é‡Œ:controller\public_controller.phpä¸å­˜åœ¨
2017-10-23 15:23:45 | ::1 | /index.php/public/uploads/201709/201709280949108441040.png |defaultåº”ç”¨é‡Œ:controller\public_controller.phpä¸å­˜åœ¨
2017-10-23 15:23:50 | ::1 | /index.php/public/uploads/201709/201709182210376979034.png |defaultåº”ç”¨é‡Œ:controller\public_controller.phpä¸å­˜åœ¨
2017-10-23 15:23:50 | ::1 | /index.php/public/uploads/201709/201709190934208884338.png |defaultåº”ç”¨é‡Œ:controller\public_controller.phpä¸å­˜åœ¨
2017-10-23 15:23:50 | ::1 | /index.php/public/uploads/201709/201709280949108441040.png |defaultåº”ç”¨é‡Œ:controller\public_controller.phpä¸å­˜åœ¨
2017-10-23 15:23:53 | ::1 | /index.php/public/uploads/201709/201709182210376979034.png |defaultåº”ç”¨é‡Œ:controller\public_controller.phpä¸å­˜åœ¨
2017-10-23 15:23:53 | ::1 | /index.php/public/uploads/201709/201709190934208884338.png |defaultåº”ç”¨é‡Œ:controller\public_controller.phpä¸å­˜åœ¨
2017-10-23 15:23:53 | ::1 | /index.php/public/uploads/201709/201709280949108441040.png |defaultåº”ç”¨é‡Œ:controller\public_controller.phpä¸å­˜åœ¨
2017-10-23 15:23:57 | ::1 | /index.php/public/uploads/201709/201709281037598190826.jpg |defaultåº”ç”¨é‡Œ:controller\public_controller.phpä¸å­˜åœ¨
2017-10-23 15:23:57 | ::1 | /index.php/public/uploads/201709/201709281038095612609.jpg |defaultåº”ç”¨é‡Œ:controller\public_controller.phpä¸å­˜åœ¨
2017-10-23 15:23:57 | ::1 | /index.php/public/uploads/201709/201709281037598190826.jpg |defaultåº”ç”¨é‡Œ:controller\public_controller.phpä¸å­˜åœ¨
2017-10-23 15:23:57 | ::1 | /index.php/public/uploads/201709/201709281038095612609.jpg |defaultåº”ç”¨é‡Œ:controller\public_controller.phpä¸å­˜åœ¨
2017-10-23 15:24:01 | ::1 | /index.php/public/uploads/201709/201709281037598190826.jpg |defaultåº”ç”¨é‡Œ:controller\public_controller.phpä¸å­˜åœ¨
2017-10-23 15:24:01 | ::1 | /index.php/public/uploads/201709/201709281038095612609.jpg |defaultåº”ç”¨é‡Œ:controller\public_controller.phpä¸å­˜åœ¨
2017-10-23 15:24:01 | ::1 | /index.php/public/uploads/201709/201709281037598190826.jpg |defaultåº”ç”¨é‡Œ:controller\public_controller.phpä¸å­˜åœ¨
2017-10-23 15:24:01 | ::1 | /index.php/public/uploads/201709/201709281038095612609.jpg |defaultåº”ç”¨é‡Œ:controller\public_controller.phpä¸å­˜åœ¨
2017-10-23 15:24:06 | ::1 | /index.php/public/uploads/201709/201709281037598190826.jpg |defaultåº”ç”¨é‡Œ:controller\public_controller.phpä¸å­˜åœ¨
2017-10-23 15:24:06 | ::1 | /index.php/public/uploads/201709/201709281038095612609.jpg |defaultåº”ç”¨é‡Œ:controller\public_controller.phpä¸å­˜åœ¨
2017-10-23 15:24:06 | ::1 | /index.php/public/uploads/201709/201709281037598190826.jpg |defaultåº”ç”¨é‡Œ:controller\public_controller.phpä¸å­˜åœ¨
2017-10-23 15:24:06 | ::1 | /index.php/public/uploads/201709/201709281038095612609.jpg |defaultåº”ç”¨é‡Œ:controller\public_controller.phpä¸å­˜åœ¨
2017-10-23 15:24:09 | ::1 | /index.php/public/uploads/201709/201709182210376979034.png |defaultåº”ç”¨é‡Œ:controller\public_controller.phpä¸å­˜åœ¨
2017-10-23 15:24:09 | ::1 | /index.php/public/uploads/201709/201709190934208884338.png |defaultåº”ç”¨é‡Œ:controller\public_controller.phpä¸å­˜åœ¨
2017-10-23 15:24:09 | ::1 | /index.php/public/uploads/201709/201709280949108441040.png |defaultåº”ç”¨é‡Œ:controller\public_controller.phpä¸å­˜åœ¨
2017-10-23 15:24:12 | ::1 | /index.php/public/uploads/201709/201709281037598190826.jpg |defaultåº”ç”¨é‡Œ:controller\public_controller.phpä¸å­˜åœ¨
2017-10-23 15:24:12 | ::1 | /index.php/public/uploads/201709/201709281038095612609.jpg |defaultåº”ç”¨é‡Œ:controller\public_controller.phpä¸å­˜åœ¨
2017-10-23 15:24:12 | ::1 | /index.php/public/uploads/201709/201709281037598190826.jpg |defaultåº”ç”¨é‡Œ:controller\public_controller.phpä¸å­˜åœ¨
2017-10-23 15:24:12 | ::1 | /index.php/public/uploads/201709/201709281038095612609.jpg |defaultåº”ç”¨é‡Œ:controller\public_controller.phpä¸å­˜åœ¨
2017-10-23 15:24:14 | ::1 | /index.php/public/uploads/201709/201709281344311453186.jpg |defaultåº”ç”¨é‡Œ:controller\public_controller.phpä¸å­˜åœ¨
2017-10-23 15:24:14 | ::1 | /index.php/public/uploads/201709/201709281344207151519.jpg |defaultåº”ç”¨é‡Œ:controller\public_controller.phpä¸å­˜åœ¨
2017-10-23 15:24:14 | ::1 | /index.php/public/uploads/201709/201709281344444006683.jpg |defaultåº”ç”¨é‡Œ:controller\public_controller.phpä¸å­˜åœ¨
2017-10-23 15:24:14 | ::1 | /index.php/public/uploads/201709/201709281344311453186.jpg |defaultåº”ç”¨é‡Œ:controller\public_controller.phpä¸å­˜åœ¨
2017-10-23 15:24:18 | ::1 | /index.php/public/uploads/201709/201709281344311453186.jpg |defaultåº”ç”¨é‡Œ:controller\public_controller.phpä¸å­˜åœ¨
2017-10-23 15:24:18 | ::1 | /index.php/public/uploads/201709/201709281344207151519.jpg |defaultåº”ç”¨é‡Œ:controller\public_controller.phpä¸å­˜åœ¨
2017-10-23 15:24:18 | ::1 | /index.php/public/uploads/201709/201709281344444006683.jpg |defaultåº”ç”¨é‡Œ:controller\public_controller.phpä¸å­˜åœ¨
2017-10-23 15:24:19 | ::1 | /index.php/public/uploads/201709/201709281344311453186.jpg |defaultåº”ç”¨é‡Œ:controller\public_controller.phpä¸å­˜åœ¨
2017-10-23 15:24:22 | ::1 | /index.php/public/uploads/201709/201709281037598190826.jpg |defaultåº”ç”¨é‡Œ:controller\public_controller.phpä¸å­˜åœ¨
2017-10-23 15:24:22 | ::1 | /index.php/public/uploads/201709/201709281038095612609.jpg |defaultåº”ç”¨é‡Œ:controller\public_controller.phpä¸å­˜åœ¨
2017-10-23 15:24:22 | ::1 | /index.php/public/uploads/201709/201709281037598190826.jpg |defaultåº”ç”¨é‡Œ:controller\public_controller.phpä¸å­˜åœ¨
2017-10-23 15:24:22 | ::1 | /index.php/public/uploads/201709/201709281038095612609.jpg |defaultåº”ç”¨é‡Œ:controller\public_controller.phpä¸å­˜åœ¨
2017-10-23 15:25:12 | ::1 | /index.php/public/uploads/201709/201709281038095612609.jpg |defaultåº”ç”¨é‡Œ:controller\public_controller.phpä¸å­˜åœ¨
2017-10-23 15:25:12 | ::1 | /index.php/public/uploads/201709/201709281037598190826.jpg |defaultåº”ç”¨é‡Œ:controller\public_controller.phpä¸å­˜åœ¨
2017-10-23 15:25:12 | ::1 | /index.php/public/uploads/201709/201709281038095612609.jpg |defaultåº”ç”¨é‡Œ:controller\public_controller.phpä¸å­˜åœ¨
2017-10-23 15:25:12 | ::1 | /index.php/public/uploads/201709/201709281037598190826.jpg |defaultåº”ç”¨é‡Œ:controller\public_controller.phpä¸å­˜åœ¨
2017-10-23 15:28:51 | ::1 | /index.php/public/uploads/201709/201709182210376979034.png |defaultåº”ç”¨é‡Œ:controller\public_controller.phpä¸å­˜åœ¨
2017-10-23 15:28:51 | ::1 | /index.php/public/uploads/201709/201709190934208884338.png |defaultåº”ç”¨é‡Œ:controller\public_controller.phpä¸å­˜åœ¨
2017-10-23 15:28:52 | ::1 | /index.php/public/uploads/201709/201709280949108441040.png |defaultåº”ç”¨é‡Œ:controller\public_controller.phpä¸å­˜åœ¨
