2017-09-27 15:31:58 | ::1 | /index.php/include/thumb.php |default应用里:controller\include_controller.php不存在
2017-09-27 15:31:58 | ::1 | /index.php/include/thumb.php |default应用里:controller\include_controller.php不存在
2017-09-27 15:31:58 | ::1 | /index.php/include/thumb.php |default应用里:controller\include_controller.php不存在
2017-09-27 15:31:58 | ::1 | /index.php/include/thumb.php |default应用里:controller\include_controller.php不存在
2017-09-27 15:31:58 | ::1 | /index.php/include/thumb.php |default应用里:controller\include_controller.php不存在
2017-09-27 15:31:58 | ::1 | /index.php/include/thumb.php |default应用里:controller\include_controller.php不存在
2017-09-27 15:32:00 | ::1 | /index.php/include/thumb.php |default应用里:controller\include_controller.php不存在
2017-09-27 15:32:00 | ::1 | /index.php/include/thumb.php |default应用里:controller\include_controller.php不存在
2017-09-27 15:32:00 | ::1 | /index.php/include/thumb.php |default应用里:controller\include_controller.php不存在
2017-09-27 15:33:02 | ::1 | /index.php/include/thumb.jpg |default应用里:controller\include_controller.php不存在
2017-09-27 15:33:02 | ::1 | /index.php/include/thumb_4.jpg |default应用里:controller\include_controller.php不存在
2017-09-27 15:33:02 | ::1 | /index.php/include/thumb_6.jpg |default应用里:controller\include_controller.php不存在
2017-09-27 15:33:02 | ::1 | /index.php/include/thumb_7.jpg |default应用里:controller\include_controller.php不存在
2017-09-27 15:33:02 | ::1 | /index.php/include/thumb.jpg |default应用里:controller\include_controller.php不存在
2017-09-27 15:33:02 | ::1 | /index.php/include/thumb_4.jpg |default应用里:controller\include_controller.php不存在
2017-09-27 15:33:02 | ::1 | /index.php/include/thumb_6.jpg |default应用里:controller\include_controller.php不存在
2017-09-27 15:33:02 | ::1 | /index.php/include/thumb.php |default应用里:controller\include_controller.php不存在
2017-09-27 15:33:02 | ::1 | /index.php/include/thumb_7.jpg |default应用里:controller\include_controller.php不存在
2017-09-27 15:33:02 | ::1 | /index.php/include/thumb.php |default应用里:controller\include_controller.php不存在
2017-09-27 15:33:02 | ::1 | /index.php/include/thumb.php |default应用里:controller\include_controller.php不存在
2017-09-27 15:33:02 | ::1 | /index.php/include/thumb.php |default应用里:controller\include_controller.php不存在
2017-09-27 15:33:02 | ::1 | /index.php/include/thumb.php |default应用里:controller\include_controller.php不存在
2017-09-27 15:33:02 | ::1 | /index.php/include/thumb.php |default应用里:controller\include_controller.php不存在
2017-09-27 15:33:04 | ::1 | /index.php/include/thumb.php |default应用里:controller\include_controller.php不存在
2017-09-27 15:33:04 | ::1 | /index.php/include/thumb.php |default应用里:controller\include_controller.php不存在
2017-09-27 15:33:04 | ::1 | /index.php/include/thumb.php |default应用里:controller\include_controller.php不存在
2017-09-27 15:33:04 | ::1 | /index.php/include/thumb.php |default应用里:controller\include_controller.php不存在
2017-09-27 15:33:04 | ::1 | /index.php/include/thumb.php |default应用里:controller\include_controller.php不存在
2017-09-27 15:33:04 | ::1 | /index.php/include/thumb.php |default应用里:controller\include_controller.php不存在
2017-09-27 15:33:09 | ::1 | /index.php/include/thumb.php |default应用里:controller\include_controller.php不存在
2017-09-27 15:33:09 | ::1 | /index.php/include/thumb.php |default应用里:controller\include_controller.php不存在
2017-09-27 15:33:09 | ::1 | /index.php/include/thumb.php |default应用里:controller\include_controller.php不存在
2017-09-27 15:33:09 | ::1 | /index.php/include/thumb.php |default应用里:controller\include_controller.php不存在
2017-09-27 15:33:09 | ::1 | /index.php/include/thumb.php |default应用里:controller\include_controller.php不存在
2017-09-27 15:33:09 | ::1 | /index.php/include/thumb.php |default应用里:controller\include_controller.php不存在
2017-09-27 15:33:11 | ::1 | /index.php/include/thumb_9.jpg |default应用里:controller\include_controller.php不存在
2017-09-27 15:33:11 | ::1 | /index.php/include/thumb_10.jpg |default应用里:controller\include_controller.php不存在
2017-09-27 15:33:12 | ::1 | /index.php/include/thumb_9.jpg |default应用里:controller\include_controller.php不存在
2017-09-27 15:33:12 | ::1 | /index.php/include/thumb_10.jpg |default应用里:controller\include_controller.php不存在
2017-09-27 15:33:13 | ::1 | /index.php/include/thumb.php |default应用里:controller\include_controller.php不存在
2017-09-27 15:33:13 | ::1 | /index.php/include/thumb.php |default应用里:controller\include_controller.php不存在
2017-09-27 15:33:17 | ::1 | /index.php/include/thumb.php |default应用里:controller\include_controller.php不存在
2017-09-27 15:33:17 | ::1 | /index.php/include/thumb.php |default应用里:controller\include_controller.php不存在
2017-09-27 15:33:17 | ::1 | /index.php/include/thumb.php |default应用里:controller\include_controller.php不存在
2017-09-27 15:33:17 | ::1 | /index.php/include/thumb.php |default应用里:controller\include_controller.php不存在
2017-09-27 15:33:17 | ::1 | /index.php/include/thumb.php |default应用里:controller\include_controller.php不存在
2017-09-27 15:33:17 | ::1 | /index.php/include/thumb.php |default应用里:controller\include_controller.php不存在
2017-09-27 15:33:19 | ::1 | /index.php/feedback/feedback.html |default应用里:controller\feedback_controller.php 文件中不存在 feedback 方法
2017-09-27 15:33:21 | ::1 | /index.php/include/thumb.php |default应用里:controller\include_controller.php不存在
2017-09-27 15:33:21 | ::1 | /index.php/include/thumb.php |default应用里:controller\include_controller.php不存在
2017-09-27 15:33:21 | ::1 | /index.php/include/thumb.php |default应用里:controller\include_controller.php不存在
2017-09-27 15:33:21 | ::1 | /index.php/include/thumb.php |default应用里:controller\include_controller.php不存在
2017-09-27 15:33:21 | ::1 | /index.php/include/thumb.php |default应用里:controller\include_controller.php不存在
2017-09-27 15:33:21 | ::1 | /index.php/include/thumb.php |default应用里:controller\include_controller.php不存在
2017-09-27 15:33:25 | ::1 | /index.php/include/thumb.php |default应用里:controller\include_controller.php不存在
2017-09-27 15:33:25 | ::1 | /index.php/include/thumb.php |default应用里:controller\include_controller.php不存在
2017-09-27 15:33:25 | ::1 | /index.php/include/thumb.php |default应用里:controller\include_controller.php不存在
2017-09-27 15:33:25 | ::1 | /index.php/include/thumb.php |default应用里:controller\include_controller.php不存在
2017-09-27 15:33:25 | ::1 | /index.php/include/thumb.php |default应用里:controller\include_controller.php不存在
2017-09-27 15:33:25 | ::1 | /index.php/include/thumb.php |default应用里:controller\include_controller.php不存在
2017-09-27 15:33:26 | ::1 | /index.php/include/thumb.php |default应用里:controller\include_controller.php不存在
2017-09-27 15:33:26 | ::1 | /index.php/include/thumb.php |default应用里:controller\include_controller.php不存在
2017-09-27 15:33:27 | ::1 | /index.php/include/thumb.php |default应用里:controller\include_controller.php不存在
2017-09-27 15:39:08 | ::1 | /index.php/include/thumb.jpg |default应用里:controller\include_controller.php不存在
2017-09-27 15:39:08 | ::1 | /index.php/include/thumb_4.jpg |default应用里:controller\include_controller.php不存在
2017-09-27 15:39:08 | ::1 | /index.php/include/thumb_6.jpg |default应用里:controller\include_controller.php不存在
2017-09-27 15:39:08 | ::1 | /index.php/include/thumb_7.jpg |default应用里:controller\include_controller.php不存在
2017-09-27 15:39:08 | ::1 | /index.php/include/thumb.jpg |default应用里:controller\include_controller.php不存在
2017-09-27 15:39:08 | ::1 | /index.php/include/thumb_4.jpg |default应用里:controller\include_controller.php不存在
2017-09-27 15:39:08 | ::1 | /index.php/include/thumb.php |default应用里:controller\include_controller.php不存在
2017-09-27 15:39:08 | ::1 | /index.php/include/thumb_6.jpg |default应用里:controller\include_controller.php不存在
2017-09-27 15:39:08 | ::1 | /index.php/include/thumb_7.jpg |default应用里:controller\include_controller.php不存在
2017-09-27 15:39:08 | ::1 | /index.php/include/thumb.php |default应用里:controller\include_controller.php不存在
2017-09-27 15:39:08 | ::1 | /index.php/include/thumb.php |default应用里:controller\include_controller.php不存在
2017-09-27 15:39:08 | ::1 | /index.php/include/thumb.php |default应用里:controller\include_controller.php不存在
2017-09-27 15:39:08 | ::1 | /index.php/include/thumb.php |default应用里:controller\include_controller.php不存在
2017-09-27 15:39:08 | ::1 | /index.php/include/thumb.php |default应用里:controller\include_controller.php不存在
2017-09-27 15:39:09 | ::1 | /index.php/include/thumb.php |default应用里:controller\include_controller.php不存在
2017-09-27 15:39:10 | ::1 | /index.php/include/thumb.php |default应用里:controller\include_controller.php不存在
2017-09-27 15:39:10 | ::1 | /index.php/include/thumb.php |default应用里:controller\include_controller.php不存在
2017-09-27 15:39:10 | ::1 | /index.php/include/thumb.php |default应用里:controller\include_controller.php不存在
2017-09-27 15:39:16 | ::1 | /index.php/download/download.html |default应用里:controller\download_controller.php不存在
2017-09-27 15:39:37 | ::1 | /index.php/include/thumb_9.jpg |default应用里:controller\include_controller.php不存在
2017-09-27 15:39:37 | ::1 | /index.php/include/thumb_10.jpg |default应用里:controller\include_controller.php不存在
2017-09-27 15:39:38 | ::1 | /index.php/include/thumb_9.jpg |default应用里:controller\include_controller.php不存在
2017-09-27 15:39:38 | ::1 | /index.php/include/thumb_10.jpg |default应用里:controller\include_controller.php不存在
2017-09-27 15:39:40 | ::1 | /index.php/include/thumb.php |default应用里:controller\include_controller.php不存在
2017-09-27 15:39:40 | ::1 | /index.php/include/thumb.php |default应用里:controller\include_controller.php不存在
2017-09-27 15:39:40 | ::1 | /index.php/include/thumb.php |default应用里:controller\include_controller.php不存在
2017-09-27 15:44:30 | ::1 | /index.php/public/default/img/2015020201454781.jpg |default应用里:controller\public_controller.php不存在
2017-09-27 15:44:30 | ::1 | /index.php/public/default/jquery_seajs.js |default应用里:controller\public_controller.php不存在
2017-09-27 15:47:22 | ::1 | /index.php/upload/201605/1464081530.jpg |default应用里:controller\upload_controller.php不存在
2017-09-27 15:53:06 | ::1 | /index.php/include/thumb_9.jpg |default应用里:controller\include_controller.php不存在
2017-09-27 15:53:06 | ::1 | /index.php/include/thumb_10.jpg |default应用里:controller\include_controller.php不存在
2017-09-27 15:53:06 | ::1 | /index.php/include/thumb_9.jpg |default应用里:controller\include_controller.php不存在
2017-09-27 15:53:06 | ::1 | /index.php/include/thumb_10.jpg |default应用里:controller\include_controller.php不存在
2017-09-27 15:53:30 | ::1 | /index.php/include/thumb.php |default应用里:controller\include_controller.php不存在
2017-09-27 15:54:37 | ::1 | /index.php/include/thumb_9.jpg |default应用里:controller\include_controller.php不存在
2017-09-27 15:54:37 | ::1 | /index.php/include/thumb_10.jpg |default应用里:controller\include_controller.php不存在
2017-09-27 15:54:37 | ::1 | /index.php/include/thumb_9.jpg |default应用里:controller\include_controller.php不存在
2017-09-27 15:54:37 | ::1 | /index.php/include/thumb_10.jpg |default应用里:controller\include_controller.php不存在
2017-09-27 15:55:28 | ::1 | /index.php/include/thumb.php |default应用里:controller\include_controller.php不存在
2017-09-27 15:58:03 | ::1 | /index.php/include/thumb.php |default应用里:controller\include_controller.php不存在
2017-09-27 15:58:22 | ::1 | /index.php/include/thumb.php |default应用里:controller\include_controller.php不存在
2017-09-27 16:01:33 | ::1 | /index.php/include/thumb_9.jpg |default应用里:controller\include_controller.php不存在
2017-09-27 16:01:33 | ::1 | /index.php/include/thumb_10.jpg |default应用里:controller\include_controller.php不存在
2017-09-27 16:01:34 | ::1 | /index.php/include/thumb_10.jpg |default应用里:controller\include_controller.php不存在
2017-09-27 16:01:34 | ::1 | /index.php/include/thumb_9.jpg |default应用里:controller\include_controller.php不存在
2017-09-27 16:01:35 | ::1 | /index.php/include/thumb.php |default应用里:controller\include_controller.php不存在
2017-09-27 16:01:35 | ::1 | /index.php/include/thumb.php |default应用里:controller\include_controller.php不存在
2017-09-27 16:01:35 | ::1 | /index.php/include/thumb.php |default应用里:controller\include_controller.php不存在
2017-09-27 16:03:01 | ::1 | /index.php/download/download.html |default应用里:controller\download_controller.php不存在
2017-09-27 16:04:36 | ::1 | /index.php/service/product.html |default应用里:controller\service_controller.php 文件中不存在 product 方法
2017-09-27 16:04:40 | ::1 | /index.php/service/product/product_2.htm |default应用里:controller\service_controller.php 文件中不存在 product 方法
2017-09-27 16:04:57 | ::1 | /index.php/include/thumb.jpg |default应用里:controller\include_controller.php不存在
2017-09-27 16:04:57 | ::1 | /index.php/include/thumb_4.jpg |default应用里:controller\include_controller.php不存在
2017-09-27 16:04:57 | ::1 | /index.php/include/thumb_6.jpg |default应用里:controller\include_controller.php不存在
2017-09-27 16:04:57 | ::1 | /index.php/include/thumb_7.jpg |default应用里:controller\include_controller.php不存在
2017-09-27 16:04:57 | ::1 | /index.php/include/thumb.jpg |default应用里:controller\include_controller.php不存在
2017-09-27 16:04:57 | ::1 | /index.php/include/thumb_4.jpg |default应用里:controller\include_controller.php不存在
2017-09-27 16:04:57 | ::1 | /index.php/include/thumb.php |default应用里:controller\include_controller.php不存在
2017-09-27 16:04:57 | ::1 | /index.php/include/thumb.php |default应用里:controller\include_controller.php不存在
2017-09-27 16:04:57 | ::1 | /index.php/include/thumb_7.jpg |default应用里:controller\include_controller.php不存在
2017-09-27 16:04:57 | ::1 | /index.php/include/thumb_6.jpg |default应用里:controller\include_controller.php不存在
2017-09-27 16:04:57 | ::1 | /index.php/include/thumb.php |default应用里:controller\include_controller.php不存在
2017-09-27 16:04:57 | ::1 | /index.php/include/thumb.php |default应用里:controller\include_controller.php不存在
2017-09-27 16:04:57 | ::1 | /index.php/include/thumb.php |default应用里:controller\include_controller.php不存在
2017-09-27 16:04:57 | ::1 | /index.php/include/thumb.php |default应用里:controller\include_controller.php不存在
2017-09-27 16:05:03 | ::1 | /index.php/include/thumb.php |default应用里:controller\include_controller.php不存在
2017-09-27 16:05:03 | ::1 | /index.php/include/thumb.php |default应用里:controller\include_controller.php不存在
2017-09-27 16:05:03 | ::1 | /index.php/include/thumb.php |default应用里:controller\include_controller.php不存在
2017-09-27 16:05:03 | ::1 | /index.php/include/thumb.php |default应用里:controller\include_controller.php不存在
2017-09-27 16:06:44 | ::1 | /index.php/include/thumb.jpg |default应用里:controller\include_controller.php不存在
2017-09-27 16:06:44 | ::1 | /index.php/include/thumb_4.jpg |default应用里:controller\include_controller.php不存在
2017-09-27 16:06:44 | ::1 | /index.php/include/thumb_6.jpg |default应用里:controller\include_controller.php不存在
2017-09-27 16:06:44 | ::1 | /index.php/include/thumb_7.jpg |default应用里:controller\include_controller.php不存在
2017-09-27 16:06:45 | ::1 | /index.php/include/thumb.jpg |default应用里:controller\include_controller.php不存在
2017-09-27 16:06:45 | ::1 | /index.php/include/thumb.php |default应用里:controller\include_controller.php不存在
2017-09-27 16:06:45 | ::1 | /index.php/include/thumb_4.jpg |default应用里:controller\include_controller.php不存在
2017-09-27 16:06:45 | ::1 | /index.php/include/thumb.php |default应用里:controller\include_controller.php不存在
2017-09-27 16:06:45 | ::1 | /index.php/include/thumb_6.jpg |default应用里:controller\include_controller.php不存在
2017-09-27 16:06:45 | ::1 | /index.php/include/thumb_7.jpg |default应用里:controller\include_controller.php不存在
2017-09-27 16:06:45 | ::1 | /index.php/include/thumb.php |default应用里:controller\include_controller.php不存在
2017-09-27 16:06:45 | ::1 | /index.php/include/thumb.php |default应用里:controller\include_controller.php不存在
2017-09-27 16:06:48 | ::1 | /index.php/include/thumb.jpg |default应用里:controller\include_controller.php不存在
2017-09-27 16:06:48 | ::1 | /index.php/include/thumb_4.jpg |default应用里:controller\include_controller.php不存在
2017-09-27 16:06:48 | ::1 | /index.php/include/thumb_6.jpg |default应用里:controller\include_controller.php不存在
2017-09-27 16:06:48 | ::1 | /index.php/include/thumb_7.jpg |default应用里:controller\include_controller.php不存在
2017-09-27 16:06:48 | ::1 | /index.php/include/thumb.jpg |default应用里:controller\include_controller.php不存在
2017-09-27 16:06:48 | ::1 | /index.php/include/thumb_4.jpg |default应用里:controller\include_controller.php不存在
2017-09-27 16:06:48 | ::1 | /index.php/include/thumb_6.jpg |default应用里:controller\include_controller.php不存在
2017-09-27 16:06:48 | ::1 | /index.php/include/thumb_7.jpg |default应用里:controller\include_controller.php不存在
2017-09-27 16:06:48 | ::1 | /index.php/include/thumb.php |default应用里:controller\include_controller.php不存在
2017-09-27 16:06:48 | ::1 | /index.php/include/thumb.php |default应用里:controller\include_controller.php不存在
2017-09-27 16:06:48 | ::1 | /index.php/include/thumb.php |default应用里:controller\include_controller.php不存在
2017-09-27 16:06:48 | ::1 | /index.php/include/thumb.php |default应用里:controller\include_controller.php不存在
2017-09-27 16:18:06 | ::1 | /index.php/include/thumb.jpg |default应用里:controller\include_controller.php不存在
2017-09-27 16:18:06 | ::1 | /index.php/include/thumb_4.jpg |default应用里:controller\include_controller.php不存在
2017-09-27 16:18:06 | ::1 | /index.php/include/thumb_6.jpg |default应用里:controller\include_controller.php不存在
2017-09-27 16:18:06 | ::1 | /index.php/include/thumb_7.jpg |default应用里:controller\include_controller.php不存在
2017-09-27 16:18:06 | ::1 | /index.php/include/thumb_4.jpg |default应用里:controller\include_controller.php不存在
2017-09-27 16:18:06 | ::1 | /index.php/include/thumb_7.jpg |default应用里:controller\include_controller.php不存在
2017-09-27 16:18:06 | ::1 | /index.php/include/thumb.jpg |default应用里:controller\include_controller.php不存在
2017-09-27 16:18:06 | ::1 | /index.php/include/thumb_6.jpg |default应用里:controller\include_controller.php不存在
2017-09-27 16:18:06 | ::1 | /index.php/include/thumb.php |default应用里:controller\include_controller.php不存在
2017-09-27 16:18:06 | ::1 | /index.php/include/thumb.php |default应用里:controller\include_controller.php不存在
2017-09-27 16:18:07 | ::1 | /index.php/include/thumb.php |default应用里:controller\include_controller.php不存在
2017-09-27 16:18:07 | ::1 | /index.php/include/thumb.php |default应用里:controller\include_controller.php不存在
2017-09-27 16:20:24 | ::1 | /index.php/include/thumb.php |default应用里:controller\include_controller.php不存在
2017-09-27 16:20:24 | ::1 | /index.php/include/thumb.php |default应用里:controller\include_controller.php不存在
2017-09-27 16:20:24 | ::1 | /index.php/include/thumb.php |default应用里:controller\include_controller.php不存在
2017-09-27 16:20:24 | ::1 | /index.php/include/thumb.php |default应用里:controller\include_controller.php不存在
2017-09-27 16:20:24 | ::1 | /index.php/include/thumb.php |default应用里:controller\include_controller.php不存在
2017-09-27 16:20:24 | ::1 | /index.php/include/thumb.php |default应用里:controller\include_controller.php不存在
2017-09-27 16:20:24 | ::1 | /index.php/include/thumb.php |default应用里:controller\include_controller.php不存在
2017-09-27 16:24:23 | ::1 | /index.php/include/thumb.jpg |default应用里:controller\include_controller.php不存在
2017-09-27 16:24:24 | ::1 | /index.php/include/thumb_4.jpg |default应用里:controller\include_controller.php不存在
2017-09-27 16:24:24 | ::1 | /index.php/include/thumb_6.jpg |default应用里:controller\include_controller.php不存在
2017-09-27 16:24:24 | ::1 | /index.php/include/thumb_7.jpg |default应用里:controller\include_controller.php不存在
2017-09-27 16:24:24 | ::1 | /index.php/include/thumb.jpg |default应用里:controller\include_controller.php不存在
2017-09-27 16:24:24 | ::1 | /index.php/include/thumb_4.jpg |default应用里:controller\include_controller.php不存在
2017-09-27 16:24:24 | ::1 | /index.php/include/thumb_6.jpg |default应用里:controller\include_controller.php不存在
2017-09-27 16:24:24 | ::1 | /index.php/include/thumb_7.jpg |default应用里:controller\include_controller.php不存在
2017-09-27 16:24:24 | ::1 | /index.php/include/thumb.php |default应用里:controller\include_controller.php不存在
2017-09-27 16:24:24 | ::1 | /index.php/include/thumb.php |default应用里:controller\include_controller.php不存在
2017-09-27 16:24:24 | ::1 | /index.php/include/thumb.php |default应用里:controller\include_controller.php不存在
2017-09-27 16:24:24 | ::1 | /index.php/include/thumb.php |default应用里:controller\include_controller.php不存在
2017-09-27 16:24:24 | ::1 | /index.php/include/thumb.php |default应用里:controller\include_controller.php不存在
2017-09-27 16:24:24 | ::1 | /index.php/include/thumb.php |default应用里:controller\include_controller.php不存在
2017-09-27 16:24:26 | ::1 | /index.php/include/thumb.php |default应用里:controller\include_controller.php不存在
2017-09-27 16:24:26 | ::1 | /index.php/include/thumb.php |default应用里:controller\include_controller.php不存在
2017-09-27 16:24:26 | ::1 | /index.php/include/thumb.php |default应用里:controller\include_controller.php不存在
2017-09-27 16:24:26 | ::1 | /index.php/include/thumb.php |default应用里:controller\include_controller.php不存在
2017-09-27 16:27:03 | ::1 | /index.php/include/thumb.jpg |default应用里:controller\include_controller.php不存在
2017-09-27 16:27:03 | ::1 | /index.php/include/thumb_4.jpg |default应用里:controller\include_controller.php不存在
2017-09-27 16:27:03 | ::1 | /index.php/include/thumb_6.jpg |default应用里:controller\include_controller.php不存在
2017-09-27 16:27:03 | ::1 | /index.php/include/thumb_7.jpg |default应用里:controller\include_controller.php不存在
2017-09-27 16:27:04 | ::1 | /index.php/include/thumb.jpg |default应用里:controller\include_controller.php不存在
2017-09-27 16:27:04 | ::1 | /index.php/include/thumb_4.jpg |default应用里:controller\include_controller.php不存在
2017-09-27 16:27:04 | ::1 | /index.php/include/thumb_6.jpg |default应用里:controller\include_controller.php不存在
2017-09-27 16:27:04 | ::1 | /index.php/include/thumb.php |default应用里:controller\include_controller.php不存在
2017-09-27 16:27:04 | ::1 | /index.php/include/thumb_7.jpg |default应用里:controller\include_controller.php不存在
2017-09-27 16:27:04 | ::1 | /index.php/include/thumb.php |default应用里:controller\include_controller.php不存在
2017-09-27 16:27:04 | ::1 | /index.php/include/thumb.php |default应用里:controller\include_controller.php不存在
2017-09-27 16:27:04 | ::1 | /index.php/include/thumb.php |default应用里:controller\include_controller.php不存在
2017-09-27 16:27:04 | ::1 | /index.php/include/thumb.php |default应用里:controller\include_controller.php不存在
2017-09-27 16:27:04 | ::1 | /index.php/include/thumb.php |default应用里:controller\include_controller.php不存在
2017-09-27 16:27:06 | ::1 | /index.php/include/thumb.jpg |default应用里:controller\include_controller.php不存在
2017-09-27 16:27:06 | ::1 | /index.php/include/thumb_4.jpg |default应用里:controller\include_controller.php不存在
2017-09-27 16:27:06 | ::1 | /index.php/include/thumb_6.jpg |default应用里:controller\include_controller.php不存在
2017-09-27 16:27:06 | ::1 | /index.php/include/thumb_7.jpg |default应用里:controller\include_controller.php不存在
2017-09-27 16:27:06 | ::1 | /index.php/include/thumb.jpg |default应用里:controller\include_controller.php不存在
2017-09-27 16:27:06 | ::1 | /index.php/include/thumb_4.jpg |default应用里:controller\include_controller.php不存在
2017-09-27 16:27:06 | ::1 | /index.php/include/thumb_6.jpg |default应用里:controller\include_controller.php不存在
2017-09-27 16:27:06 | ::1 | /index.php/include/thumb_7.jpg |default应用里:controller\include_controller.php不存在
2017-09-27 16:27:06 | ::1 | /index.php/include/thumb.php |default应用里:controller\include_controller.php不存在
2017-09-27 16:27:06 | ::1 | /index.php/include/thumb.php |default应用里:controller\include_controller.php不存在
2017-09-27 16:27:06 | ::1 | /index.php/include/thumb.php |default应用里:controller\include_controller.php不存在
2017-09-27 16:27:06 | ::1 | /index.php/include/thumb.php |default应用里:controller\include_controller.php不存在
2017-09-27 16:27:06 | ::1 | /index.php/include/thumb.php |default应用里:controller\include_controller.php不存在
2017-09-27 16:27:06 | ::1 | /index.php/include/thumb.php |default应用里:controller\include_controller.php不存在
2017-09-27 16:27:07 | ::1 | /index.php/include/thumb.jpg |default应用里:controller\include_controller.php不存在
2017-09-27 16:27:07 | ::1 | /index.php/include/thumb_4.jpg |default应用里:controller\include_controller.php不存在
2017-09-27 16:27:07 | ::1 | /index.php/include/thumb_6.jpg |default应用里:controller\include_controller.php不存在
2017-09-27 16:27:07 | ::1 | /index.php/include/thumb_7.jpg |default应用里:controller\include_controller.php不存在
2017-09-27 16:27:07 | ::1 | /index.php/include/thumb.jpg |default应用里:controller\include_controller.php不存在
2017-09-27 16:27:07 | ::1 | /index.php/include/thumb_4.jpg |default应用里:controller\include_controller.php不存在
2017-09-27 16:27:07 | ::1 | /index.php/include/thumb_6.jpg |default应用里:controller\include_controller.php不存在
2017-09-27 16:27:07 | ::1 | /index.php/include/thumb_7.jpg |default应用里:controller\include_controller.php不存在
2017-09-27 16:27:07 | ::1 | /index.php/include/thumb.php |default应用里:controller\include_controller.php不存在
2017-09-27 16:27:07 | ::1 | /index.php/include/thumb.php |default应用里:controller\include_controller.php不存在
2017-09-27 16:27:07 | ::1 | /index.php/include/thumb.php |default应用里:controller\include_controller.php不存在
2017-09-27 16:27:07 | ::1 | /index.php/include/thumb.php |default应用里:controller\include_controller.php不存在
2017-09-27 16:27:07 | ::1 | /index.php/include/thumb.php |default应用里:controller\include_controller.php不存在
2017-09-27 16:27:07 | ::1 | /index.php/include/thumb.php |default应用里:controller\include_controller.php不存在
2017-09-27 16:27:08 | ::1 | /index.php/include/thumb.php |default应用里:controller\include_controller.php不存在
2017-09-27 16:27:08 | ::1 | /index.php/include/thumb.php |default应用里:controller\include_controller.php不存在
2017-09-27 16:27:08 | ::1 | /index.php/include/thumb.php |default应用里:controller\include_controller.php不存在
2017-09-27 16:27:08 | ::1 | /index.php/include/thumb.php |default应用里:controller\include_controller.php不存在
2017-09-27 16:27:17 | ::1 | /index.php/include/thumb.jpg |default应用里:controller\include_controller.php不存在
2017-09-27 16:27:17 | ::1 | /index.php/include/thumb_4.jpg |default应用里:controller\include_controller.php不存在
2017-09-27 16:27:17 | ::1 | /index.php/include/thumb_6.jpg |default应用里:controller\include_controller.php不存在
2017-09-27 16:27:17 | ::1 | /index.php/include/thumb_7.jpg |default应用里:controller\include_controller.php不存在
2017-09-27 16:27:17 | ::1 | /index.php/include/thumb.jpg |default应用里:controller\include_controller.php不存在
2017-09-27 16:27:17 | ::1 | /index.php/include/thumb_4.jpg |default应用里:controller\include_controller.php不存在
2017-09-27 16:27:17 | ::1 | /index.php/include/thumb_6.jpg |default应用里:controller\include_controller.php不存在
2017-09-27 16:27:17 | ::1 | /index.php/include/thumb_7.jpg |default应用里:controller\include_controller.php不存在
2017-09-27 16:27:17 | ::1 | /index.php/include/thumb.php |default应用里:controller\include_controller.php不存在
2017-09-27 16:27:17 | ::1 | /index.php/include/thumb.php |default应用里:controller\include_controller.php不存在
2017-09-27 16:27:17 | ::1 | /index.php/include/thumb.php |default应用里:controller\include_controller.php不存在
2017-09-27 16:27:17 | ::1 | /index.php/include/thumb.php |default应用里:controller\include_controller.php不存在
2017-09-27 16:27:17 | ::1 | /index.php/include/thumb.php |default应用里:controller\include_controller.php不存在
2017-09-27 16:27:17 | ::1 | /index.php/include/thumb.php |default应用里:controller\include_controller.php不存在
2017-09-27 16:45:46 | ::1 | /index.php/include/thumb.jpg |default应用里:controller\include_controller.php不存在
2017-09-27 16:45:46 | ::1 | /index.php/include/thumb_4.jpg |default应用里:controller\include_controller.php不存在
2017-09-27 16:45:46 | ::1 | /index.php/include/thumb_7.jpg |default应用里:controller\include_controller.php不存在
2017-09-27 16:45:46 | ::1 | /index.php/include/thumb_6.jpg |default应用里:controller\include_controller.php不存在
2017-09-27 16:45:47 | ::1 | /index.php/include/thumb.jpg |default应用里:controller\include_controller.php不存在
2017-09-27 16:48:16 | ::1 | /index.php/include/thumb.php |default应用里:controller\include_controller.php不存在
2017-09-27 16:48:16 | ::1 | /index.php/include/thumb.php |default应用里:controller\include_controller.php不存在
2017-09-27 16:48:16 | ::1 | /index.php/include/thumb.php |default应用里:controller\include_controller.php不存在
2017-09-27 16:48:16 | ::1 | /index.php/include/thumb.php |default应用里:controller\include_controller.php不存在
2017-09-27 16:53:34 | 127.0.0.1 | /index.php/imewis/msugg |default应用里:controller\http:_controller.php不存在
2017-09-27 16:53:34 | 127.0.0.1 | /index.php/ime_push/file.php |default应用里:controller\http:_controller.php不存在
2017-09-27 16:53:34 | 127.0.0.1 | /index.php/imewis/msugg |default应用里:controller\http:_controller.php不存在
2017-09-27 16:53:34 | 127.0.0.1 | /index.php/ime_push/file.php |default应用里:controller\http:_controller.php不存在
2017-09-27 16:53:35 | 127.0.0.1 | /index.php/imewis/msugg |default应用里:controller\http:_controller.php不存在
2017-09-27 16:53:35 | 127.0.0.1 | /index.php/ime_push/file.php |default应用里:controller\http:_controller.php不存在
2017-09-27 16:53:35 | 127.0.0.1 | /index.php/imewis/msugg |default应用里:controller\http:_controller.php不存在
2017-09-27 16:53:35 | 127.0.0.1 | /index.php/ime_push/file.php |default应用里:controller\http:_controller.php不存在
2017-09-27 16:53:35 | 127.0.0.1 | /index.php/imewis/msugg |default应用里:controller\http:_controller.php不存在
2017-09-27 16:53:35 | 127.0.0.1 | /index.php/ime_push/file.php |default应用里:controller\http:_controller.php不存在
2017-09-27 16:53:36 | 127.0.0.1 | /index.php/api/toolbox/geturl.php |default应用里:controller\http:_controller.php不存在
