2017-10-20 09:40:01 | ::1 | /index.php/src/css/layui.css |default应用里:controller\src_controller.php不存在
2017-10-20 09:40:01 | ::1 | /index.php/src/layui.js |default应用里:controller\src_controller.php不存在
2017-10-20 09:43:42 | ::1 | /index.php/public/uploads/201709/public/uploads/201709/201709182210376979034.png |default应用里:controller\public_controller.php不存在
2017-10-20 09:43:42 | ::1 | /index.php/public/uploads/201709/public/uploads/201709/201709182215003464782.png |default应用里:controller\public_controller.php不存在
2017-10-20 09:43:42 | ::1 | /index.php/public/uploads/201709/public/uploads/201709/201709182224062282104.png |default应用里:controller\public_controller.php不存在
2017-10-20 09:44:02 | ::1 | /index.php/public/uploads/201709/201709182202068606658.png,/public/uploads/201709/public/uploads/201709/201709182210376979034.png,/public/uploads/201709/public/uploads/201709/201709182215003464782.png,/public/uploads/201709/public/uploads/201709/201709182224062282104.png |default应用里:controller\public_controller.php不存在
2017-10-20 09:44:30 | ::1 | /index.php/public/uploads/201709/public/uploads/201709/201709281344207151519.jpg |default应用里:controller\public_controller.php不存在
2017-10-20 09:44:30 | ::1 | /index.php/public/uploads/201709/public/uploads/201709/201709281344311453186.jpg |default应用里:controller\public_controller.php不存在
2017-10-20 09:44:30 | ::1 | /index.php/public/uploads/201709/public/uploads/201709/201709281344444006683.jpg |default应用里:controller\public_controller.php不存在
2017-10-20 09:44:34 | ::1 | /index.php/public/uploads/201709/201709281039015593383.jpg,/public/uploads/201709/public/uploads/201709/201709281344207151519.jpg,/public/uploads/201709/public/uploads/201709/201709281344311453186.jpg,/public/uploads/201709/public/uploads/201709/201709281344444006683.jpg |default应用里:controller\public_controller.php不存在
2017-10-20 09:52:00 | ::1 | /index.php/public/uploads/201710/201710200944524335449.jpg,/public/uploads/201710/201710200944521204620.jpg,/public/uploads/201710/201710200944528553649.jpg,/public/uploads/201710/201710200944529019744.jpg,/public/uploads/201710/201710200944526808471.jpg,/public/uploads/201710/201710200944528076568.jpg,/public/uploads/201710/201710200944526658508.jpg |default应用里:controller\public_controller.php不存在
2017-10-20 09:52:26 | ::1 | /index.php/public/uploads/201709/public/uploads/201709/201709182210376979034.png |default应用里:controller\public_controller.php不存在
2017-10-20 09:52:26 | ::1 | /index.php/public/uploads/201709/public/uploads/201709/201709182215003464782.png |default应用里:controller\public_controller.php不存在
2017-10-20 09:52:26 | ::1 | /index.php/public/uploads/201709/public/uploads/201709/201709182224062282104.png |default应用里:controller\public_controller.php不存在
2017-10-20 09:52:28 | ::1 | /index.php/public/uploads/201709/201709182202068606658.png,/public/uploads/201709/public/uploads/201709/201709182210376979034.png,/public/uploads/201709/public/uploads/201709/201709182215003464782.png,/public/uploads/201709/public/uploads/201709/201709182224062282104.png |default应用里:controller\public_controller.php不存在
2017-10-20 09:53:04 | ::1 | /index.php/public/uploads/201710/public/uploads/201710/201710200944526808471.jpg |default应用里:controller\public_controller.php不存在
2017-10-20 09:53:04 | ::1 | /index.php/public/uploads/201710/public/uploads/201710/201710200944529019744.jpg |default应用里:controller\public_controller.php不存在
2017-10-20 09:53:06 | ::1 | /index.php/public/uploads/201710/201710200944526658508.jpg,/public/uploads/201710/public/uploads/201710/201710200944526808471.jpg,/public/uploads/201710/public/uploads/201710/201710200944529019744.jpg |default应用里:controller\public_controller.php不存在
2017-10-20 09:53:55 | ::1 | /index.php/public/uploads/201710/public/uploads/201710/201710200944526808471.jpg |default应用里:controller\public_controller.php不存在
2017-10-20 09:53:55 | ::1 | /index.php/public/uploads/201710/public/uploads/201710/201710200944529019744.jpg |default应用里:controller\public_controller.php不存在
2017-10-20 09:57:35 | ::1 | /index.php/public/uploads/201710/201710200944526658508.jpg,/public/uploads/201710/public/uploads/201710/201710200944526808471.jpg,/public/uploads/201710/public/uploads/201710/201710200944529019744.jpg |default应用里:controller\public_controller.php不存在
2017-10-20 10:27:18 | ::1 | /index.php/public/uploads/201710/public/uploads/201710/201710200944526808471.jpg |default应用里:controller\public_controller.php不存在
2017-10-20 10:27:18 | ::1 | /index.php/public/uploads/201710/public/uploads/201710/201710200944529019744.jpg |default应用里:controller\public_controller.php不存在
2017-10-20 10:37:34 | ::1 | /index.php/public/admin/carousel/lay/modules/laypage.js |default应用里:controller\public_controller.php不存在
2017-10-20 10:37:34 | ::1 | /index.php/public/admin/carousel/lay/modules/form.js |default应用里:controller\public_controller.php不存在
2017-10-20 10:43:38 | ::1 | /index.php/public/admin/carousel/lay/modules/laypage.js |default应用里:controller\public_controller.php不存在
2017-10-20 10:43:38 | ::1 | /index.php/public/admin/carousel/lay/modules/form.js |default应用里:controller\public_controller.php不存在
2017-10-20 10:43:42 | ::1 | /index.php/public/admin/carousel/lay/modules/laypage.js |default应用里:controller\public_controller.php不存在
2017-10-20 10:43:43 | ::1 | /index.php/public/admin/carousel/lay/modules/form.js |default应用里:controller\public_controller.php不存在
2017-10-20 10:43:44 | ::1 | /index.php/public/uploads/201710/public/uploads/201710/201710200944526808471.jpg |default应用里:controller\public_controller.php不存在
2017-10-20 10:43:44 | ::1 | /index.php/public/uploads/201710/public/uploads/201710/201710200944529019744.jpg |default应用里:controller\public_controller.php不存在
2017-10-20 10:43:45 | ::1 | /index.php/public/admin/carousel/lay/modules/form.js |default应用里:controller\public_controller.php不存在
2017-10-20 10:43:52 | ::1 | /index.php/public/admin/carousel/lay/modules/layer.js |default应用里:controller\public_controller.php不存在
2017-10-20 10:43:52 | ::1 | /index.php/public/admin/carousel/lay/modules/form.js |default应用里:controller\public_controller.php不存在
2017-10-20 10:43:53 | ::1 | /index.php/public/admin/carousel/lay/modules/form.js |default应用里:controller\public_controller.php不存在
2017-10-20 10:43:56 | ::1 | /index.php/public/uploads/201710/public/uploads/201710/201710200944526808471.jpg |default应用里:controller\public_controller.php不存在
2017-10-20 10:43:56 | ::1 | /index.php/public/uploads/201710/public/uploads/201710/201710200944529019744.jpg |default应用里:controller\public_controller.php不存在
2017-10-20 10:43:56 | ::1 | /index.php/public/admin/carousel/lay/modules/form.js |default应用里:controller\public_controller.php不存在
2017-10-20 10:43:57 | ::1 | /index.php/public/admin/carousel/lay/modules/laypage.js |default应用里:controller\public_controller.php不存在
2017-10-20 10:43:57 | ::1 | /index.php/public/admin/carousel/lay/modules/form.js |default应用里:controller\public_controller.php不存在
2017-10-20 10:43:58 | ::1 | /index.php/public/admin/carousel/lay/modules/form.js |default应用里:controller\public_controller.php不存在
2017-10-20 10:43:59 | ::1 | /index.php/public/admin/carousel/lay/modules/form.js |default应用里:controller\public_controller.php不存在
2017-10-20 10:44:00 | ::1 | /index.php/public/admin/carousel/lay/modules/laypage.js |default应用里:controller\public_controller.php不存在
2017-10-20 10:44:00 | ::1 | /index.php/public/admin/carousel/lay/modules/form.js |default应用里:controller\public_controller.php不存在
2017-10-20 10:44:02 | ::1 | /index.php/public/admin/carousel/lay/modules/form.js |default应用里:controller\public_controller.php不存在
2017-10-20 10:44:02 | ::1 | /index.php/public/admin/carousel/lay/modules/form.js |default应用里:controller\public_controller.php不存在
2017-10-20 10:44:03 | ::1 | /index.php/public/admin/carousel/lay/modules/laypage.js |default应用里:controller\public_controller.php不存在
2017-10-20 10:44:03 | ::1 | /index.php/public/admin/carousel/lay/modules/form.js |default应用里:controller\public_controller.php不存在
2017-10-20 10:44:04 | ::1 | /index.php/public/uploads/201710/public/uploads/201710/201710200944526808471.jpg |default应用里:controller\public_controller.php不存在
2017-10-20 10:44:04 | ::1 | /index.php/public/uploads/201710/public/uploads/201710/201710200944529019744.jpg |default应用里:controller\public_controller.php不存在
2017-10-20 10:44:05 | ::1 | /index.php/public/admin/carousel/lay/modules/form.js |default应用里:controller\public_controller.php不存在
2017-10-20 10:44:08 | ::1 | /index.php/public/admin/carousel/lay/modules/form.js |default应用里:controller\public_controller.php不存在
2017-10-20 10:44:08 | ::1 | /index.php/public/uploads/201710/public/uploads/201710/201710200944526808471.jpg |default应用里:controller\public_controller.php不存在
2017-10-20 10:44:08 | ::1 | /index.php/public/uploads/201710/public/uploads/201710/201710200944529019744.jpg |default应用里:controller\public_controller.php不存在
2017-10-20 10:44:09 | ::1 | /index.php/public/admin/carousel/lay/modules/form.js |default应用里:controller\public_controller.php不存在
2017-10-20 10:45:50 | ::1 | /index.php/public/admin/carousel/lay/modules/laypage.js |default应用里:controller\public_controller.php不存在
2017-10-20 10:45:50 | ::1 | /index.php/public/admin/carousel/lay/modules/form.js |default应用里:controller\public_controller.php不存在
2017-10-20 10:45:51 | ::1 | /index.php/public/admin/carousel/lay/modules/laypage.js |default应用里:controller\public_controller.php不存在
2017-10-20 10:45:51 | ::1 | /index.php/public/admin/carousel/lay/modules/form.js |default应用里:controller\public_controller.php不存在
2017-10-20 11:15:16 | ::1 | /index.php/public/uploads/201710/public/uploads/201710/201710200944526808471.jpg |default应用里:controller\public_controller.php不存在
2017-10-20 11:15:16 | ::1 | /index.php/public/uploads/201710/public/uploads/201710/201710200944529019744.jpg |default应用里:controller\public_controller.php不存在
2017-10-20 11:15:18 | ::1 | /index.php/public/uploads/201710/201710200944526658508.jpg,/public/uploads/201710/public/uploads/201710/201710200944526808471.jpg,/public/uploads/201710/public/uploads/201710/201710200944529019744.jpg |default应用里:controller\public_controller.php不存在
2017-10-20 11:15:35 | ::1 | /index.php/public/uploads/201709/201709182202068606658.png,/public/uploads/201709/201709182210376979034.png,/public/uploads/201709/201709182215003464782.png |default应用里:controller\public_controller.php不存在
2017-10-20 11:16:18 | ::1 | /index.php/public/uploads/201709/201709182202068606658.png,/public/uploads/201709/201709182210376979034.png,/public/uploads/201709/201709182215003464782.png |default应用里:controller\public_controller.php不存在
2017-10-20 11:36:05 | ::1 | /index.php/public/uploads/201709/public/uploads/201709/201709182210376979034.png |default应用里:controller\public_controller.php不存在
2017-10-20 11:36:05 | ::1 | /index.php/public/uploads/201709/public/uploads/201709/201709182215003464782.png |default应用里:controller\public_controller.php不存在
2017-10-20 11:36:14 | ::1 | /index.php/public/uploads/201709/201709182202068606658.png,/public/uploads/201709/public/uploads/201709/201709182210376979034.png,/public/uploads/201709/public/uploads/201709/201709182215003464782.png |default应用里:controller\public_controller.php不存在
2017-10-20 11:40:05 | ::1 | /index.php/public/uploads/201709/201709182202068606658.png,/public/uploads/201709/public/uploads/201709/201709182210376979034.png,/public/uploads/201709/public/uploads/201709/201709182215003464782.png |default应用里:controller\public_controller.php不存在
2017-10-20 11:40:20 | ::1 | /index.php/public/uploads/201710/201710201140127292419.jpg,/public/uploads/201710/201710201140124295623.jpg,/public/uploads/201710/201710201140122629272.jpg,/public/uploads/201710/201710201140129293853.jpg,/public/uploads/201710/201710201140122092590.jpg |default应用里:controller\public_controller.php不存在
2017-10-20 11:40:50 | ::1 | /index.php/public/uploads/201709/201709182202068606658.png,/public/uploads/201709/201709182210376979034.png,/public/uploads/201709/201709182215003464782.png,/public/uploads/201709/201709182224062282104.png,/public/uploads/201709/201709190934208884338.png,/public/uploads/201709/201709280949108441040.png,/public/uploads/201709/201709280949212326873.png,/public/uploads/201710/201710121022093519439.png |default应用里:controller\public_controller.php不存在
2017-10-20 14:30:44 | ::1 | /index.php/public/uploads/201709/201709182202068606658.png,/public/uploads/201709/201709182210376979034.png,/public/uploads/201709/201709182215003464782.png,/public/uploads/201709/201709182224062282104.png,/public/uploads/201709/201709190934208884338.png,/public/uploads/201709/201709280949108441040.png,/public/uploads/201709/201709280949212326873.png,/public/uploads/201710/201710121022093519439.png |default应用里:controller\public_controller.php不存在
2017-10-20 14:31:11 | ::1 | /index.php/public/uploads/201709/201709182202068606658.png,/public/uploads/201709/201709182210376979034.png,/public/uploads/201709/201709182215003464782.png,/public/uploads/201709/201709182224062282104.png,/public/uploads/201709/201709190934208884338.png,/public/uploads/201709/201709280949108441040.png,/public/uploads/201709/201709280949212326873.png,/public/uploads/201710/201710121022093519439.png |default应用里:controller\public_controller.php不存在
2017-10-20 15:02:35 | ::1 | /index.php/public/uploads/201710/201710201502286932342.jpg,/public/uploads/201710/201710201502282031616.jpg,/public/uploads/201710/201710201502287149322.jpg,/public/uploads/201710/201710201502282338684.jpg,/public/uploads/201710/201710201502287150970.jpg |default应用里:controller\public_controller.php不存在
2017-10-20 15:07:05 | ::1 | /index.php/img/5.jpg |default应用里:controller\img_controller.php不存在
2017-10-20 15:07:05 | ::1 | /index.php/img/1.jpg |default应用里:controller\img_controller.php不存在
2017-10-20 15:07:05 | ::1 | /index.php/img/2.jpg |default应用里:controller\img_controller.php不存在
2017-10-20 15:07:05 | ::1 | /index.php/img/3.jpg |default应用里:controller\img_controller.php不存在
2017-10-20 15:07:05 | ::1 | /index.php/img/4.jpg |default应用里:controller\img_controller.php不存在
2017-10-20 15:07:06 | ::1 | /index.php/img/5.jpg |default应用里:controller\img_controller.php不存在
2017-10-20 15:07:06 | ::1 | /index.php/img/1.jpg |default应用里:controller\img_controller.php不存在
2017-10-20 15:28:52 | ::1 | /index.php/admin/img/5.jpg |admin应用里:controller\img_controller.php不存在
2017-10-20 15:28:52 | ::1 | /index.php/admin/img/1.jpg |admin应用里:controller\img_controller.php不存在
2017-10-20 15:28:52 | ::1 | /index.php/admin/img/2.jpg |admin应用里:controller\img_controller.php不存在
2017-10-20 15:28:52 | ::1 | /index.php/admin/img/3.jpg |admin应用里:controller\img_controller.php不存在
2017-10-20 15:28:52 | ::1 | /index.php/admin/img/4.jpg |admin应用里:controller\img_controller.php不存在
2017-10-20 15:28:53 | ::1 | /index.php/admin/img/5.jpg |admin应用里:controller\img_controller.php不存在
2017-10-20 15:28:53 | ::1 | /index.php/admin/img/1.jpg |admin应用里:controller\img_controller.php不存在
2017-10-20 15:31:16 | ::1 | /index.php/admin/img/5.jpg |admin应用里:controller\img_controller.php不存在
2017-10-20 15:31:16 | ::1 | /index.php/admin/img/1.jpg |admin应用里:controller\img_controller.php不存在
2017-10-20 15:31:16 | ::1 | /index.php/admin/img/2.jpg |admin应用里:controller\img_controller.php不存在
2017-10-20 15:31:16 | ::1 | /index.php/admin/img/3.jpg |admin应用里:controller\img_controller.php不存在
2017-10-20 15:31:16 | ::1 | /index.php/admin/img/4.jpg |admin应用里:controller\img_controller.php不存在
2017-10-20 15:31:17 | ::1 | /index.php/admin/img/5.jpg |admin应用里:controller\img_controller.php不存在
2017-10-20 15:31:17 | ::1 | /index.php/admin/img/1.jpg |admin应用里:controller\img_controller.php不存在
2017-10-20 15:36:31 | ::1 | /index.php/public/admin/layui/images/help/help(1) |default应用里:controller\public_controller.php不存在
2017-10-20 15:36:31 | ::1 | /index.php/public/admin/layui/images/help/help(2) |default应用里:controller\public_controller.php不存在
2017-10-20 15:36:31 | ::1 | /index.php/public/admin/layui/images/help/help(3) |default应用里:controller\public_controller.php不存在
2017-10-20 15:36:31 | ::1 | /index.php/public/admin/layui/images/help/help(4) |default应用里:controller\public_controller.php不存在
2017-10-20 15:36:31 | ::1 | /index.php/public/admin/layui/images/help/help(5) |default应用里:controller\public_controller.php不存在
2017-10-20 15:36:31 | ::1 | /index.php/public/admin/layui/images/help/help(6) |default应用里:controller\public_controller.php不存在
2017-10-20 15:36:31 | ::1 | /index.php/public/admin/layui/images/help/help(7) |default应用里:controller\public_controller.php不存在
2017-10-20 15:36:31 | ::1 | /index.php/public/admin/layui/images/help/help(8) |default应用里:controller\public_controller.php不存在
2017-10-20 15:36:31 | ::1 | /index.php/public/admin/layui/images/help/help(9) |default应用里:controller\public_controller.php不存在
2017-10-20 15:36:38 | ::1 | /index.php/public/admin/layui/images/help/help(1) |default应用里:controller\public_controller.php不存在
2017-10-20 15:36:38 | ::1 | /index.php/public/admin/layui/images/help/help(2) |default应用里:controller\public_controller.php不存在
2017-10-20 15:36:38 | ::1 | /index.php/public/admin/layui/images/help/help(3) |default应用里:controller\public_controller.php不存在
2017-10-20 15:36:38 | ::1 | /index.php/public/admin/layui/images/help/help(4) |default应用里:controller\public_controller.php不存在
2017-10-20 15:36:38 | ::1 | /index.php/public/admin/layui/images/help/help(5) |default应用里:controller\public_controller.php不存在
2017-10-20 15:36:38 | ::1 | /index.php/public/admin/layui/images/help/help(6) |default应用里:controller\public_controller.php不存在
2017-10-20 15:36:39 | ::1 | /index.php/public/admin/layui/images/help/help(7) |default应用里:controller\public_controller.php不存在
2017-10-20 15:36:39 | ::1 | /index.php/public/admin/layui/images/help/help(8) |default应用里:controller\public_controller.php不存在
2017-10-20 15:36:39 | ::1 | /index.php/public/admin/layui/images/help/help(9) |default应用里:controller\public_controller.php不存在
2017-10-20 15:37:31 | ::1 | /index.php/public/admin/layui/images/help/help(1).png |default应用里:controller\public_controller.php不存在
2017-10-20 15:37:31 | ::1 | /index.php/public/admin/layui/images/help/help(2).png |default应用里:controller\public_controller.php不存在
2017-10-20 15:37:31 | ::1 | /index.php/public/admin/layui/images/help/help(3).png |default应用里:controller\public_controller.php不存在
2017-10-20 15:37:31 | ::1 | /index.php/public/admin/layui/images/help/help(4).png |default应用里:controller\public_controller.php不存在
2017-10-20 15:37:31 | ::1 | /index.php/public/admin/layui/images/help/help(5).png |default应用里:controller\public_controller.php不存在
2017-10-20 15:37:31 | ::1 | /index.php/public/admin/layui/images/help/help(6).png |default应用里:controller\public_controller.php不存在
2017-10-20 15:37:31 | ::1 | /index.php/public/admin/layui/images/help/help(7).png |default应用里:controller\public_controller.php不存在
2017-10-20 15:37:31 | ::1 | /index.php/public/admin/layui/images/help/help(8).png |default应用里:controller\public_controller.php不存在
2017-10-20 15:37:31 | ::1 | /index.php/public/admin/layui/images/help/help(9).png |default应用里:controller\public_controller.php不存在
2017-10-20 15:38:48 | ::1 | /index.php/public/admin/images/help/help(1).png |default应用里:controller\public_controller.php不存在
2017-10-20 15:38:48 | ::1 | /index.php/public/admin/images/help/help(2).png |default应用里:controller\public_controller.php不存在
2017-10-20 15:38:48 | ::1 | /index.php/public/admin/images/help/help(3).png |default应用里:controller\public_controller.php不存在
2017-10-20 15:38:48 | ::1 | /index.php/public/admin/images/help/help(4).png |default应用里:controller\public_controller.php不存在
2017-10-20 15:38:48 | ::1 | /index.php/public/admin/images/help/help(5).png |default应用里:controller\public_controller.php不存在
2017-10-20 15:38:48 | ::1 | /index.php/public/admin/images/help/help(6).png |default应用里:controller\public_controller.php不存在
2017-10-20 15:38:48 | ::1 | /index.php/public/admin/images/help/help(7).png |default应用里:controller\public_controller.php不存在
2017-10-20 15:38:48 | ::1 | /index.php/public/admin/images/help/help(8).png |default应用里:controller\public_controller.php不存在
2017-10-20 15:38:48 | ::1 | /index.php/public/admin/images/help/help(9).png |default应用里:controller\public_controller.php不存在
2017-10-20 15:41:49 | ::1 | /index.php/public/admin/images/help/help(2).png |default应用里:controller\public_controller.php不存在
2017-10-20 15:41:49 | ::1 | /index.php/public/admin/images/help/help(3).png |default应用里:controller\public_controller.php不存在
2017-10-20 15:41:50 | ::1 | /index.php/public/admin/images/help/help(4).png |default应用里:controller\public_controller.php不存在
2017-10-20 15:41:50 | ::1 | /index.php/public/admin/images/help/help(5).png |default应用里:controller\public_controller.php不存在
2017-10-20 15:41:50 | ::1 | /index.php/public/admin/images/help/help(6).png |default应用里:controller\public_controller.php不存在
2017-10-20 15:41:50 | ::1 | /index.php/public/admin/images/help/help(7).png |default应用里:controller\public_controller.php不存在
2017-10-20 15:41:50 | ::1 | /index.php/public/admin/images/help/help(8).png |default应用里:controller\public_controller.php不存在
2017-10-20 15:41:50 | ::1 | /index.php/public/admin/images/help/help(9).png |default应用里:controller\public_controller.php不存在
2017-10-20 15:42:34 | ::1 | /index.php/public/admin/images/help/help(2).png |default应用里:controller\public_controller.php不存在
2017-10-20 15:42:34 | ::1 | /index.php/public/admin/images/help/help(3).png |default应用里:controller\public_controller.php不存在
2017-10-20 15:42:34 | ::1 | /index.php/public/admin/images/help/help(4).png |default应用里:controller\public_controller.php不存在
2017-10-20 15:42:34 | ::1 | /index.php/public/admin/images/help/help(5).png |default应用里:controller\public_controller.php不存在
2017-10-20 15:42:34 | ::1 | /index.php/public/admin/images/help/help(6).png |default应用里:controller\public_controller.php不存在
2017-10-20 15:42:34 | ::1 | /index.php/public/admin/images/help/help(7).png |default应用里:controller\public_controller.php不存在
2017-10-20 15:42:34 | ::1 | /index.php/public/admin/images/help/help(8).png |default应用里:controller\public_controller.php不存在
2017-10-20 15:42:34 | ::1 | /index.php/public/admin/images/help/help(9).png |default应用里:controller\public_controller.php不存在
2017-10-20 15:43:33 | ::1 | /index.php/public/admin/images/help/help(2).png |default应用里:controller\public_controller.php不存在
2017-10-20 15:43:33 | ::1 | /index.php/public/admin/images/help/help(3).png |default应用里:controller\public_controller.php不存在
2017-10-20 15:43:33 | ::1 | /index.php/public/admin/images/help/help(4).png |default应用里:controller\public_controller.php不存在
2017-10-20 15:43:33 | ::1 | /index.php/public/admin/images/help/help(5).png |default应用里:controller\public_controller.php不存在
2017-10-20 15:43:33 | ::1 | /index.php/public/admin/images/help/help(6).png |default应用里:controller\public_controller.php不存在
2017-10-20 15:43:33 | ::1 | /index.php/public/admin/images/help/help(7).png |default应用里:controller\public_controller.php不存在
2017-10-20 15:43:33 | ::1 | /index.php/public/admin/images/help/help(8).png |default应用里:controller\public_controller.php不存在
2017-10-20 15:43:33 | ::1 | /index.php/public/admin/images/help/help(9).png |default应用里:controller\public_controller.php不存在
2017-10-20 15:43:36 | ::1 | /index.php/public/admin/images/help/help(2).png |default应用里:controller\public_controller.php不存在
2017-10-20 15:43:36 | ::1 | /index.php/public/admin/images/help/help(3).png |default应用里:controller\public_controller.php不存在
2017-10-20 15:43:36 | ::1 | /index.php/public/admin/images/help/help(4).png |default应用里:controller\public_controller.php不存在
2017-10-20 15:43:36 | ::1 | /index.php/public/admin/images/help/help(5).png |default应用里:controller\public_controller.php不存在
2017-10-20 15:43:36 | ::1 | /index.php/public/admin/images/help/help(6).png |default应用里:controller\public_controller.php不存在
2017-10-20 15:43:36 | ::1 | /index.php/public/admin/images/help/help(7).png |default应用里:controller\public_controller.php不存在
2017-10-20 15:43:36 | ::1 | /index.php/public/admin/images/help/help(8).png |default应用里:controller\public_controller.php不存在
2017-10-20 15:43:36 | ::1 | /index.php/public/admin/images/help/help(9).png |default应用里:controller\public_controller.php不存在
2017-10-20 15:43:58 | ::1 | /index.php/public/admin/images/help/help(2).png |default应用里:controller\public_controller.php不存在
2017-10-20 15:43:58 | ::1 | /index.php/public/admin/images/help/help(3).png |default应用里:controller\public_controller.php不存在
2017-10-20 15:43:58 | ::1 | /index.php/public/admin/images/help/help(4).png |default应用里:controller\public_controller.php不存在
2017-10-20 15:43:58 | ::1 | /index.php/public/admin/images/help/help(5).png |default应用里:controller\public_controller.php不存在
2017-10-20 15:43:58 | ::1 | /index.php/public/admin/images/help/help(6).png |default应用里:controller\public_controller.php不存在
2017-10-20 15:43:58 | ::1 | /index.php/public/admin/images/help/help(7).png |default应用里:controller\public_controller.php不存在
2017-10-20 15:43:58 | ::1 | /index.php/public/admin/images/help/help(8).png |default应用里:controller\public_controller.php不存在
2017-10-20 15:43:58 | ::1 | /index.php/public/admin/images/help/help(9).png |default应用里:controller\public_controller.php不存在
2017-10-20 15:43:59 | ::1 | /index.php/public/admin/images/help/help(2).png |default应用里:controller\public_controller.php不存在
2017-10-20 15:44:00 | ::1 | /index.php/public/admin/images/help/help(3).png |default应用里:controller\public_controller.php不存在
2017-10-20 15:44:00 | ::1 | /index.php/public/admin/images/help/help(4).png |default应用里:controller\public_controller.php不存在
2017-10-20 15:44:00 | ::1 | /index.php/public/admin/images/help/help(5).png |default应用里:controller\public_controller.php不存在
2017-10-20 15:44:00 | ::1 | /index.php/public/admin/images/help/help(6).png |default应用里:controller\public_controller.php不存在
2017-10-20 15:44:00 | ::1 | /index.php/public/admin/images/help/help(7).png |default应用里:controller\public_controller.php不存在
2017-10-20 15:44:00 | ::1 | /index.php/public/admin/images/help/help(8).png |default应用里:controller\public_controller.php不存在
2017-10-20 15:44:00 | ::1 | /index.php/public/admin/images/help/help(9).png |default应用里:controller\public_controller.php不存在
2017-10-20 16:56:34 | ::1 | /index.php/admin/content/movedata/pid-72.html |SQL语句错误: insert into f_chanpinzhongxin(pid,fid,is_pass,is_best,add_time,type,image,name,money,href,tupian,tupianer) select pid,0,is_pass,is_best,add_time,type,image,name,money,href,tupian,tupianer from f_chanpinzhongxin where id in ()语句 =>SQLSTATE[42000]: Syntax error or access violation: 1064 You have an error in your SQL syntax; check the manual that corresponds to your MySQL server version for the right syntax to use near ')' at line 1
2017-10-20 16:56:41 | ::1 | /index.php/admin/content/movedata/pid-72.html |SQL语句错误: insert into f_chanpinzhongxin(pid,fid,is_pass,is_best,add_time,type,image,name,money,href,tupian,tupianer) select pid,0,is_pass,is_best,add_time,type,image,name,money,href,tupian,tupianer from f_chanpinzhongxin where id in ()语句 =>SQLSTATE[42000]: Syntax error or access violation: 1064 You have an error in your SQL syntax; check the manual that corresponds to your MySQL server version for the right syntax to use near ')' at line 1
2017-10-20 16:58:58 | ::1 | /index.php/admin/content/movedata/pid-72.html |SQL语句错误: insert into f_chanpinzhongxin(pid,fid,is_pass,is_best,add_time,type,image,name,money,href,tupian,tupianer) select pid,0,is_pass,is_best,add_time,type,image,name,money,href,tupian,tupianer from f_chanpinzhongxin where id in ()语句 =>SQLSTATE[42000]: Syntax error or access violation: 1064 You have an error in your SQL syntax; check the manual that corresponds to your MySQL server version for the right syntax to use near ')' at line 1
2017-10-20 17:02:07 | ::1 | /index.php/admin/content/movedata/pid-96.html |SQL语句错误: insert into f_ceshi(pid,fid,is_pass,is_best,add_time,duotu,dantu1,dantu,diqu2,diqu3) select pid,0,is_pass,is_best,add_time,duotu,dantu1,dantu,diqu2,diqu3 from f_ceshi where id in ()语句 =>SQLSTATE[42000]: Syntax error or access violation: 1064 You have an error in your SQL syntax; check the manual that corresponds to your MySQL server version for the right syntax to use near ')' at line 1
2017-10-20 17:05:34 | ::1 | /index.php/admin/content/movedata/pid-75.html |SQL语句错误: insert into f_zonglanmu(pid,fid,is_pass,is_best,add_time,href,name) select pid,0,is_pass,is_best,add_time,href,name from f_zonglanmu where id in ()语句 =>SQLSTATE[42000]: Syntax error or access violation: 1064 You have an error in your SQL syntax; check the manual that corresponds to your MySQL server version for the right syntax to use near ')' at line 1
2017-10-20 17:05:36 | ::1 | /index.php/admin/content/movedata/pid-75.html |SQL语句错误: insert into f_zonglanmu(pid,fid,is_pass,is_best,add_time,href,name) select pid,0,is_pass,is_best,add_time,href,name from f_zonglanmu where id in ()语句 =>SQLSTATE[42000]: Syntax error or access violation: 1064 You have an error in your SQL syntax; check the manual that corresponds to your MySQL server version for the right syntax to use near ')' at line 1
2017-10-20 17:05:36 | ::1 | /index.php/admin/content/movedata/pid-75.html |SQL语句错误: insert into f_zonglanmu(pid,fid,is_pass,is_best,add_time,href,name) select pid,0,is_pass,is_best,add_time,href,name from f_zonglanmu where id in ()语句 =>SQLSTATE[42000]: Syntax error or access violation: 1064 You have an error in your SQL syntax; check the manual that corresponds to your MySQL server version for the right syntax to use near ')' at line 1
2017-10-20 17:05:36 | ::1 | /index.php/admin/content/movedata/pid-75.html |SQL语句错误: insert into f_zonglanmu(pid,fid,is_pass,is_best,add_time,href,name) select pid,0,is_pass,is_best,add_time,href,name from f_zonglanmu where id in ()语句 =>SQLSTATE[42000]: Syntax error or access violation: 1064 You have an error in your SQL syntax; check the manual that corresponds to your MySQL server version for the right syntax to use near ')' at line 1
2017-10-20 17:05:36 | ::1 | /index.php/admin/content/movedata/pid-75.html |SQL语句错误: insert into f_zonglanmu(pid,fid,is_pass,is_best,add_time,href,name) select pid,0,is_pass,is_best,add_time,href,name from f_zonglanmu where id in ()语句 =>SQLSTATE[42000]: Syntax error or access violation: 1064 You have an error in your SQL syntax; check the manual that corresponds to your MySQL server version for the right syntax to use near ')' at line 1
2017-10-20 17:05:36 | ::1 | /index.php/admin/content/movedata/pid-75.html |SQL语句错误: insert into f_zonglanmu(pid,fid,is_pass,is_best,add_time,href,name) select pid,0,is_pass,is_best,add_time,href,name from f_zonglanmu where id in ()语句 =>SQLSTATE[42000]: Syntax error or access violation: 1064 You have an error in your SQL syntax; check the manual that corresponds to your MySQL server version for the right syntax to use near ')' at line 1
2017-10-20 17:05:36 | ::1 | /index.php/admin/content/movedata/pid-75.html |SQL语句错误: insert into f_zonglanmu(pid,fid,is_pass,is_best,add_time,href,name) select pid,0,is_pass,is_best,add_time,href,name from f_zonglanmu where id in ()语句 =>SQLSTATE[42000]: Syntax error or access violation: 1064 You have an error in your SQL syntax; check the manual that corresponds to your MySQL server version for the right syntax to use near ')' at line 1
2017-10-20 17:05:37 | ::1 | /index.php/admin/content/movedata/pid-75.html |SQL语句错误: insert into f_zonglanmu(pid,fid,is_pass,is_best,add_time,href,name) select pid,0,is_pass,is_best,add_time,href,name from f_zonglanmu where id in ()语句 =>SQLSTATE[42000]: Syntax error or access violation: 1064 You have an error in your SQL syntax; check the manual that corresponds to your MySQL server version for the right syntax to use near ')' at line 1
2017-10-20 17:05:37 | ::1 | /index.php/admin/content/movedata/pid-75.html |SQL语句错误: insert into f_zonglanmu(pid,fid,is_pass,is_best,add_time,href,name) select pid,0,is_pass,is_best,add_time,href,name from f_zonglanmu where id in ()语句 =>SQLSTATE[42000]: Syntax error or access violation: 1064 You have an error in your SQL syntax; check the manual that corresponds to your MySQL server version for the right syntax to use near ')' at line 1
2017-10-20 17:05:37 | ::1 | /index.php/admin/content/movedata/pid-75.html |SQL语句错误: insert into f_zonglanmu(pid,fid,is_pass,is_best,add_time,href,name) select pid,0,is_pass,is_best,add_time,href,name from f_zonglanmu where id in ()语句 =>SQLSTATE[42000]: Syntax error or access violation: 1064 You have an error in your SQL syntax; check the manual that corresponds to your MySQL server version for the right syntax to use near ')' at line 1
2017-10-20 17:05:37 | ::1 | /index.php/admin/content/movedata/pid-75.html |SQL语句错误: insert into f_zonglanmu(pid,fid,is_pass,is_best,add_time,href,name) select pid,0,is_pass,is_best,add_time,href,name from f_zonglanmu where id in ()语句 =>SQLSTATE[42000]: Syntax error or access violation: 1064 You have an error in your SQL syntax; check the manual that corresponds to your MySQL server version for the right syntax to use near ')' at line 1
2017-10-20 17:05:37 | ::1 | /index.php/admin/content/movedata/pid-75.html |SQL语句错误: insert into f_zonglanmu(pid,fid,is_pass,is_best,add_time,href,name) select pid,0,is_pass,is_best,add_time,href,name from f_zonglanmu where id in ()语句 =>SQLSTATE[42000]: Syntax error or access violation: 1064 You have an error in your SQL syntax; check the manual that corresponds to your MySQL server version for the right syntax to use near ')' at line 1
2017-10-20 17:05:38 | ::1 | /index.php/admin/content/movedata/pid-75.html |SQL语句错误: insert into f_zonglanmu(pid,fid,is_pass,is_best,add_time,href,name) select pid,0,is_pass,is_best,add_time,href,name from f_zonglanmu where id in ()语句 =>SQLSTATE[42000]: Syntax error or access violation: 1064 You have an error in your SQL syntax; check the manual that corresponds to your MySQL server version for the right syntax to use near ')' at line 1
2017-10-20 17:05:38 | ::1 | /index.php/admin/content/movedata/pid-75.html |SQL语句错误: insert into f_zonglanmu(pid,fid,is_pass,is_best,add_time,href,name) select pid,0,is_pass,is_best,add_time,href,name from f_zonglanmu where id in ()语句 =>SQLSTATE[42000]: Syntax error or access violation: 1064 You have an error in your SQL syntax; check the manual that corresponds to your MySQL server version for the right syntax to use near ')' at line 1
2017-10-20 17:05:38 | ::1 | /index.php/admin/content/movedata/pid-75.html |SQL语句错误: insert into f_zonglanmu(pid,fid,is_pass,is_best,add_time,href,name) select pid,0,is_pass,is_best,add_time,href,name from f_zonglanmu where id in ()语句 =>SQLSTATE[42000]: Syntax error or access violation: 1064 You have an error in your SQL syntax; check the manual that corresponds to your MySQL server version for the right syntax to use near ')' at line 1
2017-10-20 17:05:38 | ::1 | /index.php/admin/content/movedata/pid-75.html |SQL语句错误: insert into f_zonglanmu(pid,fid,is_pass,is_best,add_time,href,name) select pid,0,is_pass,is_best,add_time,href,name from f_zonglanmu where id in ()语句 =>SQLSTATE[42000]: Syntax error or access violation: 1064 You have an error in your SQL syntax; check the manual that corresponds to your MySQL server version for the right syntax to use near ')' at line 1
2017-10-20 17:05:38 | ::1 | /index.php/admin/content/movedata/pid-75.html |SQL语句错误: insert into f_zonglanmu(pid,fid,is_pass,is_best,add_time,href,name) select pid,0,is_pass,is_best,add_time,href,name from f_zonglanmu where id in ()语句 =>SQLSTATE[42000]: Syntax error or access violation: 1064 You have an error in your SQL syntax; check the manual that corresponds to your MySQL server version for the right syntax to use near ')' at line 1
2017-10-20 17:05:38 | ::1 | /index.php/admin/content/movedata/pid-75.html |SQL语句错误: insert into f_zonglanmu(pid,fid,is_pass,is_best,add_time,href,name) select pid,0,is_pass,is_best,add_time,href,name from f_zonglanmu where id in ()语句 =>SQLSTATE[42000]: Syntax error or access violation: 1064 You have an error in your SQL syntax; check the manual that corresponds to your MySQL server version for the right syntax to use near ')' at line 1
2017-10-20 17:05:39 | ::1 | /index.php/admin/content/movedata/pid-75.html |SQL语句错误: insert into f_zonglanmu(pid,fid,is_pass,is_best,add_time,href,name) select pid,0,is_pass,is_best,add_time,href,name from f_zonglanmu where id in ()语句 =>SQLSTATE[42000]: Syntax error or access violation: 1064 You have an error in your SQL syntax; check the manual that corresponds to your MySQL server version for the right syntax to use near ')' at line 1
2017-10-20 17:05:39 | ::1 | /index.php/admin/content/movedata/pid-75.html |SQL语句错误: insert into f_zonglanmu(pid,fid,is_pass,is_best,add_time,href,name) select pid,0,is_pass,is_best,add_time,href,name from f_zonglanmu where id in ()语句 =>SQLSTATE[42000]: Syntax error or access violation: 1064 You have an error in your SQL syntax; check the manual that corresponds to your MySQL server version for the right syntax to use near ')' at line 1
2017-10-20 17:05:39 | ::1 | /index.php/admin/content/movedata/pid-75.html |SQL语句错误: insert into f_zonglanmu(pid,fid,is_pass,is_best,add_time,href,name) select pid,0,is_pass,is_best,add_time,href,name from f_zonglanmu where id in ()语句 =>SQLSTATE[42000]: Syntax error or access violation: 1064 You have an error in your SQL syntax; check the manual that corresponds to your MySQL server version for the right syntax to use near ')' at line 1
2017-10-20 19:40:17 | ::1 | /index.php/public/uploads/201709/201709281344311453186.jpg |default应用里:controller\public_controller.php不存在
2017-10-20 19:40:17 | ::1 | /index.php/public/uploads/201709/201709281344207151519.jpg |default应用里:controller\public_controller.php不存在
2017-10-20 19:40:17 | ::1 | /index.php/public/uploads/201709/201709281344444006683.jpg |default应用里:controller\public_controller.php不存在
2017-10-20 19:40:17 | ::1 | /index.php/public/uploads/201709/201709281344311453186.jpg |default应用里:controller\public_controller.php不存在
2017-10-20 19:40:17 | ::1 | /index.php/public/admin/images/preview_two404.png |default应用里:controller\public_controller.php不存在
2017-10-20 19:40:17 | ::1 | /index.php/public/admin/images/preview_two404.png |default应用里:controller\public_controller.php不存在
2017-10-20 19:40:17 | ::1 | /index.php/public/admin/images/preview_two404.png |default应用里:controller\public_controller.php不存在
2017-10-20 19:40:18 | ::1 | /index.php/public/admin/images/preview_two404.png |default应用里:controller\public_controller.php不存在
2017-10-20 19:40:18 | ::1 | /index.php/public/admin/images/preview_two404.png |default应用里:controller\public_controller.php不存在
2017-10-20 19:40:18 | ::1 | /index.php/public/admin/images/preview_two404.png |default应用里:controller\public_controller.php不存在
2017-10-20 19:40:18 | ::1 | /index.php/public/admin/images/preview_two404.png |default应用里:controller\public_controller.php不存在
2017-10-20 19:40:18 | ::1 | /index.php/public/admin/images/preview_two404.png |default应用里:controller\public_controller.php不存在
2017-10-20 19:40:18 | ::1 | /index.php/public/admin/images/preview_two404.png |default应用里:controller\public_controller.php不存在
2017-10-20 19:40:18 | ::1 | /index.php/public/admin/images/preview_two404.png |default应用里:controller\public_controller.php不存在
2017-10-20 19:40:18 | ::1 | /index.php/public/admin/images/preview_two404.png |default应用里:controller\public_controller.php不存在
2017-10-20 19:40:18 | ::1 | /index.php/public/admin/images/preview_two404.png |default应用里:controller\public_controller.php不存在
2017-10-20 19:40:18 | ::1 | /index.php/public/admin/images/preview_two404.png |default应用里:controller\public_controller.php不存在
2017-10-20 19:40:18 | ::1 | /index.php/public/admin/images/preview_two404.png |default应用里:controller\public_controller.php不存在
2017-10-20 19:40:18 | ::1 | /index.php/public/admin/images/preview_two404.png |default应用里:controller\public_controller.php不存在
2017-10-20 19:40:18 | ::1 | /index.php/public/admin/images/preview_two404.png |default应用里:controller\public_controller.php不存在
2017-10-20 19:40:18 | ::1 | /index.php/public/admin/images/preview_two404.png |default应用里:controller\public_controller.php不存在
2017-10-20 19:40:18 | ::1 | /index.php/public/admin/images/preview_two404.png |default应用里:controller\public_controller.php不存在
2017-10-20 19:40:18 | ::1 | /index.php/public/admin/images/preview_two404.png |default应用里:controller\public_controller.php不存在
2017-10-20 19:40:18 | ::1 | /index.php/public/admin/images/preview_two404.png |default应用里:controller\public_controller.php不存在
2017-10-20 19:40:19 | ::1 | /index.php/public/admin/images/preview_two404.png |default应用里:controller\public_controller.php不存在
2017-10-20 19:40:19 | ::1 | /index.php/public/admin/images/preview_two404.png |default应用里:controller\public_controller.php不存在
2017-10-20 19:40:19 | ::1 | /index.php/public/admin/images/preview_two404.png |default应用里:controller\public_controller.php不存在
2017-10-20 19:40:19 | ::1 | /index.php/public/admin/images/preview_two404.png |default应用里:controller\public_controller.php不存在
2017-10-20 19:40:19 | ::1 | /index.php/public/admin/images/preview_two404.png |default应用里:controller\public_controller.php不存在
2017-10-20 19:40:19 | ::1 | /index.php/public/admin/images/preview_two404.png |default应用里:controller\public_controller.php不存在
2017-10-20 19:40:19 | ::1 | /index.php/public/admin/images/preview_two404.png |default应用里:controller\public_controller.php不存在
2017-10-20 19:40:19 | ::1 | /index.php/public/admin/images/preview_two404.png |default应用里:controller\public_controller.php不存在
2017-10-20 19:40:19 | ::1 | /index.php/public/admin/images/preview_two404.png |default应用里:controller\public_controller.php不存在
2017-10-20 19:40:19 | ::1 | /index.php/public/admin/images/preview_two404.png |default应用里:controller\public_controller.php不存在
2017-10-20 19:40:19 | ::1 | /index.php/public/admin/images/preview_two404.png |default应用里:controller\public_controller.php不存在
2017-10-20 19:40:19 | ::1 | /index.php/public/admin/images/preview_two404.png |default应用里:controller\public_controller.php不存在
2017-10-20 19:40:19 | ::1 | /index.php/public/admin/images/preview_two404.png |default应用里:controller\public_controller.php不存在
2017-10-20 19:40:19 | ::1 | /index.php/public/admin/images/preview_two404.png |default应用里:controller\public_controller.php不存在
2017-10-20 19:40:19 | ::1 | /index.php/public/admin/images/preview_two404.png |default应用里:controller\public_controller.php不存在
2017-10-20 19:40:19 | ::1 | /index.php/public/admin/images/preview_two404.png |default应用里:controller\public_controller.php不存在
2017-10-20 19:40:19 | ::1 | /index.php/public/admin/images/preview_two404.png |default应用里:controller\public_controller.php不存在
2017-10-20 19:40:19 | ::1 | /index.php/public/admin/images/preview_two404.png |default应用里:controller\public_controller.php不存在
2017-10-20 19:40:19 | ::1 | /index.php/public/admin/images/preview_two404.png |default应用里:controller\public_controller.php不存在
2017-10-20 19:40:19 | ::1 | /index.php/public/admin/images/preview_two404.png |default应用里:controller\public_controller.php不存在
2017-10-20 19:40:20 | ::1 | /index.php/public/admin/images/preview_two404.png |default应用里:controller\public_controller.php不存在
2017-10-20 19:40:20 | ::1 | /index.php/public/admin/images/preview_two404.png |default应用里:controller\public_controller.php不存在
2017-10-20 19:40:20 | ::1 | /index.php/public/admin/images/preview_two404.png |default应用里:controller\public_controller.php不存在
2017-10-20 19:40:20 | ::1 | /index.php/public/admin/images/preview_two404.png |default应用里:controller\public_controller.php不存在
2017-10-20 19:40:20 | ::1 | /index.php/public/admin/images/preview_two404.png |default应用里:controller\public_controller.php不存在
2017-10-20 19:40:20 | ::1 | /index.php/public/admin/images/preview_two404.png |default应用里:controller\public_controller.php不存在
2017-10-20 19:40:20 | ::1 | /index.php/public/admin/images/preview_two404.png |default应用里:controller\public_controller.php不存在
2017-10-20 19:40:20 | ::1 | /index.php/public/admin/images/preview_two404.png |default应用里:controller\public_controller.php不存在
2017-10-20 19:40:20 | ::1 | /index.php/public/admin/images/preview_two404.png |default应用里:controller\public_controller.php不存在
2017-10-20 19:40:20 | ::1 | /index.php/public/admin/images/preview_two404.png |default应用里:controller\public_controller.php不存在
2017-10-20 19:40:20 | ::1 | /index.php/public/admin/images/preview_two404.png |default应用里:controller\public_controller.php不存在
2017-10-20 19:40:20 | ::1 | /index.php/public/admin/images/preview_two404.png |default应用里:controller\public_controller.php不存在
2017-10-20 19:40:20 | ::1 | /index.php/public/admin/images/preview_two404.png |default应用里:controller\public_controller.php不存在
2017-10-20 19:40:20 | ::1 | /index.php/public/admin/images/preview_two404.png |default应用里:controller\public_controller.php不存在
2017-10-20 19:40:20 | ::1 | /index.php/public/admin/images/preview_two404.png |default应用里:controller\public_controller.php不存在
2017-10-20 19:40:20 | ::1 | /index.php/public/admin/images/preview_two404.png |default应用里:controller\public_controller.php不存在
2017-10-20 19:40:20 | ::1 | /index.php/public/admin/images/preview_two404.png |default应用里:controller\public_controller.php不存在
2017-10-20 19:40:20 | ::1 | /index.php/public/admin/images/preview_two404.png |default应用里:controller\public_controller.php不存在
2017-10-20 19:40:20 | ::1 | /index.php/public/admin/images/preview_two404.png |default应用里:controller\public_controller.php不存在
2017-10-20 19:40:20 | ::1 | /index.php/public/admin/images/preview_two404.png |default应用里:controller\public_controller.php不存在
2017-10-20 19:40:20 | ::1 | /index.php/public/admin/images/preview_two404.png |default应用里:controller\public_controller.php不存在
2017-10-20 19:40:20 | ::1 | /index.php/public/admin/images/preview_two404.png |default应用里:controller\public_controller.php不存在
2017-10-20 19:40:20 | ::1 | /index.php/public/admin/images/preview_two404.png |default应用里:controller\public_controller.php不存在
2017-10-20 19:40:21 | ::1 | /index.php/public/admin/images/preview_two404.png |default应用里:controller\public_controller.php不存在
2017-10-20 19:40:21 | ::1 | /index.php/public/admin/images/preview_two404.png |default应用里:controller\public_controller.php不存在
2017-10-20 19:40:21 | ::1 | /index.php/public/admin/images/preview_two404.png |default应用里:controller\public_controller.php不存在
2017-10-20 19:40:21 | ::1 | /index.php/public/admin/images/preview_two404.png |default应用里:controller\public_controller.php不存在
2017-10-20 19:40:21 | ::1 | /index.php/public/admin/images/preview_two404.png |default应用里:controller\public_controller.php不存在
2017-10-20 19:40:21 | ::1 | /index.php/public/admin/images/preview_two404.png |default应用里:controller\public_controller.php不存在
2017-10-20 19:40:21 | ::1 | /index.php/public/admin/images/preview_two404.png |default应用里:controller\public_controller.php不存在
2017-10-20 19:40:21 | ::1 | /index.php/public/admin/images/preview_two404.png |default应用里:controller\public_controller.php不存在
2017-10-20 19:40:21 | ::1 | /index.php/public/admin/images/preview_two404.png |default应用里:controller\public_controller.php不存在
2017-10-20 19:40:21 | ::1 | /index.php/public/admin/images/preview_two404.png |default应用里:controller\public_controller.php不存在
2017-10-20 19:40:21 | ::1 | /index.php/public/admin/images/preview_two404.png |default应用里:controller\public_controller.php不存在
2017-10-20 19:40:21 | ::1 | /index.php/public/admin/images/preview_two404.png |default应用里:controller\public_controller.php不存在
2017-10-20 19:40:21 | ::1 | /index.php/public/admin/images/preview_two404.png |default应用里:controller\public_controller.php不存在
2017-10-20 19:40:21 | ::1 | /index.php/public/admin/images/preview_two404.png |default应用里:controller\public_controller.php不存在
2017-10-20 19:40:21 | ::1 | /index.php/public/admin/images/preview_two404.png |default应用里:controller\public_controller.php不存在
2017-10-20 19:40:21 | ::1 | /index.php/public/admin/images/preview_two404.png |default应用里:controller\public_controller.php不存在
2017-10-20 19:40:21 | ::1 | /index.php/public/admin/images/preview_two404.png |default应用里:controller\public_controller.php不存在
2017-10-20 19:40:21 | ::1 | /index.php/public/admin/images/preview_two404.png |default应用里:controller\public_controller.php不存在
2017-10-20 19:40:21 | ::1 | /index.php/public/admin/images/preview_two404.png |default应用里:controller\public_controller.php不存在
2017-10-20 19:40:21 | ::1 | /index.php/public/admin/images/preview_two404.png |default应用里:controller\public_controller.php不存在
2017-10-20 19:40:21 | ::1 | /index.php/public/admin/images/preview_two404.png |default应用里:controller\public_controller.php不存在
2017-10-20 19:40:21 | ::1 | /index.php/public/admin/images/preview_two404.png |default应用里:controller\public_controller.php不存在
2017-10-20 19:40:21 | ::1 | /index.php/public/admin/images/preview_two404.png |default应用里:controller\public_controller.php不存在
2017-10-20 19:40:22 | ::1 | /index.php/public/admin/images/preview_two404.png |default应用里:controller\public_controller.php不存在
2017-10-20 19:40:22 | ::1 | /index.php/public/admin/images/preview_two404.png |default应用里:controller\public_controller.php不存在
2017-10-20 19:40:22 | ::1 | /index.php/public/admin/images/preview_two404.png |default应用里:controller\public_controller.php不存在
2017-10-20 19:40:22 | ::1 | /index.php/public/admin/images/preview_two404.png |default应用里:controller\public_controller.php不存在
2017-10-20 19:40:22 | ::1 | /index.php/public/admin/images/preview_two404.png |default应用里:controller\public_controller.php不存在
2017-10-20 19:40:22 | ::1 | /index.php/public/admin/images/preview_two404.png |default应用里:controller\public_controller.php不存在
2017-10-20 19:40:22 | ::1 | /index.php/public/admin/images/preview_two404.png |default应用里:controller\public_controller.php不存在
2017-10-20 19:40:22 | ::1 | /index.php/public/admin/images/preview_two404.png |default应用里:controller\public_controller.php不存在
2017-10-20 19:40:22 | ::1 | /index.php/public/admin/images/preview_two404.png |default应用里:controller\public_controller.php不存在
2017-10-20 19:40:22 | ::1 | /index.php/public/admin/images/preview_two404.png |default应用里:controller\public_controller.php不存在
2017-10-20 19:40:22 | ::1 | /index.php/public/admin/images/preview_two404.png |default应用里:controller\public_controller.php不存在
2017-10-20 19:40:22 | ::1 | /index.php/public/admin/images/preview_two404.png |default应用里:controller\public_controller.php不存在
2017-10-20 19:40:22 | ::1 | /index.php/public/admin/images/preview_two404.png |default应用里:controller\public_controller.php不存在
2017-10-20 19:40:22 | ::1 | /index.php/public/admin/images/preview_two404.png |default应用里:controller\public_controller.php不存在
2017-10-20 19:40:25 | ::1 | /index.php/public/uploads/201709/201709281344311453186.jpg |default应用里:controller\public_controller.php不存在
2017-10-20 19:40:25 | ::1 | /index.php/public/uploads/201709/201709281344207151519.jpg |default应用里:controller\public_controller.php不存在
2017-10-20 19:40:25 | ::1 | /index.php/public/uploads/201709/201709281344444006683.jpg |default应用里:controller\public_controller.php不存在
2017-10-20 19:40:25 | ::1 | /index.php/public/uploads/201709/201709281344311453186.jpg |default应用里:controller\public_controller.php不存在
2017-10-20 19:40:25 | ::1 | /index.php/public/admin/images/preview_two404.png |default应用里:controller\public_controller.php不存在
2017-10-20 19:40:25 | ::1 | /index.php/public/admin/images/preview_two404.png |default应用里:controller\public_controller.php不存在
2017-10-20 19:40:25 | ::1 | /index.php/public/admin/images/preview_two404.png |default应用里:controller\public_controller.php不存在
2017-10-20 19:40:26 | ::1 | /index.php/public/admin/images/preview_two404.png |default应用里:controller\public_controller.php不存在
2017-10-20 19:40:26 | ::1 | /index.php/public/admin/images/preview_two404.png |default应用里:controller\public_controller.php不存在
2017-10-20 19:40:26 | ::1 | /index.php/public/admin/images/preview_two404.png |default应用里:controller\public_controller.php不存在
2017-10-20 19:40:26 | ::1 | /index.php/public/admin/images/preview_two404.png |default应用里:controller\public_controller.php不存在
2017-10-20 19:40:26 | ::1 | /index.php/public/admin/images/preview_two404.png |default应用里:controller\public_controller.php不存在
2017-10-20 19:40:26 | ::1 | /index.php/public/admin/images/preview_two404.png |default应用里:controller\public_controller.php不存在
2017-10-20 19:40:26 | ::1 | /index.php/public/admin/images/preview_two404.png |default应用里:controller\public_controller.php不存在
2017-10-20 19:40:26 | ::1 | /index.php/public/admin/images/preview_two404.png |default应用里:controller\public_controller.php不存在
2017-10-20 19:40:26 | ::1 | /index.php/public/admin/images/preview_two404.png |default应用里:controller\public_controller.php不存在
2017-10-20 19:40:26 | ::1 | /index.php/public/admin/images/preview_two404.png |default应用里:controller\public_controller.php不存在
2017-10-20 19:40:26 | ::1 | /index.php/public/admin/images/preview_two404.png |default应用里:controller\public_controller.php不存在
2017-10-20 19:40:26 | ::1 | /index.php/public/admin/images/preview_two404.png |default应用里:controller\public_controller.php不存在
2017-10-20 19:40:26 | ::1 | /index.php/public/admin/images/preview_two404.png |default应用里:controller\public_controller.php不存在
2017-10-20 19:40:26 | ::1 | /index.php/public/admin/images/preview_two404.png |default应用里:controller\public_controller.php不存在
2017-10-20 19:40:26 | ::1 | /index.php/public/admin/images/preview_two404.png |default应用里:controller\public_controller.php不存在
2017-10-20 19:40:26 | ::1 | /index.php/public/admin/images/preview_two404.png |default应用里:controller\public_controller.php不存在
2017-10-20 19:40:26 | ::1 | /index.php/public/admin/images/preview_two404.png |default应用里:controller\public_controller.php不存在
2017-10-20 19:40:26 | ::1 | /index.php/public/admin/images/preview_two404.png |default应用里:controller\public_controller.php不存在
2017-10-20 19:40:27 | ::1 | /index.php/public/admin/images/preview_two404.png |default应用里:controller\public_controller.php不存在
2017-10-20 19:40:27 | ::1 | /index.php/public/admin/images/preview_two404.png |default应用里:controller\public_controller.php不存在
2017-10-20 19:40:27 | ::1 | /index.php/public/admin/images/preview_two404.png |default应用里:controller\public_controller.php不存在
2017-10-20 19:40:27 | ::1 | /index.php/public/admin/images/preview_two404.png |default应用里:controller\public_controller.php不存在
2017-10-20 19:40:27 | ::1 | /index.php/public/admin/images/preview_two404.png |default应用里:controller\public_controller.php不存在
2017-10-20 19:40:27 | ::1 | /index.php/public/admin/images/preview_two404.png |default应用里:controller\public_controller.php不存在
2017-10-20 19:40:27 | ::1 | /index.php/public/admin/images/preview_two404.png |default应用里:controller\public_controller.php不存在
2017-10-20 19:40:27 | ::1 | /index.php/public/admin/images/preview_two404.png |default应用里:controller\public_controller.php不存在
2017-10-20 19:40:27 | ::1 | /index.php/public/admin/images/preview_two404.png |default应用里:controller\public_controller.php不存在
2017-10-20 19:40:27 | ::1 | /index.php/public/admin/images/preview_two404.png |default应用里:controller\public_controller.php不存在
2017-10-20 19:40:27 | ::1 | /index.php/public/admin/images/preview_two404.png |default应用里:controller\public_controller.php不存在
2017-10-20 19:40:27 | ::1 | /index.php/public/admin/images/preview_two404.png |default应用里:controller\public_controller.php不存在
2017-10-20 19:40:27 | ::1 | /index.php/public/admin/images/preview_two404.png |default应用里:controller\public_controller.php不存在
2017-10-20 19:40:27 | ::1 | /index.php/public/admin/images/preview_two404.png |default应用里:controller\public_controller.php不存在
2017-10-20 19:40:27 | ::1 | /index.php/public/admin/images/preview_two404.png |default应用里:controller\public_controller.php不存在
2017-10-20 19:40:27 | ::1 | /index.php/public/admin/images/preview_two404.png |default应用里:controller\public_controller.php不存在
2017-10-20 19:40:27 | ::1 | /index.php/public/admin/images/preview_two404.png |default应用里:controller\public_controller.php不存在
2017-10-20 19:40:27 | ::1 | /index.php/public/admin/images/preview_two404.png |default应用里:controller\public_controller.php不存在
2017-10-20 19:40:27 | ::1 | /index.php/public/admin/images/preview_two404.png |default应用里:controller\public_controller.php不存在
2017-10-20 19:40:28 | ::1 | /index.php/public/admin/images/preview_two404.png |default应用里:controller\public_controller.php不存在
2017-10-20 19:40:28 | ::1 | /index.php/public/admin/images/preview_two404.png |default应用里:controller\public_controller.php不存在
2017-10-20 19:40:28 | ::1 | /index.php/public/admin/images/preview_two404.png |default应用里:controller\public_controller.php不存在
2017-10-20 19:40:28 | ::1 | /index.php/public/admin/images/preview_two404.png |default应用里:controller\public_controller.php不存在
2017-10-20 19:40:28 | ::1 | /index.php/public/admin/images/preview_two404.png |default应用里:controller\public_controller.php不存在
2017-10-20 19:40:28 | ::1 | /index.php/public/admin/images/preview_two404.png |default应用里:controller\public_controller.php不存在
2017-10-20 19:40:28 | ::1 | /index.php/public/admin/images/preview_two404.png |default应用里:controller\public_controller.php不存在
2017-10-20 19:40:28 | ::1 | /index.php/public/admin/images/preview_two404.png |default应用里:controller\public_controller.php不存在
2017-10-20 19:40:28 | ::1 | /index.php/public/admin/images/preview_two404.png |default应用里:controller\public_controller.php不存在
2017-10-20 19:40:28 | ::1 | /index.php/public/admin/images/preview_two404.png |default应用里:controller\public_controller.php不存在
2017-10-20 19:40:28 | ::1 | /index.php/public/admin/images/preview_two404.png |default应用里:controller\public_controller.php不存在
2017-10-20 19:40:28 | ::1 | /index.php/public/admin/images/preview_two404.png |default应用里:controller\public_controller.php不存在
2017-10-20 19:40:28 | ::1 | /index.php/public/admin/images/preview_two404.png |default应用里:controller\public_controller.php不存在
2017-10-20 19:40:28 | ::1 | /index.php/public/admin/images/preview_two404.png |default应用里:controller\public_controller.php不存在
2017-10-20 19:40:28 | ::1 | /index.php/public/admin/images/preview_two404.png |default应用里:controller\public_controller.php不存在
2017-10-20 19:40:28 | ::1 | /index.php/public/admin/images/preview_two404.png |default应用里:controller\public_controller.php不存在
2017-10-20 19:40:28 | ::1 | /index.php/public/admin/images/preview_two404.png |default应用里:controller\public_controller.php不存在
2017-10-20 19:40:28 | ::1 | /index.php/public/admin/images/preview_two404.png |default应用里:controller\public_controller.php不存在
2017-10-20 19:40:28 | ::1 | /index.php/public/admin/images/preview_two404.png |default应用里:controller\public_controller.php不存在
2017-10-20 19:40:28 | ::1 | /index.php/public/admin/images/preview_two404.png |default应用里:controller\public_controller.php不存在
2017-10-20 19:40:28 | ::1 | /index.php/public/admin/images/preview_two404.png |default应用里:controller\public_controller.php不存在
2017-10-20 19:40:28 | ::1 | /index.php/public/admin/images/preview_two404.png |default应用里:controller\public_controller.php不存在
2017-10-20 19:40:29 | ::1 | /index.php/public/admin/images/preview_two404.png |default应用里:controller\public_controller.php不存在
2017-10-20 19:40:29 | ::1 | /index.php/public/admin/images/preview_two404.png |default应用里:controller\public_controller.php不存在
2017-10-20 19:42:26 | ::1 | /index.php/public/uploads/201709/201709182210376979034.png |default应用里:controller\public_controller.php不存在
2017-10-20 19:42:26 | ::1 | /index.php/public/uploads/201709/201709190934208884338.png |default应用里:controller\public_controller.php不存在
2017-10-20 19:42:26 | ::1 | /index.php/public/uploads/201709/201709280949108441040.png |default应用里:controller\public_controller.php不存在
2017-10-20 19:42:26 | ::1 | /index.php/public/uploads/201709/201709280949212326873.png |default应用里:controller\public_controller.php不存在
2017-10-20 19:42:26 | ::1 | /index.php/public/uploads/201710/201710121022093519439.png |default应用里:controller\public_controller.php不存在
2017-10-20 19:42:26 | ::1 | /index.php/public/uploads/201709/201709280949108441040.png |default应用里:controller\public_controller.php不存在
2017-10-20 19:42:31 | ::1 | /index.php/public/uploads/201709/201709182210376979034.png |default应用里:controller\public_controller.php不存在
2017-10-20 19:42:31 | ::1 | /index.php/public/uploads/201709/201709190934208884338.png |default应用里:controller\public_controller.php不存在
2017-10-20 19:42:31 | ::1 | /index.php/public/uploads/201709/201709280949108441040.png |default应用里:controller\public_controller.php不存在
2017-10-20 19:42:31 | ::1 | /index.php/public/uploads/201709/201709280949212326873.png |default应用里:controller\public_controller.php不存在
2017-10-20 19:42:31 | ::1 | /index.php/public/uploads/201710/201710121022093519439.png |default应用里:controller\public_controller.php不存在
2017-10-20 19:42:32 | ::1 | /index.php/public/uploads/201709/201709280949108441040.png |default应用里:controller\public_controller.php不存在
2017-10-20 19:43:07 | ::1 | /index.php/public/uploads/201709/201709182210376979034.png |default应用里:controller\public_controller.php不存在
2017-10-20 19:43:07 | ::1 | /index.php/public/uploads/201709/201709190934208884338.png |default应用里:controller\public_controller.php不存在
2017-10-20 19:43:07 | ::1 | /index.php/public/uploads/201709/201709280949108441040.png |default应用里:controller\public_controller.php不存在
2017-10-20 19:43:07 | ::1 | /index.php/public/uploads/201709/201709280949212326873.png |default应用里:controller\public_controller.php不存在
2017-10-20 19:43:07 | ::1 | /index.php/public/uploads/201710/201710121022093519439.png |default应用里:controller\public_controller.php不存在
2017-10-20 19:43:07 | ::1 | /index.php/public/uploads/201709/201709280949108441040.png |default应用里:controller\public_controller.php不存在
2017-10-20 19:43:13 | ::1 | /index.php/public/uploads/201709/201709280949108441040.png |default应用里:controller\public_controller.php不存在
2017-10-20 19:43:13 | ::1 | /index.php/public/uploads/201710/201710121022093519439.png |default应用里:controller\public_controller.php不存在
2017-10-20 19:43:16 | ::1 | /index.php/public/uploads/201709/201709281037598190826.jpg |default应用里:controller\public_controller.php不存在
2017-10-20 19:43:16 | ::1 | /index.php/public/uploads/201709/201709280949108441040.png |default应用里:controller\public_controller.php不存在
2017-10-20 19:43:16 | ::1 | /index.php/public/uploads/201710/201710121022093519439.png |default应用里:controller\public_controller.php不存在
2017-10-20 19:43:16 | ::1 | /index.php/public/uploads/201709/201709281038263436767.jpg |default应用里:controller\public_controller.php不存在
2017-10-20 19:43:16 | ::1 | /index.php/public/uploads/201709/201709281038095612609.jpg |default应用里:controller\public_controller.php不存在
2017-10-20 19:43:16 | ::1 | /index.php/public/uploads/201709/201709281037598190826.jpg |default应用里:controller\public_controller.php不存在
